Report 'design': Design Report
Generated on 토 6월 13 19:46:19 2026
  
--------------------------
|  Hierarchy Statistics  |
|----------------+-------|
|                | Count | 
|----------------+-------|
| Hier Cells     | 5     | 
|----------------+-------|
| Constant Cells | 1     | 
|----------------+-------|
| Spare Cells    | 0     | 
|----------------+-------|
| Clock Cells    | 103   | 
|----------------+-------|
| Scan Cells     | N/A   | 
|----------------+-------|
| Leaf Cells     | 4291  | 
|----------------+-------|
| Unplaced Cells | 0     | 
--------------------------


  
---------------------------------------
|        Leaf Cells Statistics        |
|----------------+-------+------------|
|                | Count | Percentage | 
|----------------+-------+------------|
| Buffers        | 133   | 3.09       | 
|----------------+-------+------------|
| Inverters      | 307   | 7.15       | 
|----------------+-------+------------|
| Registers      | 1077  | 25.09      | 
|----------------+-------+------------|
| Latches        | 0     | 0          | 
|----------------+-------+------------|
| Complex Cells  | 1909  | 44.48      | 
|----------------+-------+------------|
| Filler Cells   | 0     | 0          | 
|----------------+-------+------------|
| Physical Cells | 0     | 0          | 
|----------------+-------+------------|
| Logical Cells  | 4291  | 100        | 
---------------------------------------


  
--------------------------------------------------------------
|                 Placement Area Statistics                  |
|--------------------+---------------------+-----------------|
|                    | Area (micro (e-12)) | Utilization (%) | 
|--------------------+---------------------+-----------------|
| Standard Cells     | 329071              | 55.28           | 
|--------------------+---------------------+-----------------|
| Buffers, Inverters | 10553.9             | 1.77            | 
|--------------------+---------------------+-----------------|
| Filler Cells       | 0                   | 0               | 
|--------------------+---------------------+-----------------|
| Physical Cells     | 0                   | 0               | 
|--------------------+---------------------+-----------------|
| Placeable Row Area | 595269              | 100             | 
--------------------------------------------------------------


  
----------------------------------------
|         Flat Nets Statistics         |
|-----------------+-------+------------|
|                 | Count | Percentage | 
|-----------------+-------+------------|
| All             | 4517  | 100        | 
|-----------------+-------+------------|
| Orphaned        | 227   | 5.02       | 
|-----------------+-------+------------|
| Multi Driver    | 0     | 0          | 
|-----------------+-------+------------|
| 1 Fanout        | 2291  | 50.71      | 
|-----------------+-------+------------|
| 2 Fanouts       | 1472  | 32.58      | 
|-----------------+-------+------------|
| 3-30 Fanouts    | 505   | 11.17      | 
|-----------------+-------+------------|
| 30-127 Fanouts  | 22    | 0.48       | 
|-----------------+-------+------------|
| 128-500 Fanouts | 0     | 0          | 
|-----------------+-------+------------|
| > 500 Fanouts   | 0     | 0          | 
----------------------------------------


