 Timing Path to u_gemm/u_mac/c_wdata_reg[31]/DATA 
  
 Path Start Point : u_gemm/u_mmio_r_n_reg[1] (DFF) 
                       (rising edge-triggered flip-flop clocked by clk) 
 Path End Point   : u_gemm/u_mac/c_wdata_reg[31] (DFF) 
                       (rising edge-triggered flip-flop clocked by clk) 
 Mode             : default 
 Corner           : slow 
 Path Type        : max 
 Path Group       : clk 


--------------------------------------------------------------------------------------------
| Pin                               | Cell  | Edge | Arrival | Delay  | Slew   | Total Cap | 
|-----------------------------------+-------+------+---------+--------+--------+-----------|
| u_gemm/u_mmio_r_n_reg[1]/CLK      | DFF   | Rise |   896.0 |  896.0 | 315.0  |           | 
|-----------------------------------+-------+------+---------+--------+--------+-----------|
| u_gemm/u_mmio_r_n_reg[1]/Q        | DFF   | Rise |  2565.0 | 1669.0 | 1208.0 | 348.061   | 
|-----------------------------------+-------+------+---------+--------+--------+-----------|
| u_gemm/u_mac/n_dim[1]             |       | Rise |  2565.0 |    0.0 |        |           | 
|-----------------------------------+-------+------+---------+--------+--------+-----------|
| u_gemm/u_mac/i_0_26/B             | NAND3 | Rise |  2631.0 |   66.0 | 1207.0 |           | 
|-----------------------------------+-------+------+---------+--------+--------+-----------|
| u_gemm/u_mac/i_0_26/Z             | NAND3 | Fall |  3075.0 |  444.0 | 368.0  | 32.1287   | 
|-----------------------------------+-------+------+---------+--------+--------+-----------|
| u_gemm/u_mac/i_0_25/B             | NAND2 | Fall |  3076.0 |    1.0 | 368.0  |           | 
|-----------------------------------+-------+------+---------+--------+--------+-----------|
| u_gemm/u_mac/i_0_25/Z             | NAND2 | Rise |  3273.0 |  197.0 | 122.0  | 18.7716   | 
|-----------------------------------+-------+------+---------+--------+--------+-----------|
| u_gemm/u_mac/i_0_24/B             | XNOR2 | Rise |  3273.0 |    0.0 | 122.0  |           | 
|-----------------------------------+-------+------+---------+--------+--------+-----------|
| u_gemm/u_mac/i_0_24/Z             | XNOR2 | Fall |  3631.0 |  358.0 | 101.0  | 35.0663   | 
|-----------------------------------+-------+------+---------+--------+--------+-----------|
| u_gemm/u_mac/i_0_22/B             | XNOR2 | Fall |  3632.0 |    1.0 | 101.0  |           | 
|-----------------------------------+-------+------+---------+--------+--------+-----------|
| u_gemm/u_mac/i_0_22/Z             | XNOR2 | Fall |  3995.0 |  363.0 | 101.0  | 35.8965   | 
|-----------------------------------+-------+------+---------+--------+--------+-----------|
| u_gemm/u_mac/i_0_3/A              | XOR2  | Fall |  3996.0 |    1.0 | 101.0  |           | 
|-----------------------------------+-------+------+---------+--------+--------+-----------|
| u_gemm/u_mac/i_0_3/Z              | XOR2  | Rise |  4846.0 |  850.0 | 775.0  | 112.566   | 
|-----------------------------------+-------+------+---------+--------+--------+-----------|
| u_gemm/u_mac/b_raddr[2]           |       | Rise |  4846.0 |    0.0 |        |           | 
|-----------------------------------+-------+------+---------+--------+--------+-----------|
| u_gemm/u_buf/b_raddr[2]           |       | Rise |  4846.0 |    0.0 |        |           | 
|-----------------------------------+-------+------+---------+--------+--------+-----------|
| u_gemm/u_buf/i_1_18_97/B          | NAND2 | Rise |  4959.0 |  113.0 | 775.0  |           | 
|-----------------------------------+-------+------+---------+--------+--------+-----------|
| u_gemm/u_buf/i_1_18_97/Z          | NAND2 | Fall |  5245.0 |  286.0 | 233.0  | 53.3681   | 
|-----------------------------------+-------+------+---------+--------+--------+-----------|
| u_gemm/u_buf/i_1_18_95/C          | NOR3  | Fall |  5246.0 |    1.0 | 233.0  |           | 
|-----------------------------------+-------+------+---------+--------+--------+-----------|
| u_gemm/u_buf/i_1_18_95/Z          | NOR3  | Rise |  6422.0 | 1176.0 | 1012.0 | 96.6072   | 
|-----------------------------------+-------+------+---------+--------+--------+-----------|
| u_gemm/u_buf/i_1_18_30/C          | AOI22 | Rise |  6544.0 |  122.0 | 1012.0 |           | 
|-----------------------------------+-------+------+---------+--------+--------+-----------|
| u_gemm/u_buf/i_1_18_30/Z          | AOI22 | Fall |  6887.0 |  343.0 | 362.0  | 33.7397   | 
|-----------------------------------+-------+------+---------+--------+--------+-----------|
| u_gemm/u_buf/i_1_18_26/D          | NAND4 | Fall |  6903.0 |   16.0 | 362.0  |           | 
|-----------------------------------+-------+------+---------+--------+--------+-----------|
| u_gemm/u_buf/i_1_18_26/Z          | NAND4 | Rise |  7153.0 |  250.0 | 171.0  | 23.0157   | 
|-----------------------------------+-------+------+---------+--------+--------+-----------|
| u_gemm/u_buf/i_1_18_25/B          | NOR2  | Rise |  7154.0 |    1.0 | 171.0  |           | 
|-----------------------------------+-------+------+---------+--------+--------+-----------|
| u_gemm/u_buf/i_1_18_25/Z          | NOR2  | Fall |  7259.0 |  105.0 | 83.0   | 24.2717   | 
|-----------------------------------+-------+------+---------+--------+--------+-----------|
| u_gemm/u_buf/i_1_18_24/A          | INV   | Fall |  7260.0 |    1.0 | 83.0   |           | 
|-----------------------------------+-------+------+---------+--------+--------+-----------|
| u_gemm/u_buf/i_1_18_24/Z          | INV   | Rise |  7447.0 |  187.0 | 129.0  | 79.3501   | 
|-----------------------------------+-------+------+---------+--------+--------+-----------|
| u_gemm/u_buf/b_rdata[2]           |       | Rise |  7447.0 |    0.0 |        |           | 
|-----------------------------------+-------+------+---------+--------+--------+-----------|
| u_gemm/u_mac/b_rdata[2]           |       | Rise |  7447.0 |    0.0 |        |           | 
|-----------------------------------+-------+------+---------+--------+--------+-----------|
| u_gemm/u_mac/i_8/b_rdata[2]       |       | Rise |  7447.0 |    0.0 |        |           | 
|-----------------------------------+-------+------+---------+--------+--------+-----------|
| u_gemm/u_mac/i_8/i_345/A          | INV   | Rise |  7454.0 |    7.0 | 129.0  |           | 
|-----------------------------------+-------+------+---------+--------+--------+-----------|
| u_gemm/u_mac/i_8/i_345/Z          | INV   | Fall |  7653.0 |  199.0 | 122.0  | 86.7362   | 
|-----------------------------------+-------+------+---------+--------+--------+-----------|
| u_gemm/u_mac/i_8/i_401/B          | NOR2  | Fall |  7657.0 |    4.0 | 122.0  |           | 
|-----------------------------------+-------+------+---------+--------+--------+-----------|
| u_gemm/u_mac/i_8/i_401/Z          | NOR2  | Rise |  7836.0 |  179.0 | 116.0  | 24.3235   | 
|-----------------------------------+-------+------+---------+--------+--------+-----------|
| u_gemm/u_mac/i_8/i_400/A          | INV   | Rise |  7836.0 |    0.0 | 116.0  |           | 
|-----------------------------------+-------+------+---------+--------+--------+-----------|
| u_gemm/u_mac/i_8/i_400/Z          | INV   | Fall |  7914.0 |   78.0 | 49.0   | 15.8165   | 
|-----------------------------------+-------+------+---------+--------+--------+-----------|
| u_gemm/u_mac/i_8/i_397/C          | AOI22 | Fall |  7914.0 |    0.0 | 49.0   |           | 
|-----------------------------------+-------+------+---------+--------+--------+-----------|
| u_gemm/u_mac/i_8/i_397/Z          | AOI22 | Rise |  8235.0 |  321.0 | 304.0  | 28.4617   | 
|-----------------------------------+-------+------+---------+--------+--------+-----------|
| u_gemm/u_mac/i_8/i_395/D          | AOI22 | Rise |  8235.0 |    0.0 | 304.0  |           | 
|-----------------------------------+-------+------+---------+--------+--------+-----------|
| u_gemm/u_mac/i_8/i_395/Z          | AOI22 | Fall |  8447.0 |  212.0 | 163.0  | 23.9432   | 
|-----------------------------------+-------+------+---------+--------+--------+-----------|
| u_gemm/u_mac/i_8/i_394/A          | INV   | Fall |  8447.0 |    0.0 | 163.0  |           | 
|-----------------------------------+-------+------+---------+--------+--------+-----------|
| u_gemm/u_mac/i_8/i_394/Z          | INV   | Rise |  8560.0 |  113.0 | 64.0   | 17.6505   | 
|-----------------------------------+-------+------+---------+--------+--------+-----------|
| u_gemm/u_mac/i_8/i_393/D          | AOI22 | Rise |  8562.0 |    2.0 | 64.0   |           | 
|-----------------------------------+-------+------+---------+--------+--------+-----------|
| u_gemm/u_mac/i_8/i_393/Z          | AOI22 | Fall |  8740.0 |  178.0 | 171.0  | 24.2771   | 
|-----------------------------------+-------+------+---------+--------+--------+-----------|
| u_gemm/u_mac/i_8/i_392/D          | AOI22 | Fall |  8740.0 |    0.0 | 171.0  |           | 
|-----------------------------------+-------+------+---------+--------+--------+-----------|
| u_gemm/u_mac/i_8/i_392/Z          | AOI22 | Rise |  9139.0 |  399.0 | 293.0  | 25.6518   | 
|-----------------------------------+-------+------+---------+--------+--------+-----------|
| u_gemm/u_mac/i_8/i_391/A          | INV   | Rise |  9140.0 |    1.0 | 293.0  |           | 
|-----------------------------------+-------+------+---------+--------+--------+-----------|
| u_gemm/u_mac/i_8/i_391/Z          | INV   | Fall |  9239.0 |   99.0 | 84.0   | 17.4534   | 
|-----------------------------------+-------+------+---------+--------+--------+-----------|
| u_gemm/u_mac/i_8/i_99/B           | AOI22 | Fall |  9239.0 |    0.0 | 84.0   |           | 
|-----------------------------------+-------+------+---------+--------+--------+-----------|
| u_gemm/u_mac/i_8/i_99/Z           | AOI22 | Rise |  9611.0 |  372.0 | 270.0  | 22.1683   | 
|-----------------------------------+-------+------+---------+--------+--------+-----------|
| u_gemm/u_mac/i_8/i_98/A           | INV   | Rise |  9611.0 |    0.0 | 270.0  |           | 
|-----------------------------------+-------+------+---------+--------+--------+-----------|
| u_gemm/u_mac/i_8/i_98/Z           | INV   | Fall |  9702.0 |   91.0 | 77.0   | 14.904    | 
|-----------------------------------+-------+------+---------+--------+--------+-----------|
| u_gemm/u_mac/i_8/i_97/B           | AOI22 | Fall |  9702.0 |    0.0 | 77.0   |           | 
|-----------------------------------+-------+------+---------+--------+--------+-----------|
| u_gemm/u_mac/i_8/i_97/Z           | AOI22 | Rise | 10105.0 |  403.0 | 300.0  | 27.0275   | 
|-----------------------------------+-------+------+---------+--------+--------+-----------|
| u_gemm/u_mac/i_8/i_93/A           | XNOR2 | Rise | 10105.0 |    0.0 | 300.0  |           | 
|-----------------------------------+-------+------+---------+--------+--------+-----------|
| u_gemm/u_mac/i_8/i_93/Z           | XNOR2 | Fall | 10412.0 |  307.0 | 88.0   | 23.8475   | 
|-----------------------------------+-------+------+---------+--------+--------+-----------|
| u_gemm/u_mac/i_8/i_92/A           | INV   | Fall | 10412.0 |    0.0 | 88.0   |           | 
|-----------------------------------+-------+------+---------+--------+--------+-----------|
| u_gemm/u_mac/i_8/i_92/Z           | INV   | Rise | 10493.0 |   81.0 | 45.0   | 13.5227   | 
|-----------------------------------+-------+------+---------+--------+--------+-----------|
| u_gemm/u_mac/i_8/i_67/A           | AOI22 | Rise | 10493.0 |    0.0 | 45.0   |           | 
|-----------------------------------+-------+------+---------+--------+--------+-----------|
| u_gemm/u_mac/i_8/i_67/Z           | AOI22 | Fall | 10709.0 |  216.0 | 152.0  | 25.9241   | 
|-----------------------------------+-------+------+---------+--------+--------+-----------|
| u_gemm/u_mac/i_8/i_66/D           | AOI22 | Fall | 10709.0 |    0.0 | 152.0  |           | 
|-----------------------------------+-------+------+---------+--------+--------+-----------|
| u_gemm/u_mac/i_8/i_66/Z           | AOI22 | Rise | 11106.0 |  397.0 | 299.0  | 26.9184   | 
|-----------------------------------+-------+------+---------+--------+--------+-----------|
| u_gemm/u_mac/i_8/i_64/C           | AOI22 | Rise | 11115.0 |    9.0 | 299.0  |           | 
|-----------------------------------+-------+------+---------+--------+--------+-----------|
| u_gemm/u_mac/i_8/i_64/Z           | AOI22 | Fall | 11408.0 |  293.0 | 217.0  | 34.7563   | 
|-----------------------------------+-------+------+---------+--------+--------+-----------|
| u_gemm/u_mac/i_8/i_63/A           | INV   | Fall | 11409.0 |    1.0 | 217.0  |           | 
|-----------------------------------+-------+------+---------+--------+--------+-----------|
| u_gemm/u_mac/i_8/i_63/Z           | INV   | Rise | 11510.0 |  101.0 | 58.0   | 7.74375   | 
|-----------------------------------+-------+------+---------+--------+--------+-----------|
| u_gemm/u_mac/i_8/i_62/D           | AOI22 | Rise | 11510.0 |    0.0 | 58.0   |           | 
|-----------------------------------+-------+------+---------+--------+--------+-----------|
| u_gemm/u_mac/i_8/i_62/Z           | AOI22 | Fall | 11710.0 |  200.0 | 203.0  | 30.0648   | 
|-----------------------------------+-------+------+---------+--------+--------+-----------|
| u_gemm/u_mac/i_8/i_61/D           | AOI22 | Fall | 11717.0 |    7.0 | 203.0  |           | 
|-----------------------------------+-------+------+---------+--------+--------+-----------|
| u_gemm/u_mac/i_8/i_61/Z           | AOI22 | Rise | 12193.0 |  476.0 | 351.0  | 34.4551   | 
|-----------------------------------+-------+------+---------+--------+--------+-----------|
| u_gemm/u_mac/i_8/i_60/A           | INV   | Rise | 12193.0 |    0.0 | 351.0  |           | 
|-----------------------------------+-------+------+---------+--------+--------+-----------|
| u_gemm/u_mac/i_8/i_60/Z           | INV   | Fall | 12265.0 |   72.0 | 77.0   | 7.51725   | 
|-----------------------------------+-------+------+---------+--------+--------+-----------|
| u_gemm/u_mac/i_8/i_58/C           | AOI22 | Fall | 12265.0 |    0.0 | 77.0   |           | 
|-----------------------------------+-------+------+---------+--------+--------+-----------|
| u_gemm/u_mac/i_8/i_58/Z           | AOI22 | Rise | 12653.0 |  388.0 | 359.0  | 36.0393   | 
|-----------------------------------+-------+------+---------+--------+--------+-----------|
| u_gemm/u_mac/i_8/i_57/A           | INV   | Rise | 12654.0 |    1.0 | 359.0  |           | 
|-----------------------------------+-------+------+---------+--------+--------+-----------|
| u_gemm/u_mac/i_8/i_57/Z           | INV   | Fall | 12735.0 |   81.0 | 83.0   | 10.4986   | 
|-----------------------------------+-------+------+---------+--------+--------+-----------|
| u_gemm/u_mac/i_8/i_56/D           | AOI22 | Fall | 12735.0 |    0.0 | 83.0   |           | 
|-----------------------------------+-------+------+---------+--------+--------+-----------|
| u_gemm/u_mac/i_8/i_56/Z           | AOI22 | Rise | 13088.0 |  353.0 | 289.0  | 26.0589   | 
|-----------------------------------+-------+------+---------+--------+--------+-----------|
| u_gemm/u_mac/i_8/i_55/A           | INV   | Rise | 13088.0 |    0.0 | 289.0  |           | 
|-----------------------------------+-------+------+---------+--------+--------+-----------|
| u_gemm/u_mac/i_8/i_55/Z           | INV   | Fall | 13190.0 |  102.0 | 85.0   | 18.8947   | 
|-----------------------------------+-------+------+---------+--------+--------+-----------|
| u_gemm/u_mac/i_8/i_52/C           | AOI22 | Fall | 13190.0 |    0.0 | 85.0   |           | 
|-----------------------------------+-------+------+---------+--------+--------+-----------|
| u_gemm/u_mac/i_8/i_52/Z           | AOI22 | Rise | 13500.0 |  310.0 | 276.0  | 24.0333   | 
|-----------------------------------+-------+------+---------+--------+--------+-----------|
| u_gemm/u_mac/i_8/i_51/A           | INV   | Rise | 13500.0 |    0.0 | 276.0  |           | 
|-----------------------------------+-------+------+---------+--------+--------+-----------|
| u_gemm/u_mac/i_8/i_51/Z           | INV   | Fall | 13591.0 |   91.0 | 78.0   | 14.942    | 
|-----------------------------------+-------+------+---------+--------+--------+-----------|
| u_gemm/u_mac/i_8/i_50/D           | AOI22 | Fall | 13591.0 |    0.0 | 78.0   |           | 
|-----------------------------------+-------+------+---------+--------+--------+-----------|
| u_gemm/u_mac/i_8/i_50/Z           | AOI22 | Rise | 13986.0 |  395.0 | 331.0  | 32.6723   | 
|-----------------------------------+-------+------+---------+--------+--------+-----------|
| u_gemm/u_mac/i_8/i_49/D           | AOI22 | Rise | 13988.0 |    2.0 | 331.0  |           | 
|-----------------------------------+-------+------+---------+--------+--------+-----------|
| u_gemm/u_mac/i_8/i_49/Z           | AOI22 | Fall | 14214.0 |  226.0 | 235.0  | 26.5564   | 
|-----------------------------------+-------+------+---------+--------+--------+-----------|
| u_gemm/u_mac/i_8/i_48/D           | AOI22 | Fall | 14214.0 |    0.0 | 235.0  |           | 
|-----------------------------------+-------+------+---------+--------+--------+-----------|
| u_gemm/u_mac/i_8/i_48/Z           | AOI22 | Rise | 14670.0 |  456.0 | 318.0  | 28.9206   | 
|-----------------------------------+-------+------+---------+--------+--------+-----------|
| u_gemm/u_mac/i_8/i_47/A           | INV   | Rise | 14688.0 |   18.0 | 318.0  |           | 
|-----------------------------------+-------+------+---------+--------+--------+-----------|
| u_gemm/u_mac/i_8/i_47/Z           | INV   | Fall | 14786.0 |   98.0 | 87.0   | 16.2731   | 
|-----------------------------------+-------+------+---------+--------+--------+-----------|
| u_gemm/u_mac/i_8/i_44/C           | AOI22 | Fall | 14786.0 |    0.0 | 87.0   |           | 
|-----------------------------------+-------+------+---------+--------+--------+-----------|
| u_gemm/u_mac/i_8/i_44/Z           | AOI22 | Rise | 15125.0 |  339.0 | 301.0  | 28.0712   | 
|-----------------------------------+-------+------+---------+--------+--------+-----------|
| u_gemm/u_mac/i_8/i_43/A           | INV   | Rise | 15126.0 |    1.0 | 301.0  |           | 
|-----------------------------------+-------+------+---------+--------+--------+-----------|
| u_gemm/u_mac/i_8/i_43/Z           | INV   | Fall | 15223.0 |   97.0 | 84.0   | 16.4512   | 
|-----------------------------------+-------+------+---------+--------+--------+-----------|
| u_gemm/u_mac/i_8/i_40/C           | AOI22 | Fall | 15223.0 |    0.0 | 84.0   |           | 
|-----------------------------------+-------+------+---------+--------+--------+-----------|
| u_gemm/u_mac/i_8/i_40/Z           | AOI22 | Rise | 15650.0 |  427.0 | 384.0  | 41.1754   | 
|-----------------------------------+-------+------+---------+--------+--------+-----------|
| u_gemm/u_mac/i_8/i_39/A           | INV   | Rise | 15651.0 |    1.0 | 384.0  |           | 
|-----------------------------------+-------+------+---------+--------+--------+-----------|
| u_gemm/u_mac/i_8/i_39/Z           | INV   | Fall | 15752.0 |  101.0 | 97.0   | 16.8634   | 
|-----------------------------------+-------+------+---------+--------+--------+-----------|
| u_gemm/u_mac/i_8/i_37/C           | AOI22 | Fall | 15752.0 |    0.0 | 97.0   |           | 
|-----------------------------------+-------+------+---------+--------+--------+-----------|
| u_gemm/u_mac/i_8/i_37/Z           | AOI22 | Rise | 16140.0 |  388.0 | 353.0  | 34.4941   | 
|-----------------------------------+-------+------+---------+--------+--------+-----------|
| u_gemm/u_mac/i_8/i_36/A           | INV   | Rise | 16140.0 |    0.0 | 353.0  |           | 
|-----------------------------------+-------+------+---------+--------+--------+-----------|
| u_gemm/u_mac/i_8/i_36/Z           | INV   | Fall | 16221.0 |   81.0 | 83.0   | 10.5651   | 
|-----------------------------------+-------+------+---------+--------+--------+-----------|
| u_gemm/u_mac/i_8/i_364/D          | AOI22 | Fall | 16221.0 |    0.0 | 83.0   |           | 
|-----------------------------------+-------+------+---------+--------+--------+-----------|
| u_gemm/u_mac/i_8/i_364/Z          | AOI22 | Rise | 16742.0 |  521.0 | 447.0  | 50.8736   | 
|-----------------------------------+-------+------+---------+--------+--------+-----------|
| u_gemm/u_mac/i_8/i_360/A          | NAND2 | Rise | 16743.0 |    1.0 | 447.0  |           | 
|-----------------------------------+-------+------+---------+--------+--------+-----------|
| u_gemm/u_mac/i_8/i_360/Z          | NAND2 | Fall | 16900.0 |  157.0 | 114.0  | 8.23319   | 
|-----------------------------------+-------+------+---------+--------+--------+-----------|
| u_gemm/u_mac/i_8/i_359/D          | AOI22 | Fall | 16900.0 |    0.0 | 114.0  |           | 
|-----------------------------------+-------+------+---------+--------+--------+-----------|
| u_gemm/u_mac/i_8/i_359/Z          | AOI22 | Rise | 17300.0 |  400.0 | 318.0  | 30.36     | 
|-----------------------------------+-------+------+---------+--------+--------+-----------|
| u_gemm/u_mac/i_8/i_358/A          | INV   | Rise | 17302.0 |    2.0 | 318.0  |           | 
|-----------------------------------+-------+------+---------+--------+--------+-----------|
| u_gemm/u_mac/i_8/i_358/Z          | INV   | Fall | 17398.0 |   96.0 | 86.0   | 15.4705   | 
|-----------------------------------+-------+------+---------+--------+--------+-----------|
| u_gemm/u_mac/i_8/i_357/D          | AOI22 | Fall | 17398.0 |    0.0 | 86.0   |           | 
|-----------------------------------+-------+------+---------+--------+--------+-----------|
| u_gemm/u_mac/i_8/i_357/Z          | AOI22 | Rise | 17756.0 |  358.0 | 292.0  | 26.4969   | 
|-----------------------------------+-------+------+---------+--------+--------+-----------|
| u_gemm/u_mac/i_8/i_356/A          | INV   | Rise | 17757.0 |    1.0 | 292.0  |           | 
|-----------------------------------+-------+------+---------+--------+--------+-----------|
| u_gemm/u_mac/i_8/i_356/Z          | INV   | Fall | 17849.0 |   92.0 | 80.0   | 14.936    | 
|-----------------------------------+-------+------+---------+--------+--------+-----------|
| u_gemm/u_mac/i_8/i_355/D          | AOI22 | Fall | 17849.0 |    0.0 | 80.0   |           | 
|-----------------------------------+-------+------+---------+--------+--------+-----------|
| u_gemm/u_mac/i_8/i_355/Z          | AOI22 | Rise | 18241.0 |  392.0 | 326.0  | 31.9707   | 
|-----------------------------------+-------+------+---------+--------+--------+-----------|
| u_gemm/u_mac/i_8/i_354/A          | INV   | Rise | 18243.0 |    2.0 | 326.0  |           | 
|-----------------------------------+-------+------+---------+--------+--------+-----------|
| u_gemm/u_mac/i_8/i_354/Z          | INV   | Fall | 18340.0 |   97.0 | 87.0   | 15.7425   | 
|-----------------------------------+-------+------+---------+--------+--------+-----------|
| u_gemm/u_mac/i_8/i_353/D          | AOI22 | Fall | 18340.0 |    0.0 | 87.0   |           | 
|-----------------------------------+-------+------+---------+--------+--------+-----------|
| u_gemm/u_mac/i_8/i_353/Z          | AOI22 | Rise | 18768.0 |  428.0 | 357.0  | 36.691    | 
|-----------------------------------+-------+------+---------+--------+--------+-----------|
| u_gemm/u_mac/i_8/i_352/A          | INV   | Rise | 18769.0 |    1.0 | 357.0  |           | 
|-----------------------------------+-------+------+---------+--------+--------+-----------|
| u_gemm/u_mac/i_8/i_352/Z          | INV   | Fall | 18844.0 |   75.0 | 80.0   | 8.63709   | 
|-----------------------------------+-------+------+---------+--------+--------+-----------|
| u_gemm/u_mac/i_8/i_380/B          | AOI22 | Fall | 18844.0 |    0.0 | 80.0   |           | 
|-----------------------------------+-------+------+---------+--------+--------+-----------|
| u_gemm/u_mac/i_8/i_380/Z          | AOI22 | Rise | 19495.0 |  651.0 | 527.0  | 63.6774   | 
|-----------------------------------+-------+------+---------+--------+--------+-----------|
| u_gemm/u_mac/i_8/i_383/D          | NAND4 | Rise | 19496.0 |    1.0 | 527.0  |           | 
|-----------------------------------+-------+------+---------+--------+--------+-----------|
| u_gemm/u_mac/i_8/i_383/Z          | NAND4 | Fall | 19791.0 |  295.0 | 221.0  | 24.2292   | 
|-----------------------------------+-------+------+---------+--------+--------+-----------|
| u_gemm/u_mac/i_8/i_382/D          | AOI22 | Fall | 19791.0 |    0.0 | 221.0  |           | 
|-----------------------------------+-------+------+---------+--------+--------+-----------|
| u_gemm/u_mac/i_8/i_382/Z          | AOI22 | Rise | 20172.0 |  381.0 | 255.0  | 19.0709   | 
|-----------------------------------+-------+------+---------+--------+--------+-----------|
| u_gemm/u_mac/i_8/i_381/B          | XOR2  | Rise | 20172.0 |    0.0 | 255.0  |           | 
|-----------------------------------+-------+------+---------+--------+--------+-----------|
| u_gemm/u_mac/i_8/i_381/Z          | XOR2  | Fall | 20334.0 |  162.0 | 124.0  | 19.1943   | 
|-----------------------------------+-------+------+---------+--------+--------+-----------|
| u_gemm/u_mac/i_8/p_0[31]          |       | Fall | 20334.0 |    0.0 |        |           | 
|-----------------------------------+-------+------+---------+--------+--------+-----------|
| u_gemm/u_mac/i_0_223/A            | AO22  | Fall | 20334.0 |    0.0 | 124.0  |           | 
|-----------------------------------+-------+------+---------+--------+--------+-----------|
| u_gemm/u_mac/i_0_223/Z            | AO22  | Fall | 20640.0 |  306.0 | 67.0   | 8.34309   | 
|-----------------------------------+-------+------+---------+--------+--------+-----------|
| u_gemm/u_mac/c_wdata_reg[31]/DATA | DFF   | Fall | 20640.0 |    0.0 | 67.0   |           | 
--------------------------------------------------------------------------------------------


----------------------------------------------------------------
|                                         | Time     | Total   | 
|-----------------------------------------+----------+---------|
| target clock clk (rise edge)            |      0.0 |     0.0 | 
|-----------------------------------------+----------+---------|
| target clock cycle shift                |  20000.0 | 20000.0 | 
|-----------------------------------------+----------+---------|
| target clock propagated network latency |    865.0 | 20865.0 | 
|-----------------------------------------+----------+---------|
| library setup check                     |   -227.0 | 20638.0 | 
|-----------------------------------------+----------+---------|
| data required time                      |  20638.0 |         | 
|-----------------------------------------+----------+---------|
|                                         |          |         | 
|-----------------------------------------+----------+---------|
| data required time                      |  20638.0 |         | 
|-----------------------------------------+----------+---------|
| data arrival time                       | -20640.0 |         | 
|-----------------------------------------+----------+---------|
| pessimism                               |      6.0 |         | 
|-----------------------------------------+----------+---------|
|                                         |          |         | 
|-----------------------------------------+----------+---------|
| slack                                   |      4.0 |         | 
----------------------------------------------------------------


info UI33: performed report_timing for 0 sec (CPU time: 0 sec; MEM: RSS - 602M, CVMEM - 1026M, PVMEM - 1605M)
