> report_timing
----------------------------------------------------------------------------------------------------
Startpoint: u_gemm/u_mmio_r_k_reg[1]/Q
    (Clocked by clk R)
Endpoint: u_gemm/u_mac/c_wdata_reg[31]/DATA
    (Clocked by clk R)
Path Group: default
Data required time: 14752.9
    (Clock shift: 15000.0, minus Uncertainty: 0.0, plus Latency 0.0, minus Setup time: 247.1)
Data arrival time: 10819.8
Slack: 3933.1
Logic depth: 43
----------------------------------------------------------------------------------------------------
                                                                 Arrival          Total             
Path                     Module/Cell              Slew    Delay     Time  Edge     Load     Location
                                                  (ps)     (ps)     (ps)           (ff)      (um,um)
----------------------------------------------------------------------------------------------------
clk                      {create_clock}                     0.0      0.0     r      0.0   159,    0 
u_gemm/u_mmio_r_k_reg[1]/CLK->Q
                         DFF*                      0.0    771.4    771.4    rr    247.5   207,  207 
u_gemm/u_mac/i_0_60/A->Z NAND3*                   92.7    267.6   1038.9    rf     33.7   207,  207 
u_gemm/u_mac/i_0_59/B->Z NAND2                    92.7    114.1   1153.1    fr     17.2   207,  207 
u_gemm/u_mac/i_0_58/B->Z XNOR2                    64.6    356.4   1509.5    rf     34.2   207,  207 
u_gemm/u_mac/i_0_56/B->Z XNOR2                    98.7    360.8   1870.3    ff     35.3   207,  207 
u_gemm/u_mac/i_0_47/A->Z NOR2                    100.0    153.9   2024.2    fr     16.8   207,  207 
u_gemm/u_mac/i_0_46/B->Z NOR2                     89.5     85.0   2109.1    rf     19.1   207,  207 
u_gemm/u_mac/i_0_38/A->Z XNOR2*                   60.0    649.2   2758.3    ff    227.6   207,  207 
u_gemm/u_buf/i_0_1_260/B->Z
                         NAND2                    92.7    183.8   2942.1    fr     60.0   482,  486 
u_gemm/u_buf/i_0_1_243/C->Z
                         NOR3*                   120.9    298.5   3240.6    rf     84.5   482,  486 
u_gemm/u_buf/i_0_1_193/B->Z
                         AOI22*                   92.7    348.8   3589.4    fr     17.6   482,  486 
u_gemm/u_buf/i_0_1_191/D->Z
                         NAND4                    83.5    241.9   3831.3    rf     17.6   482,  486 
u_gemm/u_buf/i_0_1_190/B->Z
                         NOR2                    149.5    183.0   4014.3    fr     21.5   482,  486 
u_gemm/u_buf/i_0_1_189/A->Z
                         BUFI4                   101.8    178.9   4193.1    rf    167.8   482,  486 
u_gemm/u_mac/i_8/i_326/A->Z
                         BUFI4                   110.2    194.4   4387.5    fr    116.5   207,  207 
u_gemm/u_mac/i_8/i_295/B->Z
                         NOR2                    120.6     91.6   4479.1    rf     19.1   207,  207 
u_gemm/u_mac/i_8/i_293/A->Z
                         XNOR2                    60.0    389.3   4868.4    ff     27.9   207,  207 
u_gemm/u_mac/i_8/i_201/D->Z
                         AOI22*                   91.6    391.9   5260.3    fr     39.9   207,  207 
u_gemm/u_mac/i_8/i_199/B->Z
                         XNOR2                    92.7    341.2   5601.5    rf     27.6   207,  207 
u_gemm/u_mac/i_8/i_462/B->Z
                         AOI22*                   91.3    414.7   6016.2    fr     33.1   207,  207 
u_gemm/u_mac/i_8/i_461/A->Z
                         BUFI4                    92.7     61.0   6077.2    rf     20.0   207,  207 
u_gemm/u_mac/i_8/i_460/B->Z
                         AOI22*                   36.0    384.6   6461.7    fr     28.8   207,  207 
u_gemm/u_mac/i_8/i_459/B->Z
                         XNOR2                    92.7    354.8   6816.5    rf     33.5   207,  207 
u_gemm/u_mac/i_8/i_433/B->Z
                         NOR2                     97.9    208.4   7024.9    fr     38.7   207,  207 
u_gemm/u_mac/i_8/i_432/A->Z
                         BUFI4                   146.5     79.7   7104.6    rf     32.9   207,  207 
u_gemm/u_mac/i_8/i_366/B->Z
                         NAND2                    42.2    141.6   7246.2    fr     48.7   207,  207 
u_gemm/u_mac/i_8/i_362/B->Z
                         NAND2                   106.0    100.6   7346.8    rf      9.9   207,  207 
u_gemm/u_mac/i_8/i_361/B->Z
                         AOI22*                   53.2    403.0   7749.8    fr     32.8   207,  207 
u_gemm/u_mac/i_8/i_360/A->Z
                         BUFI4                    92.7     61.0   7810.8    rf     20.1   207,  207 
u_gemm/u_mac/i_8/i_359/D->Z
                         AOI22*                   36.0    341.1   8151.9    fr     32.8   207,  207 
u_gemm/u_mac/i_8/i_358/A->Z
                         BUFI4                    92.7     67.2   8219.1    rf     26.8   207,  207 
u_gemm/u_mac/i_8/i_355/A->Z
                         NAND2                    39.3    105.1   8324.3    fr     33.2   207,  207 
u_gemm/u_mac/i_8/i_354/B->Z
                         NAND2                    85.6    111.5   8435.8    rf     16.6   207,  207 
u_gemm/u_mac/i_8/i_353/B->Z
                         NAND2                    64.0    100.9   8536.8    fr     16.6   207,  207 
u_gemm/u_mac/i_8/i_352/B->Z
                         NAND2                    63.7    177.8   8714.5    rf     50.5   207,  207 
u_gemm/u_mac/i_8/i_508/C->Z
                         NAND3*                  119.9    261.2   8975.7    fr     27.7   207,  207 
u_gemm/u_mac/i_8/i_507/B->Z
                         NAND2                    92.7    163.1   9138.8    rf     40.5   207,  207 
u_gemm/u_mac/i_8/i_609/A->Z
                         BUFI4                   103.3    102.1   9240.9    fr     26.3   207,  207 
u_gemm/u_mac/i_8/i_586/C->Z
                         NOR3                     50.0     79.5   9320.4    rf     10.4   207,  207 
u_gemm/u_mac/i_8/i_584/C->Z
                         NOR3*                    69.5    506.0   9826.4    fr    132.2   207,  207 
u_gemm/u_mac/i_8/i_142/C->Z
                         NOR3                     92.7     88.5   9914.9    rf     10.4   207,  207 
u_gemm/u_mac/i_8/i_93/C->Z
                         NOR3*                    69.5    306.2  10221.0    fr     19.5   207,  207 
u_gemm/u_mac/i_8/i_91/A->Z
                         XNOR2                    83.5    294.0  10515.0    rf     20.9   207,  207 
u_gemm/u_mac/i_0_223/A->Z
                         AO22                     83.7    304.7  10819.8    ff     10.7   207,  207 
u_gemm/u_mac/c_wdata_reg[31]/DATA
                         DFF                      64.3      0.0  10819.8     f            207,  207 
----------------------------------------------------------------------------------------------------
