 Timing Path to u_gemm/u_mac/acc_reg[31]/DATA 
  
 Path Start Point : u_gemm/u_mmio_r_k_reg[1] (DFF) 
                       (rising edge-triggered flip-flop clocked by clk) 
 Path End Point   : u_gemm/u_mac/acc_reg[31] (DFF) 
                       (rising edge-triggered flip-flop clocked by clk) 
 Mode             : default 
 Corner           : slow 
 Path Type        : max 
 Path Group       : clk 


---------------------------------------------------------------------------------------
| Pin                           | Cell  | Edge | Arrival | Delay  | Slew  | Total Cap | 
|-------------------------------+-------+------+---------+--------+-------+-----------|
| u_gemm/u_mmio_r_k_reg[1]/CLK  | DFF   | Rise |  1045.0 | 1045.0 | 197.0 |           | 
|-------------------------------+-------+------+---------+--------+-------+-----------|
| u_gemm/u_mmio_r_k_reg[1]/Q    | DFF   | Rise |  2272.0 | 1227.0 | 746.0 | 218.111   | 
|-------------------------------+-------+------+---------+--------+-------+-----------|
| u_gemm/u_buf/at_kdim[1]       |       | Rise |  2272.0 |    0.0 |       |           | 
|-------------------------------+-------+------+---------+--------+-------+-----------|
| u_gemm/u_buf/i_1_0_496/A      | NAND2 | Rise |  2295.0 |   23.0 | 746.0 |           | 
|-------------------------------+-------+------+---------+--------+-------+-----------|
| u_gemm/u_buf/i_1_0_496/Z      | NAND2 | Fall |  2663.0 |  368.0 | 254.0 | 56.7071   | 
|-------------------------------+-------+------+---------+--------+-------+-----------|
| u_gemm/u_buf/i_1_0_491/A      | XNOR2 | Fall |  2663.0 |    0.0 | 254.0 |           | 
|-------------------------------+-------+------+---------+--------+-------+-----------|
| u_gemm/u_buf/i_1_0_491/Z      | XNOR2 | Fall |  3131.0 |  468.0 | 97.0  | 31.4136   | 
|-------------------------------+-------+------+---------+--------+-------+-----------|
| u_gemm/u_buf/i_1_0_486/B      | XNOR2 | Fall |  3131.0 |    0.0 | 97.0  |           | 
|-------------------------------+-------+------+---------+--------+-------+-----------|
| u_gemm/u_buf/i_1_0_486/Z      | XNOR2 | Fall |  3468.0 |  337.0 | 90.0  | 25.0968   | 
|-------------------------------+-------+------+---------+--------+-------+-----------|
| u_gemm/u_buf/i_1_0_485/C      | NOR3  | Fall |  3468.0 |    0.0 | 90.0  |           | 
|-------------------------------+-------+------+---------+--------+-------+-----------|
| u_gemm/u_buf/i_1_0_485/Z      | NOR3  | Rise |  3750.0 |  282.0 | 252.0 | 14.8126   | 
|-------------------------------+-------+------+---------+--------+-------+-----------|
| u_gemm/u_buf/i_1_0_484/B      | NOR2  | Rise |  3750.0 |    0.0 | 252.0 |           | 
|-------------------------------+-------+------+---------+--------+-------+-----------|
| u_gemm/u_buf/i_1_0_484/Z      | NOR2  | Fall |  3848.0 |   98.0 | 83.0  | 19.7433   | 
|-------------------------------+-------+------+---------+--------+-------+-----------|
| u_gemm/u_buf/i_1_0_432/A      | XOR2  | Fall |  3848.0 |    0.0 | 83.0  |           | 
|-------------------------------+-------+------+---------+--------+-------+-----------|
| u_gemm/u_buf/i_1_0_432/Z      | XOR2  | Rise |  4650.0 |  802.0 | 715.0 | 103.461   | 
|-------------------------------+-------+------+---------+--------+-------+-----------|
| u_gemm/u_buf/i_0_1_552/B      | NAND2 | Rise |  4662.0 |   12.0 | 715.0 |           | 
|-------------------------------+-------+------+---------+--------+-------+-----------|
| u_gemm/u_buf/i_0_1_552/Z      | NAND2 | Fall |  4937.0 |  275.0 | 220.0 | 51.9965   | 
|-------------------------------+-------+------+---------+--------+-------+-----------|
| u_gemm/u_buf/i_0_1_551/B      | NOR2  | Fall |  4938.0 |    1.0 | 220.0 |           | 
|-------------------------------+-------+------+---------+--------+-------+-----------|
| u_gemm/u_buf/i_0_1_551/Z      | NOR2  | Rise |  6056.0 | 1118.0 | 936.0 | 336.661   | 
|-------------------------------+-------+------+---------+--------+-------+-----------|
| u_gemm/u_buf/i_0_1_209/B      | AOI22 | Rise |  6115.0 |   59.0 | 937.0 |           | 
|-------------------------------+-------+------+---------+--------+-------+-----------|
| u_gemm/u_buf/i_0_1_209/Z      | AOI22 | Fall |  6363.0 |  248.0 | 267.0 | 15.4738   | 
|-------------------------------+-------+------+---------+--------+-------+-----------|
| u_gemm/u_buf/i_0_1_207/C      | NAND4 | Fall |  6363.0 |    0.0 | 267.0 |           | 
|-------------------------------+-------+------+---------+--------+-------+-----------|
| u_gemm/u_buf/i_0_1_207/Z      | NAND4 | Rise |  6571.0 |  208.0 | 153.0 | 20.6513   | 
|-------------------------------+-------+------+---------+--------+-------+-----------|
| u_gemm/u_buf/i_0_1_201/A      | NOR2  | Rise |  6571.0 |    0.0 | 153.0 |           | 
|-------------------------------+-------+------+---------+--------+-------+-----------|
| u_gemm/u_buf/i_0_1_201/Z      | NOR2  | Fall |  6728.0 |  157.0 | 99.0  | 40.8497   | 
|-------------------------------+-------+------+---------+--------+-------+-----------|
| u_gemm/u_buf/i_0_1_200/A      | INV   | Fall |  6732.0 |    4.0 | 99.0  |           | 
|-------------------------------+-------+------+---------+--------+-------+-----------|
| u_gemm/u_buf/i_0_1_200/Z      | INV   | Rise |  6914.0 |  182.0 | 120.0 | 71.0509   | 
|-------------------------------+-------+------+---------+--------+-------+-----------|
| u_gemm/u_buf/a_col0[4]        |       | Rise |  6914.0 |    0.0 |       |           | 
|-------------------------------+-------+------+---------+--------+-------+-----------|
| u_gemm/u_mac/a_col0[4]        |       | Rise |  6914.0 |    0.0 |       |           | 
|-------------------------------+-------+------+---------+--------+-------+-----------|
| u_gemm/u_mac/i_18/a_col0[4]   |       | Rise |  6914.0 |    0.0 |       |           | 
|-------------------------------+-------+------+---------+--------+-------+-----------|
| u_gemm/u_mac/i_18/i_245/A     | INV   | Rise |  6925.0 |   11.0 | 120.0 |           | 
|-------------------------------+-------+------+---------+--------+-------+-----------|
| u_gemm/u_mac/i_18/i_245/Z     | INV   | Fall |  7134.0 |  209.0 | 131.0 | 95.4629   | 
|-------------------------------+-------+------+---------+--------+-------+-----------|
| u_gemm/u_mac/i_18/i_228/A     | NOR2  | Fall |  7136.0 |    2.0 | 131.0 |           | 
|-------------------------------+-------+------+---------+--------+-------+-----------|
| u_gemm/u_mac/i_18/i_228/Z     | NOR2  | Rise |  7321.0 |  185.0 | 117.0 | 24.9296   | 
|-------------------------------+-------+------+---------+--------+-------+-----------|
| u_gemm/u_mac/i_18/i_210/A     | XOR2  | Rise |  7321.0 |    0.0 | 117.0 |           | 
|-------------------------------+-------+------+---------+--------+-------+-----------|
| u_gemm/u_mac/i_18/i_210/Z     | XOR2  | Fall |  7469.0 |  148.0 | 102.0 | 24.1172   | 
|-------------------------------+-------+------+---------+--------+-------+-----------|
| u_gemm/u_mac/i_18/i_209/D     | AOI22 | Fall |  7469.0 |    0.0 | 102.0 |           | 
|-------------------------------+-------+------+---------+--------+-------+-----------|
| u_gemm/u_mac/i_18/i_209/Z     | AOI22 | Rise |  7928.0 |  459.0 | 379.0 | 40.12     | 
|-------------------------------+-------+------+---------+--------+-------+-----------|
| u_gemm/u_mac/i_18/i_283/B     | NAND2 | Rise |  7929.0 |    1.0 | 379.0 |           | 
|-------------------------------+-------+------+---------+--------+-------+-----------|
| u_gemm/u_mac/i_18/i_283/Z     | NAND2 | Fall |  8051.0 |  122.0 | 101.0 | 8.78084   | 
|-------------------------------+-------+------+---------+--------+-------+-----------|
| u_gemm/u_mac/i_18/i_282/B     | AOI22 | Fall |  8051.0 |    0.0 | 101.0 |           | 
|-------------------------------+-------+------+---------+--------+-------+-----------|
| u_gemm/u_mac/i_18/i_282/Z     | AOI22 | Rise |  8485.0 |  434.0 | 319.0 | 30.572    | 
|-------------------------------+-------+------+---------+--------+-------+-----------|
| u_gemm/u_mac/i_18/i_280/A     | NOR2  | Rise |  8485.0 |    0.0 | 319.0 |           | 
|-------------------------------+-------+------+---------+--------+-------+-----------|
| u_gemm/u_mac/i_18/i_280/Z     | NOR2  | Fall |  8614.0 |  129.0 | 114.0 | 16.1041   | 
|-------------------------------+-------+------+---------+--------+-------+-----------|
| u_gemm/u_mac/i_18/i_279/A     | INV   | Fall |  8614.0 |    0.0 | 114.0 |           | 
|-------------------------------+-------+------+---------+--------+-------+-----------|
| u_gemm/u_mac/i_18/i_279/Z     | INV   | Rise |  8735.0 |  121.0 | 70.0  | 29.4951   | 
|-------------------------------+-------+------+---------+--------+-------+-----------|
| u_gemm/u_mac/i_18/i_267/A     | NAND2 | Rise |  8735.0 |    0.0 | 70.0  |           | 
|-------------------------------+-------+------+---------+--------+-------+-----------|
| u_gemm/u_mac/i_18/i_267/Z     | NAND2 | Fall |  8884.0 |  149.0 | 95.0  | 35.5576   | 
|-------------------------------+-------+------+---------+--------+-------+-----------|
| u_gemm/u_mac/i_18/i_264/A     | NOR2  | Fall |  8884.0 |    0.0 | 95.0  |           | 
|-------------------------------+-------+------+---------+--------+-------+-----------|
| u_gemm/u_mac/i_18/i_264/Z     | NOR2  | Rise |  9031.0 |  147.0 | 86.0  | 14.9034   | 
|-------------------------------+-------+------+---------+--------+-------+-----------|
| u_gemm/u_mac/i_18/i_263/A     | INV   | Rise |  9031.0 |    0.0 | 86.0  |           | 
|-------------------------------+-------+------+---------+--------+-------+-----------|
| u_gemm/u_mac/i_18/i_263/Z     | INV   | Fall |  9098.0 |   67.0 | 40.0  | 13.0783   | 
|-------------------------------+-------+------+---------+--------+-------+-----------|
| u_gemm/u_mac/i_18/i_94/B      | NAND2 | Fall |  9098.0 |    0.0 | 40.0  |           | 
|-------------------------------+-------+------+---------+--------+-------+-----------|
| u_gemm/u_mac/i_18/i_94/Z      | NAND2 | Rise |  9216.0 |  118.0 | 81.0  | 34.0466   | 
|-------------------------------+-------+------+---------+--------+-------+-----------|
| u_gemm/u_mac/i_18/i_78/A      | XNOR2 | Rise |  9216.0 |    0.0 | 81.0  |           | 
|-------------------------------+-------+------+---------+--------+-------+-----------|
| u_gemm/u_mac/i_18/i_78/Z      | XNOR2 | Fall |  9539.0 |  323.0 | 99.0  | 34.2711   | 
|-------------------------------+-------+------+---------+--------+-------+-----------|
| u_gemm/u_mac/i_18/i_77/B      | NOR2  | Fall |  9539.0 |    0.0 | 99.0  |           | 
|-------------------------------+-------+------+---------+--------+-------+-----------|
| u_gemm/u_mac/i_18/i_77/Z      | NOR2  | Rise |  9687.0 |  148.0 | 95.0  | 17.9997   | 
|-------------------------------+-------+------+---------+--------+-------+-----------|
| u_gemm/u_mac/i_18/i_76/A      | INV   | Rise |  9687.0 |    0.0 | 95.0  |           | 
|-------------------------------+-------+------+---------+--------+-------+-----------|
| u_gemm/u_mac/i_18/i_76/Z      | INV   | Fall |  9756.0 |   69.0 | 42.0  | 13.0482   | 
|-------------------------------+-------+------+---------+--------+-------+-----------|
| u_gemm/u_mac/i_18/i_75/B      | NAND2 | Fall |  9756.0 |    0.0 | 42.0  |           | 
|-------------------------------+-------+------+---------+--------+-------+-----------|
| u_gemm/u_mac/i_18/i_75/Z      | NAND2 | Rise |  9847.0 |   91.0 | 57.0  | 15.9122   | 
|-------------------------------+-------+------+---------+--------+-------+-----------|
| u_gemm/u_mac/i_18/p0[43]      |       | Rise |  9847.0 |    0.0 |       |           | 
|-------------------------------+-------+------+---------+--------+-------+-----------|
| u_gemm/u_mac/i_0_396/A        | INV   | Rise |  9847.0 |    0.0 | 57.0  |           | 
|-------------------------------+-------+------+---------+--------+-------+-----------|
| u_gemm/u_mac/i_0_396/Z        | INV   | Fall |  9918.0 |   71.0 | 40.0  | 19.0005   | 
|-------------------------------+-------+------+---------+--------+-------+-----------|
| u_gemm/u_mac/i_0_201/A        | NOR2  | Fall |  9918.0 |    0.0 | 40.0  |           | 
|-------------------------------+-------+------+---------+--------+-------+-----------|
| u_gemm/u_mac/i_0_201/Z        | NOR2  | Rise | 10089.0 |  171.0 | 183.0 | 27.5934   | 
|-------------------------------+-------+------+---------+--------+-------+-----------|
| u_gemm/u_mac/i_23/p_3[43]     |       | Rise | 10089.0 |    0.0 |       |           | 
|-------------------------------+-------+------+---------+--------+-------+-----------|
| u_gemm/u_mac/i_23/i_599/B     | XOR2  | Rise | 10089.0 |    0.0 | 183.0 |           | 
|-------------------------------+-------+------+---------+--------+-------+-----------|
| u_gemm/u_mac/i_23/i_599/Z     | XOR2  | Fall | 10265.0 |  176.0 | 121.0 | 28.2678   | 
|-------------------------------+-------+------+---------+--------+-------+-----------|
| u_gemm/u_mac/i_23/i_224/D     | AOI22 | Fall | 10265.0 |    0.0 | 121.0 |           | 
|-------------------------------+-------+------+---------+--------+-------+-----------|
| u_gemm/u_mac/i_23/i_224/Z     | AOI22 | Rise | 10640.0 |  375.0 | 293.0 | 26.2187   | 
|-------------------------------+-------+------+---------+--------+-------+-----------|
| u_gemm/u_mac/i_23/i_704/A     | INV   | Rise | 10641.0 |    1.0 | 293.0 |           | 
|-------------------------------+-------+------+---------+--------+-------+-----------|
| u_gemm/u_mac/i_23/i_704/Z     | INV   | Fall | 10732.0 |   91.0 | 80.0  | 14.5462   | 
|-------------------------------+-------+------+---------+--------+-------+-----------|
| u_gemm/u_mac/i_23/i_648/B     | AOI22 | Fall | 10732.0 |    0.0 | 80.0  |           | 
|-------------------------------+-------+------+---------+--------+-------+-----------|
| u_gemm/u_mac/i_23/i_648/Z     | AOI22 | Rise | 11118.0 |  386.0 | 285.0 | 24.3744   | 
|-------------------------------+-------+------+---------+--------+-------+-----------|
| u_gemm/u_mac/i_23/i_647/D     | AOI22 | Rise | 11118.0 |    0.0 | 285.0 |           | 
|-------------------------------+-------+------+---------+--------+-------+-----------|
| u_gemm/u_mac/i_23/i_647/Z     | AOI22 | Fall | 11379.0 |  261.0 | 190.0 | 35.7293   | 
|-------------------------------+-------+------+---------+--------+-------+-----------|
| u_gemm/u_mac/i_23/i_644/A     | XNOR2 | Fall | 11380.0 |    1.0 | 190.0 |           | 
|-------------------------------+-------+------+---------+--------+-------+-----------|
| u_gemm/u_mac/i_23/i_644/Z     | XNOR2 | Rise | 11774.0 |  394.0 | 71.0  | 32.4772   | 
|-------------------------------+-------+------+---------+--------+-------+-----------|
| u_gemm/u_mac/i_23/i_642/A     | NOR2  | Rise | 11774.0 |    0.0 | 71.0  |           | 
|-------------------------------+-------+------+---------+--------+-------+-----------|
| u_gemm/u_mac/i_23/i_642/Z     | NOR2  | Fall | 11863.0 |   89.0 | 53.0  | 13.456    | 
|-------------------------------+-------+------+---------+--------+-------+-----------|
| u_gemm/u_mac/i_23/i_641/B     | NOR2  | Fall | 11863.0 |    0.0 | 53.0  |           | 
|-------------------------------+-------+------+---------+--------+-------+-----------|
| u_gemm/u_mac/i_23/i_641/Z     | NOR2  | Rise | 12021.0 |  158.0 | 124.0 | 29.3124   | 
|-------------------------------+-------+------+---------+--------+-------+-----------|
| u_gemm/u_mac/i_23/i_633/A     | NOR2  | Rise | 12021.0 |    0.0 | 124.0 |           | 
|-------------------------------+-------+------+---------+--------+-------+-----------|
| u_gemm/u_mac/i_23/i_633/Z     | NOR2  | Fall | 12130.0 |  109.0 | 69.0  | 16.6039   | 
|-------------------------------+-------+------+---------+--------+-------+-----------|
| u_gemm/u_mac/i_23/i_632/A     | INV   | Fall | 12130.0 |    0.0 | 69.0  |           | 
|-------------------------------+-------+------+---------+--------+-------+-----------|
| u_gemm/u_mac/i_23/i_632/Z     | INV   | Rise | 12230.0 |  100.0 | 60.0  | 28.2765   | 
|-------------------------------+-------+------+---------+--------+-------+-----------|
| u_gemm/u_mac/i_23/i_606/B     | NAND2 | Rise | 12230.0 |    0.0 | 60.0  |           | 
|-------------------------------+-------+------+---------+--------+-------+-----------|
| u_gemm/u_mac/i_23/i_606/Z     | NAND2 | Fall | 12363.0 |  133.0 | 86.0  | 28.7662   | 
|-------------------------------+-------+------+---------+--------+-------+-----------|
| u_gemm/u_mac/i_23/i_604/A     | XOR2  | Fall | 12364.0 |    1.0 | 86.0  |           | 
|-------------------------------+-------+------+---------+--------+-------+-----------|
| u_gemm/u_mac/i_23/i_604/Z     | XOR2  | Fall | 12652.0 |  288.0 | 92.0  | 23.1803   | 
|-------------------------------+-------+------+---------+--------+-------+-----------|
| u_gemm/u_mac/i_23/i_713/B     | AOI22 | Fall | 12652.0 |    0.0 | 92.0  |           | 
|-------------------------------+-------+------+---------+--------+-------+-----------|
| u_gemm/u_mac/i_23/i_713/Z     | AOI22 | Rise | 13103.0 |  451.0 | 336.0 | 33.4902   | 
|-------------------------------+-------+------+---------+--------+-------+-----------|
| u_gemm/u_mac/i_23/i_710/A     | NOR2  | Rise | 13118.0 |   15.0 | 336.0 |           | 
|-------------------------------+-------+------+---------+--------+-------+-----------|
| u_gemm/u_mac/i_23/i_710/Z     | NOR2  | Fall | 13270.0 |  152.0 | 127.0 | 25.385    | 
|-------------------------------+-------+------+---------+--------+-------+-----------|
| u_gemm/u_mac/i_23/i_731/C     | AOI22 | Fall | 13270.0 |    0.0 | 127.0 |           | 
|-------------------------------+-------+------+---------+--------+-------+-----------|
| u_gemm/u_mac/i_23/i_731/Z     | AOI22 | Rise | 13659.0 |  389.0 | 337.0 | 32.1954   | 
|-------------------------------+-------+------+---------+--------+-------+-----------|
| u_gemm/u_mac/i_23/i_730/A     | INV   | Rise | 13660.0 |    1.0 | 337.0 |           | 
|-------------------------------+-------+------+---------+--------+-------+-----------|
| u_gemm/u_mac/i_23/i_730/Z     | INV   | Fall | 13788.0 |  128.0 | 104.0 | 27.0362   | 
|-------------------------------+-------+------+---------+--------+-------+-----------|
| u_gemm/u_mac/i_23/i_100/B     | AOI22 | Fall | 13788.0 |    0.0 | 104.0 |           | 
|-------------------------------+-------+------+---------+--------+-------+-----------|
| u_gemm/u_mac/i_23/i_100/Z     | AOI22 | Rise | 14244.0 |  456.0 | 338.0 | 33.7503   | 
|-------------------------------+-------+------+---------+--------+-------+-----------|
| u_gemm/u_mac/i_23/i_99/A      | INV   | Rise | 14245.0 |    1.0 | 338.0 |           | 
|-------------------------------+-------+------+---------+--------+-------+-----------|
| u_gemm/u_mac/i_23/i_99/Z      | INV   | Fall | 14348.0 |  103.0 | 92.0  | 17.8667   | 
|-------------------------------+-------+------+---------+--------+-------+-----------|
| u_gemm/u_mac/i_23/i_94/B      | AOI22 | Fall | 14348.0 |    0.0 | 92.0  |           | 
|-------------------------------+-------+------+---------+--------+-------+-----------|
| u_gemm/u_mac/i_23/i_94/Z      | AOI22 | Rise | 15328.0 |  980.0 | 832.0 | 112.041   | 
|-------------------------------+-------+------+---------+--------+-------+-----------|
| u_gemm/u_mac/i_23/i_144/B     | NOR2  | Rise | 15332.0 |    4.0 | 832.0 |           | 
|-------------------------------+-------+------+---------+--------+-------+-----------|
| u_gemm/u_mac/i_23/i_144/Z     | NOR2  | Fall | 15401.0 |   69.0 | 149.0 | 7.90857   | 
|-------------------------------+-------+------+---------+--------+-------+-----------|
| u_gemm/u_mac/i_23/i_134/A     | NOR3  | Fall | 15401.0 |    0.0 | 149.0 |           | 
|-------------------------------+-------+------+---------+--------+-------+-----------|
| u_gemm/u_mac/i_23/i_134/Z     | NOR3  | Rise | 15827.0 |  426.0 | 302.0 | 21.4743   | 
|-------------------------------+-------+------+---------+--------+-------+-----------|
| u_gemm/u_mac/i_23/i_132/A     | XNOR2 | Rise | 15839.0 |   12.0 | 302.0 |           | 
|-------------------------------+-------+------+---------+--------+-------+-----------|
| u_gemm/u_mac/i_23/i_132/Z     | XNOR2 | Fall | 16110.0 |  271.0 | 69.0  | 8.71139   | 
|-------------------------------+-------+------+---------+--------+-------+-----------|
| u_gemm/u_mac/i_23/p_4[31]     |       | Fall | 16110.0 |    0.0 |       |           | 
|-------------------------------+-------+------+---------+--------+-------+-----------|
| u_gemm/u_mac/i_0_31/A         | AO22  | Fall | 16110.0 |    0.0 | 69.0  |           | 
|-------------------------------+-------+------+---------+--------+-------+-----------|
| u_gemm/u_mac/i_0_31/Z         | AO22  | Fall | 16404.0 |  294.0 | 66.0  | 8.93329   | 
|-------------------------------+-------+------+---------+--------+-------+-----------|
| u_gemm/u_mac/acc_reg[31]/DATA | DFF   | Fall | 16404.0 |    0.0 | 66.0  |           | 
---------------------------------------------------------------------------------------


----------------------------------------------------------------
|                                         | Time     | Total   | 
|-----------------------------------------+----------+---------|
| target clock clk (rise edge)            |      0.0 |     0.0 | 
|-----------------------------------------+----------+---------|
| target clock cycle shift                |  20000.0 | 20000.0 | 
|-----------------------------------------+----------+---------|
| target clock propagated network latency |    933.0 | 20933.0 | 
|-----------------------------------------+----------+---------|
| library setup check                     |   -223.0 | 20710.0 | 
|-----------------------------------------+----------+---------|
| data required time                      |  20710.0 |         | 
|-----------------------------------------+----------+---------|
|                                         |          |         | 
|-----------------------------------------+----------+---------|
| data required time                      |  20710.0 |         | 
|-----------------------------------------+----------+---------|
| data arrival time                       | -16404.0 |         | 
|-----------------------------------------+----------+---------|
| pessimism                               |     18.0 |         | 
|-----------------------------------------+----------+---------|
|                                         |          |         | 
|-----------------------------------------+----------+---------|
| slack                                   |   4324.0 |         | 
----------------------------------------------------------------


info UI33: performed report_timing for 0 sec (CPU time: 0 sec; MEM: RSS - 687M, CVMEM - 1153M, PVMEM - 1694M)
