 Timing Path to u_gemm/u_mac/c_wdata_reg[20]/DATA 
  
 Path Start Point : u_gemm/u_mmio_r_n_reg[1] (DFF) 
                       (rising edge-triggered flip-flop clocked by clk) 
 Path End Point   : u_gemm/u_mac/c_wdata_reg[20] (DFF) 
                       (rising edge-triggered flip-flop clocked by clk) 
 Mode             : default 
 Corner           : slow 
 Path Type        : max 
 Path Group       : clk 


--------------------------------------------------------------------------------------------
| Pin                               | Cell  | Edge | Arrival | Delay  | Slew   | Total Cap | 
|-----------------------------------+-------+------+---------+--------+--------+-----------|
| u_gemm/u_mmio_r_n_reg[1]/CLK      | DFF   | Rise |  1072.0 | 1072.0 | 317.0  |           | 
|-----------------------------------+-------+------+---------+--------+--------+-----------|
| u_gemm/u_mmio_r_n_reg[1]/Q        | DFF   | Rise |  2654.0 | 1582.0 | 1111.0 | 321.229   | 
|-----------------------------------+-------+------+---------+--------+--------+-----------|
| u_gemm/u_mac/n_dim[1]             |       | Rise |  2654.0 |    0.0 |        |           | 
|-----------------------------------+-------+------+---------+--------+--------+-----------|
| u_gemm/u_mac/i_0_26/B             | NAND3 | Rise |  2711.0 |   57.0 | 1110.0 |           | 
|-----------------------------------+-------+------+---------+--------+--------+-----------|
| u_gemm/u_mac/i_0_26/Z             | NAND3 | Fall |  3130.0 |  419.0 | 344.0  | 29.7513   | 
|-----------------------------------+-------+------+---------+--------+--------+-----------|
| u_gemm/u_mac/i_0_25/B             | NAND2 | Fall |  3130.0 |    0.0 | 344.0  |           | 
|-----------------------------------+-------+------+---------+--------+--------+-----------|
| u_gemm/u_mac/i_0_25/Z             | NAND2 | Rise |  3321.0 |  191.0 | 118.0  | 18.2883   | 
|-----------------------------------+-------+------+---------+--------+--------+-----------|
| u_gemm/u_mac/i_0_24/B             | XNOR2 | Rise |  3321.0 |    0.0 | 118.0  |           | 
|-----------------------------------+-------+------+---------+--------+--------+-----------|
| u_gemm/u_mac/i_0_24/Z             | XNOR2 | Fall |  3672.0 |  351.0 | 97.0   | 31.8439   | 
|-----------------------------------+-------+------+---------+--------+--------+-----------|
| u_gemm/u_mac/i_0_22/B             | XNOR2 | Fall |  3672.0 |    0.0 | 97.0   |           | 
|-----------------------------------+-------+------+---------+--------+--------+-----------|
| u_gemm/u_mac/i_0_22/Z             | XNOR2 | Fall |  4030.0 |  358.0 | 99.0   | 34.2445   | 
|-----------------------------------+-------+------+---------+--------+--------+-----------|
| u_gemm/u_mac/i_0_3/A              | XOR2  | Fall |  4031.0 |    1.0 | 99.0   |           | 
|-----------------------------------+-------+------+---------+--------+--------+-----------|
| u_gemm/u_mac/i_0_3/Z              | XOR2  | Rise |  4820.0 |  789.0 | 700.0  | 100.486   | 
|-----------------------------------+-------+------+---------+--------+--------+-----------|
| u_gemm/u_mac/b_raddr[2]           |       | Rise |  4820.0 |    0.0 |        |           | 
|-----------------------------------+-------+------+---------+--------+--------+-----------|
| u_gemm/u_buf/b_raddr[2]           |       | Rise |  4820.0 |    0.0 |        |           | 
|-----------------------------------+-------+------+---------+--------+--------+-----------|
| u_gemm/u_buf/i_1_18_101/B         | NAND2 | Rise |  4827.0 |    7.0 | 700.0  |           | 
|-----------------------------------+-------+------+---------+--------+--------+-----------|
| u_gemm/u_buf/i_1_18_101/Z         | NAND2 | Fall |  5102.0 |  275.0 | 218.0  | 52.4327   | 
|-----------------------------------+-------+------+---------+--------+--------+-----------|
| u_gemm/u_buf/i_1_18_89/C          | NOR3  | Fall |  5102.0 |    0.0 | 218.0  |           | 
|-----------------------------------+-------+------+---------+--------+--------+-----------|
| u_gemm/u_buf/i_1_18_89/Z          | NOR3  | Rise |  6162.0 | 1060.0 | 902.0  | 85.378    | 
|-----------------------------------+-------+------+---------+--------+--------+-----------|
| u_gemm/u_buf/i_1_18_16/C          | AOI22 | Rise |  6274.0 |  112.0 | 902.0  |           | 
|-----------------------------------+-------+------+---------+--------+--------+-----------|
| u_gemm/u_buf/i_1_18_16/Z          | AOI22 | Fall |  6508.0 |  234.0 | 292.0  | 17.7784   | 
|-----------------------------------+-------+------+---------+--------+--------+-----------|
| u_gemm/u_buf/i_1_18_15/D          | NAND4 | Fall |  6508.0 |    0.0 | 292.0  |           | 
|-----------------------------------+-------+------+---------+--------+--------+-----------|
| u_gemm/u_buf/i_1_18_15/Z          | NAND4 | Rise |  6739.0 |  231.0 | 152.0  | 21.7249   | 
|-----------------------------------+-------+------+---------+--------+--------+-----------|
| u_gemm/u_buf/i_1_18_13/A          | NOR2  | Rise |  6740.0 |    1.0 | 152.0  |           | 
|-----------------------------------+-------+------+---------+--------+--------+-----------|
| u_gemm/u_buf/i_1_18_13/Z          | NOR2  | Fall |  6907.0 |  167.0 | 104.0  | 46.1467   | 
|-----------------------------------+-------+------+---------+--------+--------+-----------|
| u_gemm/u_buf/i_1_18_12/A          | INV   | Fall |  6913.0 |    6.0 | 104.0  |           | 
|-----------------------------------+-------+------+---------+--------+--------+-----------|
| u_gemm/u_buf/i_1_18_12/Z          | INV   | Rise |  7066.0 |  153.0 | 96.0   | 51.2408   | 
|-----------------------------------+-------+------+---------+--------+--------+-----------|
| u_gemm/u_buf/b_rdata[1]           |       | Rise |  7066.0 |    0.0 |        |           | 
|-----------------------------------+-------+------+---------+--------+--------+-----------|
| u_gemm/u_mac/b_rdata[1]           |       | Rise |  7066.0 |    0.0 |        |           | 
|-----------------------------------+-------+------+---------+--------+--------+-----------|
| u_gemm/u_mac/i_8/b_rdata[1]       |       | Rise |  7066.0 |    0.0 |        |           | 
|-----------------------------------+-------+------+---------+--------+--------+-----------|
| u_gemm/u_mac/i_8/i_332/A          | INV   | Rise |  7072.0 |    6.0 | 96.0   |           | 
|-----------------------------------+-------+------+---------+--------+--------+-----------|
| u_gemm/u_mac/i_8/i_332/Z          | INV   | Fall |  7297.0 |  225.0 | 148.0  | 113.827   | 
|-----------------------------------+-------+------+---------+--------+--------+-----------|
| u_gemm/u_mac/i_8/i_295/A          | NOR2  | Fall |  7302.0 |    5.0 | 148.0  |           | 
|-----------------------------------+-------+------+---------+--------+--------+-----------|
| u_gemm/u_mac/i_8/i_295/Z          | NOR2  | Rise |  7465.0 |  163.0 | 96.0   | 16.0911   | 
|-----------------------------------+-------+------+---------+--------+--------+-----------|
| u_gemm/u_mac/i_8/i_293/A          | XNOR2 | Rise |  7465.0 |    0.0 | 96.0   |           | 
|-----------------------------------+-------+------+---------+--------+--------+-----------|
| u_gemm/u_mac/i_8/i_293/Z          | XNOR2 | Fall |  7777.0 |  312.0 | 92.0   | 28.2529   | 
|-----------------------------------+-------+------+---------+--------+--------+-----------|
| u_gemm/u_mac/i_8/i_201/D          | AOI22 | Fall |  7778.0 |    1.0 | 92.0   |           | 
|-----------------------------------+-------+------+---------+--------+--------+-----------|
| u_gemm/u_mac/i_8/i_201/Z          | AOI22 | Rise |  8182.0 |  404.0 | 332.0  | 32.8018   | 
|-----------------------------------+-------+------+---------+--------+--------+-----------|
| u_gemm/u_mac/i_8/i_199/B          | XNOR2 | Rise |  8182.0 |    0.0 | 332.0  |           | 
|-----------------------------------+-------+------+---------+--------+--------+-----------|
| u_gemm/u_mac/i_8/i_199/Z          | XNOR2 | Fall |  8514.0 |  332.0 | 87.0   | 23.6099   | 
|-----------------------------------+-------+------+---------+--------+--------+-----------|
| u_gemm/u_mac/i_8/i_462/B          | AOI22 | Fall |  8514.0 |    0.0 | 87.0   |           | 
|-----------------------------------+-------+------+---------+--------+--------+-----------|
| u_gemm/u_mac/i_8/i_462/Z          | AOI22 | Rise |  8912.0 |  398.0 | 288.0  | 25.911    | 
|-----------------------------------+-------+------+---------+--------+--------+-----------|
| u_gemm/u_mac/i_8/i_461/A          | INV   | Rise |  8913.0 |    1.0 | 288.0  |           | 
|-----------------------------------+-------+------+---------+--------+--------+-----------|
| u_gemm/u_mac/i_8/i_461/Z          | INV   | Fall |  9002.0 |   89.0 | 78.0   | 13.8419   | 
|-----------------------------------+-------+------+---------+--------+--------+-----------|
| u_gemm/u_mac/i_8/i_460/B          | AOI22 | Fall |  9002.0 |    0.0 | 78.0   |           | 
|-----------------------------------+-------+------+---------+--------+--------+-----------|
| u_gemm/u_mac/i_8/i_460/Z          | AOI22 | Rise |  9391.0 |  389.0 | 287.0  | 24.9115   | 
|-----------------------------------+-------+------+---------+--------+--------+-----------|
| u_gemm/u_mac/i_8/i_459/B          | XNOR2 | Rise |  9391.0 |    0.0 | 287.0  |           | 
|-----------------------------------+-------+------+---------+--------+--------+-----------|
| u_gemm/u_mac/i_8/i_459/Z          | XNOR2 | Fall |  9735.0 |  344.0 | 94.0   | 28.6346   | 
|-----------------------------------+-------+------+---------+--------+--------+-----------|
| u_gemm/u_mac/i_8/i_433/B          | NOR2  | Fall |  9735.0 |    0.0 | 94.0   |           | 
|-----------------------------------+-------+------+---------+--------+--------+-----------|
| u_gemm/u_mac/i_8/i_433/Z          | NOR2  | Rise |  9923.0 |  188.0 | 132.0  | 32.3901   | 
|-----------------------------------+-------+------+---------+--------+--------+-----------|
| u_gemm/u_mac/i_8/i_432/A          | INV   | Rise |  9923.0 |    0.0 | 132.0  |           | 
|-----------------------------------+-------+------+---------+--------+--------+-----------|
| u_gemm/u_mac/i_8/i_432/Z          | INV   | Fall | 10036.0 |  113.0 | 69.0   | 31.7748   | 
|-----------------------------------+-------+------+---------+--------+--------+-----------|
| u_gemm/u_mac/i_8/i_366/B          | NAND2 | Fall | 10036.0 |    0.0 | 69.0   |           | 
|-----------------------------------+-------+------+---------+--------+--------+-----------|
| u_gemm/u_mac/i_8/i_366/Z          | NAND2 | Rise | 10171.0 |  135.0 | 89.0   | 36.1306   | 
|-----------------------------------+-------+------+---------+--------+--------+-----------|
| u_gemm/u_mac/i_8/i_362/B          | NAND2 | Rise | 10171.0 |    0.0 | 89.0   |           | 
|-----------------------------------+-------+------+---------+--------+--------+-----------|
| u_gemm/u_mac/i_8/i_362/Z          | NAND2 | Fall | 10265.0 |   94.0 | 51.0   | 8.37851   | 
|-----------------------------------+-------+------+---------+--------+--------+-----------|
| u_gemm/u_mac/i_8/i_361/B          | AOI22 | Fall | 10265.0 |    0.0 | 51.0   |           | 
|-----------------------------------+-------+------+---------+--------+--------+-----------|
| u_gemm/u_mac/i_8/i_361/Z          | AOI22 | Rise | 10641.0 |  376.0 | 275.0  | 24.1373   | 
|-----------------------------------+-------+------+---------+--------+--------+-----------|
| u_gemm/u_mac/i_8/i_360/A          | INV   | Rise | 10641.0 |    0.0 | 275.0  |           | 
|-----------------------------------+-------+------+---------+--------+--------+-----------|
| u_gemm/u_mac/i_8/i_360/Z          | INV   | Fall | 10737.0 |   96.0 | 80.0   | 17.0231   | 
|-----------------------------------+-------+------+---------+--------+--------+-----------|
| u_gemm/u_mac/i_8/i_359/D          | AOI22 | Fall | 10737.0 |    0.0 | 80.0   |           | 
|-----------------------------------+-------+------+---------+--------+--------+-----------|
| u_gemm/u_mac/i_8/i_359/Z          | AOI22 | Rise | 11069.0 |  332.0 | 270.0  | 23.0971   | 
|-----------------------------------+-------+------+---------+--------+--------+-----------|
| u_gemm/u_mac/i_8/i_358/A          | INV   | Rise | 11069.0 |    0.0 | 270.0  |           | 
|-----------------------------------+-------+------+---------+--------+--------+-----------|
| u_gemm/u_mac/i_8/i_358/Z          | INV   | Fall | 11182.0 |  113.0 | 88.0   | 23.8093   | 
|-----------------------------------+-------+------+---------+--------+--------+-----------|
| u_gemm/u_mac/i_8/i_355/A          | NAND2 | Fall | 11182.0 |    0.0 | 88.0   |           | 
|-----------------------------------+-------+------+---------+--------+--------+-----------|
| u_gemm/u_mac/i_8/i_355/Z          | NAND2 | Rise | 11304.0 |  122.0 | 80.0   | 30.6777   | 
|-----------------------------------+-------+------+---------+--------+--------+-----------|
| u_gemm/u_mac/i_8/i_354/B          | NAND2 | Rise | 11304.0 |    0.0 | 80.0   |           | 
|-----------------------------------+-------+------+---------+--------+--------+-----------|
| u_gemm/u_mac/i_8/i_354/Z          | NAND2 | Fall | 11419.0 |  115.0 | 76.0   | 18.6399   | 
|-----------------------------------+-------+------+---------+--------+--------+-----------|
| u_gemm/u_mac/i_8/i_353/B          | NAND2 | Fall | 11419.0 |    0.0 | 76.0   |           | 
|-----------------------------------+-------+------+---------+--------+--------+-----------|
| u_gemm/u_mac/i_8/i_353/Z          | NAND2 | Rise | 11524.0 |  105.0 | 65.0   | 15.8092   | 
|-----------------------------------+-------+------+---------+--------+--------+-----------|
| u_gemm/u_mac/i_8/i_352/B          | NAND2 | Rise | 11524.0 |    0.0 | 65.0   |           | 
|-----------------------------------+-------+------+---------+--------+--------+-----------|
| u_gemm/u_mac/i_8/i_352/Z          | NAND2 | Fall | 11689.0 |  165.0 | 109.0  | 44.1829   | 
|-----------------------------------+-------+------+---------+--------+--------+-----------|
| u_gemm/u_mac/i_8/i_508/C          | NAND3 | Fall | 11690.0 |    1.0 | 109.0  |           | 
|-----------------------------------+-------+------+---------+--------+--------+-----------|
| u_gemm/u_mac/i_8/i_508/Z          | NAND3 | Rise | 11929.0 |  239.0 | 164.0  | 29.3035   | 
|-----------------------------------+-------+------+---------+--------+--------+-----------|
| u_gemm/u_mac/i_8/i_507/B          | NAND2 | Rise | 11943.0 |   14.0 | 164.0  |           | 
|-----------------------------------+-------+------+---------+--------+--------+-----------|
| u_gemm/u_mac/i_8/i_507/Z          | NAND2 | Fall | 12102.0 |  159.0 | 97.0   | 32.1414   | 
|-----------------------------------+-------+------+---------+--------+--------+-----------|
| u_gemm/u_mac/i_8/i_609/A          | INV   | Fall | 12102.0 |    0.0 | 97.0   |           | 
|-----------------------------------+-------+------+---------+--------+--------+-----------|
| u_gemm/u_mac/i_8/i_609/Z          | INV   | Rise | 12209.0 |  107.0 | 62.0   | 25.8944   | 
|-----------------------------------+-------+------+---------+--------+--------+-----------|
| u_gemm/u_mac/i_8/i_586/C          | NOR3  | Rise | 12209.0 |    0.0 | 62.0   |           | 
|-----------------------------------+-------+------+---------+--------+--------+-----------|
| u_gemm/u_mac/i_8/i_586/Z          | NOR3  | Fall | 12289.0 |   80.0 | 76.0   | 9.69018   | 
|-----------------------------------+-------+------+---------+--------+--------+-----------|
| u_gemm/u_mac/i_8/i_584/C          | NOR3  | Fall | 12289.0 |    0.0 | 76.0   |           | 
|-----------------------------------+-------+------+---------+--------+--------+-----------|
| u_gemm/u_mac/i_8/i_584/Z          | NOR3  | Rise | 13648.0 | 1359.0 | 1254.0 | 123.486   | 
|-----------------------------------+-------+------+---------+--------+--------+-----------|
| u_gemm/u_mac/i_8/i_583/A          | INV   | Rise | 13653.0 |    5.0 | 1254.0 |           | 
|-----------------------------------+-------+------+---------+--------+--------+-----------|
| u_gemm/u_mac/i_8/i_583/Z          | INV   | Fall | 13803.0 |  150.0 | 232.0  | 28.0448   | 
|-----------------------------------+-------+------+---------+--------+--------+-----------|
| u_gemm/u_mac/i_8/i_47/C           | AOI22 | Fall | 13803.0 |    0.0 | 232.0  |           | 
|-----------------------------------+-------+------+---------+--------+--------+-----------|
| u_gemm/u_mac/i_8/i_47/Z           | AOI22 | Rise | 14171.0 |  368.0 | 262.0  | 21.2611   | 
|-----------------------------------+-------+------+---------+--------+--------+-----------|
| u_gemm/u_mac/i_8/i_45/A           | XNOR2 | Rise | 14181.0 |   10.0 | 262.0  |           | 
|-----------------------------------+-------+------+---------+--------+--------+-----------|
| u_gemm/u_mac/i_8/i_45/Z           | XNOR2 | Fall | 14534.0 |  353.0 | 115.0  | 47.9839   | 
|-----------------------------------+-------+------+---------+--------+--------+-----------|
| u_gemm/u_mac/i_8/p_0[20]          |       | Fall | 14534.0 |    0.0 |        |           | 
|-----------------------------------+-------+------+---------+--------+--------+-----------|
| u_gemm/u_mac/i_0_212/A            | AO22  | Fall | 14540.0 |    6.0 | 115.0  |           | 
|-----------------------------------+-------+------+---------+--------+--------+-----------|
| u_gemm/u_mac/i_0_212/Z            | AO22  | Fall | 14842.0 |  302.0 | 67.0   | 7.89511   | 
|-----------------------------------+-------+------+---------+--------+--------+-----------|
| u_gemm/u_mac/c_wdata_reg[20]/DATA | DFF   | Fall | 14842.0 |    0.0 | 67.0   |           | 
--------------------------------------------------------------------------------------------


----------------------------------------------------------------
|                                         | Time     | Total   | 
|-----------------------------------------+----------+---------|
| target clock clk (rise edge)            |      0.0 |     0.0 | 
|-----------------------------------------+----------+---------|
| target clock cycle shift                |  15000.0 | 15000.0 | 
|-----------------------------------------+----------+---------|
| target clock propagated network latency |   1041.0 | 16041.0 | 
|-----------------------------------------+----------+---------|
| library setup check                     |   -240.0 | 15801.0 | 
|-----------------------------------------+----------+---------|
| data required time                      |  15801.0 |         | 
|-----------------------------------------+----------+---------|
|                                         |          |         | 
|-----------------------------------------+----------+---------|
| data required time                      |  15801.0 |         | 
|-----------------------------------------+----------+---------|
| data arrival time                       | -14842.0 |         | 
|-----------------------------------------+----------+---------|
| pessimism                               |      5.0 |         | 
|-----------------------------------------+----------+---------|
|                                         |          |         | 
|-----------------------------------------+----------+---------|
| slack                                   |    964.0 |         | 
----------------------------------------------------------------


info UI33: performed report_timing for 0 sec (CPU time: 0 sec; MEM: RSS - 644M, CVMEM - 1063M, PVMEM - 1606M)
