Report 'design': Design Report
Generated on 토 6월 13 21:22:58 2026
  
--------------------------
|  Hierarchy Statistics  |
|----------------+-------|
|                | Count | 
|----------------+-------|
| Hier Cells     | 5     | 
|----------------+-------|
| Constant Cells | 1     | 
|----------------+-------|
| Spare Cells    | 0     | 
|----------------+-------|
| Clock Cells    | 92    | 
|----------------+-------|
| Scan Cells     | N/A   | 
|----------------+-------|
| Leaf Cells     | 4438  | 
|----------------+-------|
| Unplaced Cells | 0     | 
--------------------------


  
---------------------------------------
|        Leaf Cells Statistics        |
|----------------+-------+------------|
|                | Count | Percentage | 
|----------------+-------+------------|
| Buffers        | 122   | 2.74       | 
|----------------+-------+------------|
| Inverters      | 311   | 7          | 
|----------------+-------+------------|
| Registers      | 1077  | 24.26      | 
|----------------+-------+------------|
| Latches        | 0     | 0          | 
|----------------+-------+------------|
| Complex Cells  | 1897  | 42.74      | 
|----------------+-------+------------|
| Filler Cells   | 0     | 0          | 
|----------------+-------+------------|
| Physical Cells | 0     | 0          | 
|----------------+-------+------------|
| Logical Cells  | 4438  | 100        | 
---------------------------------------


  
--------------------------------------------------------------
|                 Placement Area Statistics                  |
|--------------------+---------------------+-----------------|
|                    | Area (micro (e-12)) | Utilization (%) | 
|--------------------+---------------------+-----------------|
| Standard Cells     | 332024              | 90.85           | 
|--------------------+---------------------+-----------------|
| Buffers, Inverters | 9845.96             | 2.69            | 
|--------------------+---------------------+-----------------|
| Filler Cells       | 0                   | 0               | 
|--------------------+---------------------+-----------------|
| Physical Cells     | 0                   | 0               | 
|--------------------+---------------------+-----------------|
| Placeable Row Area | 365438              | 100             | 
--------------------------------------------------------------


  
----------------------------------------
|         Flat Nets Statistics         |
|-----------------+-------+------------|
|                 | Count | Percentage | 
|-----------------+-------+------------|
| All             | 4675  | 100        | 
|-----------------+-------+------------|
| Orphaned        | 227   | 4.85       | 
|-----------------+-------+------------|
| Multi Driver    | 0     | 0          | 
|-----------------+-------+------------|
| 1 Fanout        | 2437  | 52.12      | 
|-----------------+-------+------------|
| 2 Fanouts       | 1435  | 30.69      | 
|-----------------+-------+------------|
| 3-30 Fanouts    | 555   | 11.87      | 
|-----------------+-------+------------|
| 30-127 Fanouts  | 21    | 0.44       | 
|-----------------+-------+------------|
| 128-500 Fanouts | 0     | 0          | 
|-----------------+-------+------------|
| > 500 Fanouts   | 0     | 0          | 
----------------------------------------


