 Timing Path to u_gemm/u_mac/acc1_reg[20]/DATA 
  
 Path Start Point : u_gemm/u_mmio_r_k_reg[2] (DFF) 
                       (rising edge-triggered flip-flop clocked by clk) 
 Path End Point   : u_gemm/u_mac/acc1_reg[20] (DFF) 
                       (rising edge-triggered flip-flop clocked by clk) 
 Mode             : default 
 Corner           : slow 
 Path Type        : max 
 Path Group       : clk 


-----------------------------------------------------------------------------------------
| Pin                            | Cell  | Edge | Arrival | Delay  | Slew   | Total Cap | 
|--------------------------------+-------+------+---------+--------+--------+-----------|
| u_gemm/u_mmio_r_k_reg[2]/CLK   | DFF   | Rise |  1037.0 | 1037.0 | 285.0  |           | 
|--------------------------------+-------+------+---------+--------+--------+-----------|
| u_gemm/u_mmio_r_k_reg[2]/Q     | DFF   | Rise |  2196.0 | 1159.0 | 665.0  | 194.879   | 
|--------------------------------+-------+------+---------+--------+--------+-----------|
| u_gemm/u_mac/k_dim[2]          |       | Rise |  2196.0 |    0.0 |        |           | 
|--------------------------------+-------+------+---------+--------+--------+-----------|
| u_gemm/u_mac/i_0_416/A         | NAND3 | Rise |  2214.0 |   18.0 | 665.0  |           | 
|--------------------------------+-------+------+---------+--------+--------+-----------|
| u_gemm/u_mac/i_0_416/Z         | NAND3 | Fall |  2629.0 |  415.0 | 281.0  | 29.4628   | 
|--------------------------------+-------+------+---------+--------+--------+-----------|
| u_gemm/u_mac/i_0_415/B         | NAND2 | Fall |  2629.0 |    0.0 | 281.0  |           | 
|--------------------------------+-------+------+---------+--------+--------+-----------|
| u_gemm/u_mac/i_0_415/Z         | NAND2 | Rise |  2802.0 |  173.0 | 105.0  | 17.4312   | 
|--------------------------------+-------+------+---------+--------+--------+-----------|
| u_gemm/u_mac/i_0_414/B         | XNOR2 | Rise |  2802.0 |    0.0 | 105.0  |           | 
|--------------------------------+-------+------+---------+--------+--------+-----------|
| u_gemm/u_mac/i_0_414/Z         | XNOR2 | Fall |  3155.0 |  353.0 | 99.0   | 32.8182   | 
|--------------------------------+-------+------+---------+--------+--------+-----------|
| u_gemm/u_mac/i_0_400/A         | XNOR2 | Fall |  3155.0 |    0.0 | 99.0   |           | 
|--------------------------------+-------+------+---------+--------+--------+-----------|
| u_gemm/u_mac/i_0_400/Z         | XNOR2 | Fall |  3565.0 |  410.0 | 97.0   | 32.396    | 
|--------------------------------+-------+------+---------+--------+--------+-----------|
| u_gemm/u_mac/i_0_399/B         | NOR2  | Fall |  3565.0 |    0.0 | 97.0   |           | 
|--------------------------------+-------+------+---------+--------+--------+-----------|
| u_gemm/u_mac/i_0_399/Z         | NOR2  | Rise |  3703.0 |  138.0 | 115.0  | 14.9465   | 
|--------------------------------+-------+------+---------+--------+--------+-----------|
| u_gemm/u_mac/i_0_398/B         | NOR2  | Rise |  3703.0 |    0.0 | 115.0  |           | 
|--------------------------------+-------+------+---------+--------+--------+-----------|
| u_gemm/u_mac/i_0_398/Z         | NOR2  | Fall |  3793.0 |   90.0 | 63.0   | 18.7262   | 
|--------------------------------+-------+------+---------+--------+--------+-----------|
| u_gemm/u_mac/i_0_390/A         | XNOR2 | Fall |  3793.0 |    0.0 | 63.0   |           | 
|--------------------------------+-------+------+---------+--------+--------+-----------|
| u_gemm/u_mac/i_0_390/Z         | XNOR2 | Fall |  4322.0 |  529.0 | 168.0  | 101.868   | 
|--------------------------------+-------+------+---------+--------+--------+-----------|
| u_gemm/u_mac/a_raddr[3]        |       | Fall |  4322.0 |    0.0 |        |           | 
|--------------------------------+-------+------+---------+--------+--------+-----------|
| u_gemm/u_buf/a_raddr[3]        |       | Fall |  4322.0 |    0.0 |        |           | 
|--------------------------------+-------+------+---------+--------+--------+-----------|
| u_gemm/u_buf/i_0_1_277/A       | INV   | Fall |  4335.0 |   13.0 | 168.0  |           | 
|--------------------------------+-------+------+---------+--------+--------+-----------|
| u_gemm/u_buf/i_0_1_277/Z       | INV   | Rise |  4440.0 |  105.0 | 59.0   | 13.534    | 
|--------------------------------+-------+------+---------+--------+--------+-----------|
| u_gemm/u_buf/i_0_1_269/A       | NAND2 | Rise |  4440.0 |    0.0 | 59.0   |           | 
|--------------------------------+-------+------+---------+--------+--------+-----------|
| u_gemm/u_buf/i_0_1_269/Z       | NAND2 | Fall |  4628.0 |  188.0 | 223.0  | 56.7001   | 
|--------------------------------+-------+------+---------+--------+--------+-----------|
| u_gemm/u_buf/i_0_1_264/C       | NOR3  | Fall |  4629.0 |    1.0 | 223.0  |           | 
|--------------------------------+-------+------+---------+--------+--------+-----------|
| u_gemm/u_buf/i_0_1_264/Z       | NOR3  | Rise |  5731.0 | 1102.0 | 938.0  | 89.2816   | 
|--------------------------------+-------+------+---------+--------+--------+-----------|
| u_gemm/u_buf/i_0_1_199/B       | AOI22 | Rise |  5781.0 |   50.0 | 938.0  |           | 
|--------------------------------+-------+------+---------+--------+--------+-----------|
| u_gemm/u_buf/i_0_1_199/Z       | AOI22 | Fall |  6064.0 |  283.0 | 316.0  | 21.3667   | 
|--------------------------------+-------+------+---------+--------+--------+-----------|
| u_gemm/u_buf/i_0_1_191/A       | NAND4 | Fall |  6079.0 |   15.0 | 316.0  |           | 
|--------------------------------+-------+------+---------+--------+--------+-----------|
| u_gemm/u_buf/i_0_1_191/Z       | NAND4 | Rise |  6303.0 |  224.0 | 164.0  | 37.9613   | 
|--------------------------------+-------+------+---------+--------+--------+-----------|
| u_gemm/u_buf/i_0_1_190/B       | NOR2  | Rise |  6307.0 |    4.0 | 164.0  |           | 
|--------------------------------+-------+------+---------+--------+--------+-----------|
| u_gemm/u_buf/i_0_1_190/Z       | NOR2  | Fall |  6436.0 |  129.0 | 96.0   | 36.4986   | 
|--------------------------------+-------+------+---------+--------+--------+-----------|
| u_gemm/u_buf/i_0_1_189/A       | INV   | Fall |  6446.0 |   10.0 | 96.0   |           | 
|--------------------------------+-------+------+---------+--------+--------+-----------|
| u_gemm/u_buf/i_0_1_189/Z       | INV   | Rise |  6803.0 |  357.0 | 336.0  | 208.69    | 
|--------------------------------+-------+------+---------+--------+--------+-----------|
| u_gemm/u_buf/a_rdata[3]        |       | Rise |  6803.0 |    0.0 |        |           | 
|--------------------------------+-------+------+---------+--------+--------+-----------|
| u_gemm/u_mac/a_rdata[3]        |       | Rise |  6803.0 |    0.0 |        |           | 
|--------------------------------+-------+------+---------+--------+--------+-----------|
| u_gemm/u_mac/i_10/a_rdata[3]   |       | Rise |  6803.0 |    0.0 |        |           | 
|--------------------------------+-------+------+---------+--------+--------+-----------|
| u_gemm/u_mac/i_10/i_210/A      | INV   | Rise |  6863.0 |   60.0 | 334.0  |           | 
|--------------------------------+-------+------+---------+--------+--------+-----------|
| u_gemm/u_mac/i_10/i_210/Z      | INV   | Fall |  7167.0 |  304.0 | 196.0  | 115.729   | 
|--------------------------------+-------+------+---------+--------+--------+-----------|
| u_gemm/u_mac/i_10/i_167/B      | NOR2  | Fall |  7170.0 |    3.0 | 196.0  |           | 
|--------------------------------+-------+------+---------+--------+--------+-----------|
| u_gemm/u_mac/i_10/i_167/Z      | NOR2  | Rise |  7363.0 |  193.0 | 107.0  | 18.1106   | 
|--------------------------------+-------+------+---------+--------+--------+-----------|
| u_gemm/u_mac/i_10/i_39/A       | XNOR2 | Rise |  7363.0 |    0.0 | 107.0  |           | 
|--------------------------------+-------+------+---------+--------+--------+-----------|
| u_gemm/u_mac/i_10/i_39/Z       | XNOR2 | Fall |  7667.0 |  304.0 | 87.0   | 24.0414   | 
|--------------------------------+-------+------+---------+--------+--------+-----------|
| u_gemm/u_mac/i_10/i_341/D      | AOI22 | Fall |  7667.0 |    0.0 | 87.0   |           | 
|--------------------------------+-------+------+---------+--------+--------+-----------|
| u_gemm/u_mac/i_10/i_341/Z      | AOI22 | Rise |  8082.0 |  415.0 | 345.0  | 34.7983   | 
|--------------------------------+-------+------+---------+--------+--------+-----------|
| u_gemm/u_mac/i_10/i_339/B      | XNOR2 | Rise |  8083.0 |    1.0 | 345.0  |           | 
|--------------------------------+-------+------+---------+--------+--------+-----------|
| u_gemm/u_mac/i_10/i_339/Z      | XNOR2 | Fall |  8422.0 |  339.0 | 91.0   | 26.8181   | 
|--------------------------------+-------+------+---------+--------+--------+-----------|
| u_gemm/u_mac/i_10/i_390/B      | AOI22 | Fall |  8422.0 |    0.0 | 91.0   |           | 
|--------------------------------+-------+------+---------+--------+--------+-----------|
| u_gemm/u_mac/i_10/i_390/Z      | AOI22 | Rise |  8844.0 |  422.0 | 309.0  | 29.1999   | 
|--------------------------------+-------+------+---------+--------+--------+-----------|
| u_gemm/u_mac/i_10/i_389/A      | INV   | Rise |  8893.0 |   49.0 | 309.0  |           | 
|--------------------------------+-------+------+---------+--------+--------+-----------|
| u_gemm/u_mac/i_10/i_389/Z      | INV   | Fall |  8983.0 |   90.0 | 82.0   | 13.6749   | 
|--------------------------------+-------+------+---------+--------+--------+-----------|
| u_gemm/u_mac/i_10/i_387/B      | AOI22 | Fall |  8983.0 |    0.0 | 82.0   |           | 
|--------------------------------+-------+------+---------+--------+--------+-----------|
| u_gemm/u_mac/i_10/i_387/Z      | AOI22 | Rise |  9380.0 |  397.0 | 295.0  | 25.9046   | 
|--------------------------------+-------+------+---------+--------+--------+-----------|
| u_gemm/u_mac/i_10/i_386/B      | XNOR2 | Rise |  9380.0 |    0.0 | 295.0  |           | 
|--------------------------------+-------+------+---------+--------+--------+-----------|
| u_gemm/u_mac/i_10/i_386/Z      | XNOR2 | Fall |  9727.0 |  347.0 | 96.0   | 30.2928   | 
|--------------------------------+-------+------+---------+--------+--------+-----------|
| u_gemm/u_mac/i_10/i_357/B      | NOR2  | Fall |  9727.0 |    0.0 | 96.0   |           | 
|--------------------------------+-------+------+---------+--------+--------+-----------|
| u_gemm/u_mac/i_10/i_357/Z      | NOR2  | Rise |  9918.0 |  191.0 | 133.0  | 32.9743   | 
|--------------------------------+-------+------+---------+--------+--------+-----------|
| u_gemm/u_mac/i_10/i_355/A      | INV   | Rise |  9918.0 |    0.0 | 133.0  |           | 
|--------------------------------+-------+------+---------+--------+--------+-----------|
| u_gemm/u_mac/i_10/i_355/Z      | INV   | Fall | 10028.0 |  110.0 | 68.0   | 30.2483   | 
|--------------------------------+-------+------+---------+--------+--------+-----------|
| u_gemm/u_mac/i_10/i_250/B      | NAND2 | Fall | 10028.0 |    0.0 | 68.0   |           | 
|--------------------------------+-------+------+---------+--------+--------+-----------|
| u_gemm/u_mac/i_10/i_250/Z      | NAND2 | Rise | 10166.0 |  138.0 | 91.0   | 38.2822   | 
|--------------------------------+-------+------+---------+--------+--------+-----------|
| u_gemm/u_mac/i_10/i_246/B      | NAND2 | Rise | 10166.0 |    0.0 | 91.0   |           | 
|--------------------------------+-------+------+---------+--------+--------+-----------|
| u_gemm/u_mac/i_10/i_246/Z      | NAND2 | Fall | 10266.0 |  100.0 | 55.0   | 10.6392   | 
|--------------------------------+-------+------+---------+--------+--------+-----------|
| u_gemm/u_mac/i_10/i_245/B      | AOI22 | Fall | 10266.0 |    0.0 | 55.0   |           | 
|--------------------------------+-------+------+---------+--------+--------+-----------|
| u_gemm/u_mac/i_10/i_245/Z      | AOI22 | Rise | 10678.0 |  412.0 | 309.0  | 29.396    | 
|--------------------------------+-------+------+---------+--------+--------+-----------|
| u_gemm/u_mac/i_10/i_244/A      | INV   | Rise | 10679.0 |    1.0 | 309.0  |           | 
|--------------------------------+-------+------+---------+--------+--------+-----------|
| u_gemm/u_mac/i_10/i_244/Z      | INV   | Fall | 10777.0 |   98.0 | 86.0   | 16.5231   | 
|--------------------------------+-------+------+---------+--------+--------+-----------|
| u_gemm/u_mac/i_10/i_243/D      | AOI22 | Fall | 10777.0 |    0.0 | 86.0   |           | 
|--------------------------------+-------+------+---------+--------+--------+-----------|
| u_gemm/u_mac/i_10/i_243/Z      | AOI22 | Rise | 11186.0 |  409.0 | 340.0  | 34.0176   | 
|--------------------------------+-------+------+---------+--------+--------+-----------|
| u_gemm/u_mac/i_10/i_242/A      | INV   | Rise | 11187.0 |    1.0 | 340.0  |           | 
|--------------------------------+-------+------+---------+--------+--------+-----------|
| u_gemm/u_mac/i_10/i_242/Z      | INV   | Fall | 11311.0 |  124.0 | 102.0  | 25.4675   | 
|--------------------------------+-------+------+---------+--------+--------+-----------|
| u_gemm/u_mac/i_10/i_239/A      | NAND2 | Fall | 11311.0 |    0.0 | 102.0  |           | 
|--------------------------------+-------+------+---------+--------+--------+-----------|
| u_gemm/u_mac/i_10/i_239/Z      | NAND2 | Rise | 11438.0 |  127.0 | 80.0   | 30.501    | 
|--------------------------------+-------+------+---------+--------+--------+-----------|
| u_gemm/u_mac/i_10/i_238/B      | NAND2 | Rise | 11438.0 |    0.0 | 80.0   |           | 
|--------------------------------+-------+------+---------+--------+--------+-----------|
| u_gemm/u_mac/i_10/i_238/Z      | NAND2 | Fall | 11554.0 |  116.0 | 77.0   | 18.9782   | 
|--------------------------------+-------+------+---------+--------+--------+-----------|
| u_gemm/u_mac/i_10/i_237/B      | NAND2 | Fall | 11554.0 |    0.0 | 77.0   |           | 
|--------------------------------+-------+------+---------+--------+--------+-----------|
| u_gemm/u_mac/i_10/i_237/Z      | NAND2 | Rise | 11661.0 |  107.0 | 67.0   | 17.0678   | 
|--------------------------------+-------+------+---------+--------+--------+-----------|
| u_gemm/u_mac/i_10/i_236/B      | NAND2 | Rise | 11661.0 |    0.0 | 67.0   |           | 
|--------------------------------+-------+------+---------+--------+--------+-----------|
| u_gemm/u_mac/i_10/i_236/Z      | NAND2 | Fall | 11833.0 |  172.0 | 114.0  | 47.2109   | 
|--------------------------------+-------+------+---------+--------+--------+-----------|
| u_gemm/u_mac/i_10/i_447/C      | NAND3 | Fall | 11834.0 |    1.0 | 114.0  |           | 
|--------------------------------+-------+------+---------+--------+--------+-----------|
| u_gemm/u_mac/i_10/i_447/Z      | NAND3 | Rise | 12092.0 |  258.0 | 179.0  | 33.7532   | 
|--------------------------------+-------+------+---------+--------+--------+-----------|
| u_gemm/u_mac/i_10/i_446/B      | NAND2 | Rise | 12094.0 |    2.0 | 179.0  |           | 
|--------------------------------+-------+------+---------+--------+--------+-----------|
| u_gemm/u_mac/i_10/i_446/Z      | NAND2 | Fall | 12259.0 |  165.0 | 103.0  | 33.9902   | 
|--------------------------------+-------+------+---------+--------+--------+-----------|
| u_gemm/u_mac/i_10/i_594/A      | INV   | Fall | 12259.0 |    0.0 | 103.0  |           | 
|--------------------------------+-------+------+---------+--------+--------+-----------|
| u_gemm/u_mac/i_10/i_594/Z      | INV   | Rise | 12385.0 |  126.0 | 74.0   | 34.6785   | 
|--------------------------------+-------+------+---------+--------+--------+-----------|
| u_gemm/u_mac/i_10/i_561/C      | NOR3  | Rise | 12386.0 |    1.0 | 74.0   |           | 
|--------------------------------+-------+------+---------+--------+--------+-----------|
| u_gemm/u_mac/i_10/i_561/Z      | NOR3  | Fall | 12473.0 |   87.0 | 85.0   | 11.1057   | 
|--------------------------------+-------+------+---------+--------+--------+-----------|
| u_gemm/u_mac/i_10/i_559/C      | NOR3  | Fall | 12473.0 |    0.0 | 85.0   |           | 
|--------------------------------+-------+------+---------+--------+--------+-----------|
| u_gemm/u_mac/i_10/i_559/Z      | NOR3  | Rise | 13938.0 | 1465.0 | 1370.0 | 134.595   | 
|--------------------------------+-------+------+---------+--------+--------+-----------|
| u_gemm/u_mac/i_10/i_558/A      | INV   | Rise | 13959.0 |   21.0 | 1370.0 |           | 
|--------------------------------+-------+------+---------+--------+--------+-----------|
| u_gemm/u_mac/i_10/i_558/Z      | INV   | Fall | 14112.0 |  153.0 | 247.0  | 28.7161   | 
|--------------------------------+-------+------+---------+--------+--------+-----------|
| u_gemm/u_mac/i_10/i_55/C       | AOI22 | Fall | 14112.0 |    0.0 | 247.0  |           | 
|--------------------------------+-------+------+---------+--------+--------+-----------|
| u_gemm/u_mac/i_10/i_55/Z       | AOI22 | Rise | 14482.0 |  370.0 | 256.0  | 20.3571   | 
|--------------------------------+-------+------+---------+--------+--------+-----------|
| u_gemm/u_mac/i_10/i_53/A       | XNOR2 | Rise | 14489.0 |    7.0 | 256.0  |           | 
|--------------------------------+-------+------+---------+--------+--------+-----------|
| u_gemm/u_mac/i_10/i_53/Z       | XNOR2 | Fall | 14769.0 |  280.0 | 74.0   | 12.3188   | 
|--------------------------------+-------+------+---------+--------+--------+-----------|
| u_gemm/u_mac/i_10/p_0[20]      |       | Fall | 14769.0 |    0.0 |        |           | 
|--------------------------------+-------+------+---------+--------+--------+-----------|
| u_gemm/u_mac/i_0_146/A         | AO22  | Fall | 14769.0 |    0.0 | 74.0   |           | 
|--------------------------------+-------+------+---------+--------+--------+-----------|
| u_gemm/u_mac/i_0_146/Z         | AO22  | Fall | 15068.0 |  299.0 | 65.0   | 9.82023   | 
|--------------------------------+-------+------+---------+--------+--------+-----------|
| u_gemm/u_mac/acc1_reg[20]/DATA | DFF   | Fall | 15068.0 |    0.0 | 65.0   |           | 
-----------------------------------------------------------------------------------------


----------------------------------------------------------------
|                                         | Time     | Total   | 
|-----------------------------------------+----------+---------|
| target clock clk (rise edge)            |      0.0 |     0.0 | 
|-----------------------------------------+----------+---------|
| target clock cycle shift                |  15000.0 | 15000.0 | 
|-----------------------------------------+----------+---------|
| target clock propagated network latency |    997.0 | 15997.0 | 
|-----------------------------------------+----------+---------|
| library setup check                     |   -229.0 | 15768.0 | 
|-----------------------------------------+----------+---------|
| data required time                      |  15768.0 |         | 
|-----------------------------------------+----------+---------|
|                                         |          |         | 
|-----------------------------------------+----------+---------|
| data required time                      |  15768.0 |         | 
|-----------------------------------------+----------+---------|
| data arrival time                       | -15068.0 |         | 
|-----------------------------------------+----------+---------|
| pessimism                               |     10.0 |         | 
|-----------------------------------------+----------+---------|
|                                         |          |         | 
|-----------------------------------------+----------+---------|
| slack                                   |    710.0 |         | 
----------------------------------------------------------------


info UI33: performed report_timing for 0 sec (CPU time: 0 sec; MEM: RSS - 733M, CVMEM - 1163M, PVMEM - 1626M)
