 Timing Path to u_system/u_cpu/u_accumulator_acc_out_reg[30]/DATA 
  
 Path Start Point : u_system/u_cpu/u_inst_reg_instr_out_reg[29] (DFF) 
                       (rising edge-triggered flip-flop clocked by clk) 
 Path End Point   : u_system/u_cpu/u_accumulator_acc_out_reg[30] (DFF) 
                       (rising edge-triggered flip-flop clocked by clk) 
 Mode             : default 
 Corner           : slow 
 Path Type        : max 
 Path Group       : clk 


-----------------------------------------------------------------------------------------------------------
| Pin                                               | Cell  | Edge | Arrival | Delay  | Slew  | Total Cap | 
|---------------------------------------------------+-------+------+---------+--------+-------+-----------|
| u_system/u_cpu/u_inst_reg_instr_out_reg[29]/CLK   | DFF   | Rise |  2075.0 | 2075.0 | 268.0 |           | 
|---------------------------------------------------+-------+------+---------+--------+-------+-----------|
| u_system/u_cpu/u_inst_reg_instr_out_reg[29]/Q     | DFF   | Rise |  2926.0 |  851.0 | 363.0 | 105.797   | 
|---------------------------------------------------+-------+------+---------+--------+-------+-----------|
| u_system/u_cpu/i_0_340/A                          | INV   | Rise |  2931.0 |    5.0 | 363.0 |           | 
|---------------------------------------------------+-------+------+---------+--------+-------+-----------|
| u_system/u_cpu/i_0_340/Z                          | INV   | Fall |  3193.0 |  262.0 | 175.0 | 87.1371   | 
|---------------------------------------------------+-------+------+---------+--------+-------+-----------|
| u_system/u_cpu/i_0_259/A                          | NAND2 | Fall |  3194.0 |    1.0 | 175.0 |           | 
|---------------------------------------------------+-------+------+---------+--------+-------+-----------|
| u_system/u_cpu/i_0_259/Z                          | NAND2 | Rise |  3346.0 |  152.0 | 101.0 | 31.1681   | 
|---------------------------------------------------+-------+------+---------+--------+-------+-----------|
| u_system/u_cpu/i_0_64/A                           | NAND2 | Rise |  3346.0 |    0.0 | 101.0 |           | 
|---------------------------------------------------+-------+------+---------+--------+-------+-----------|
| u_system/u_cpu/i_0_64/Z                           | NAND2 | Fall |  3493.0 |  147.0 | 159.0 | 29.1636   | 
|---------------------------------------------------+-------+------+---------+--------+-------+-----------|
| u_system/u_cpu/i_0_63/B                           | NOR2  | Fall |  3493.0 |    0.0 | 159.0 |           | 
|---------------------------------------------------+-------+------+---------+--------+-------+-----------|
| u_system/u_cpu/i_0_63/Z                           | NOR2  | Rise |  4048.0 |  555.0 | 450.0 | 148.733   | 
|---------------------------------------------------+-------+------+---------+--------+-------+-----------|
| u_system/u_cpu/i_0_62/B                           | NOR2  | Rise |  4053.0 |    5.0 | 450.0 |           | 
|---------------------------------------------------+-------+------+---------+--------+-------+-----------|
| u_system/u_cpu/i_0_62/Z                           | NOR2  | Fall |  4881.0 |  828.0 | 569.0 | 439.951   | 
|---------------------------------------------------+-------+------+---------+--------+-------+-----------|
| u_system/u_cpu/i_0_26/SEL                         | MUX2  | Fall |  4895.0 |   14.0 | 569.0 |           | 
|---------------------------------------------------+-------+------+---------+--------+-------+-----------|
| u_system/u_cpu/i_0_26/Z                           | MUX2  | Rise |  5466.0 |  571.0 | 162.0 | 83.9618   | 
|---------------------------------------------------+-------+------+---------+--------+-------+-----------|
| u_system/u_cpu/u_alu/operand_in[0]                |       | Rise |  5466.0 |    0.0 |       |           | 
|---------------------------------------------------+-------+------+---------+--------+-------+-----------|
| u_system/u_cpu/u_alu/drc_ipo_c31/IN               | BUF1  | Rise |  5497.0 |   31.0 | 161.0 |           | 
|---------------------------------------------------+-------+------+---------+--------+-------+-----------|
| u_system/u_cpu/u_alu/drc_ipo_c31/Z                | BUF1  | Rise |  5918.0 |  421.0 | 276.0 | 378.642   | 
|---------------------------------------------------+-------+------+---------+--------+-------+-----------|
| u_system/u_cpu/u_alu/i_12/operand_in[0]           |       | Rise |  5918.0 |    0.0 |       |           | 
|---------------------------------------------------+-------+------+---------+--------+-------+-----------|
| u_system/u_cpu/u_alu/i_12/i_179/B                 | AOI22 | Rise |  5963.0 |   45.0 | 279.0 |           | 
|---------------------------------------------------+-------+------+---------+--------+-------+-----------|
| u_system/u_cpu/u_alu/i_12/i_179/Z                 | AOI22 | Fall |  6214.0 |  251.0 | 166.0 | 22.7657   | 
|---------------------------------------------------+-------+------+---------+--------+-------+-----------|
| u_system/u_cpu/u_alu/i_12/i_177/C                 | NOR3  | Fall |  6214.0 |    0.0 | 166.0 |           | 
|---------------------------------------------------+-------+------+---------+--------+-------+-----------|
| u_system/u_cpu/u_alu/i_12/i_177/Z                 | NOR3  | Rise |  6623.0 |  409.0 | 317.0 | 22.9636   | 
|---------------------------------------------------+-------+------+---------+--------+-------+-----------|
| u_system/u_cpu/u_alu/i_12/i_174/C                 | NOR3  | Rise |  6623.0 |    0.0 | 317.0 |           | 
|---------------------------------------------------+-------+------+---------+--------+-------+-----------|
| u_system/u_cpu/u_alu/i_12/i_174/Z                 | NOR3  | Fall |  6811.0 |  188.0 | 153.0 | 29.9946   | 
|---------------------------------------------------+-------+------+---------+--------+-------+-----------|
| u_system/u_cpu/u_alu/i_12/i_173/B                 | NOR2  | Fall |  6811.0 |    0.0 | 153.0 |           | 
|---------------------------------------------------+-------+------+---------+--------+-------+-----------|
| u_system/u_cpu/u_alu/i_12/i_173/Z                 | NOR2  | Rise |  7008.0 |  197.0 | 121.0 | 25.6457   | 
|---------------------------------------------------+-------+------+---------+--------+-------+-----------|
| u_system/u_cpu/u_alu/i_12/i_172/B                 | NOR2  | Rise |  7008.0 |    0.0 | 121.0 |           | 
|---------------------------------------------------+-------+------+---------+--------+-------+-----------|
| u_system/u_cpu/u_alu/i_12/i_172/Z                 | NOR2  | Fall |  7140.0 |  132.0 | 130.0 | 41.3485   | 
|---------------------------------------------------+-------+------+---------+--------+-------+-----------|
| u_system/u_cpu/u_alu/i_12/i_170/B                 | NOR2  | Fall |  7140.0 |    0.0 | 130.0 |           | 
|---------------------------------------------------+-------+------+---------+--------+-------+-----------|
| u_system/u_cpu/u_alu/i_12/i_170/Z                 | NOR2  | Rise |  7299.0 |  159.0 | 231.0 | 16.3362   | 
|---------------------------------------------------+-------+------+---------+--------+-------+-----------|
| u_system/u_cpu/u_alu/i_12/i_169/B                 | NOR2  | Rise |  7299.0 |    0.0 | 231.0 |           | 
|---------------------------------------------------+-------+------+---------+--------+-------+-----------|
| u_system/u_cpu/u_alu/i_12/i_169/Z                 | NOR2  | Fall |  7385.0 |   86.0 | 184.0 | 14.8318   | 
|---------------------------------------------------+-------+------+---------+--------+-------+-----------|
| u_system/u_cpu/u_alu/i_12/i_168/B                 | NOR2  | Fall |  7385.0 |    0.0 | 184.0 |           | 
|---------------------------------------------------+-------+------+---------+--------+-------+-----------|
| u_system/u_cpu/u_alu/i_12/i_168/Z                 | NOR2  | Rise |  7675.0 |  290.0 | 191.0 | 51.8785   | 
|---------------------------------------------------+-------+------+---------+--------+-------+-----------|
| u_system/u_cpu/u_alu/i_12/i_166/A                 | NAND2 | Rise |  7685.0 |   10.0 | 191.0 |           | 
|---------------------------------------------------+-------+------+---------+--------+-------+-----------|
| u_system/u_cpu/u_alu/i_12/i_166/Z                 | NAND2 | Fall |  7823.0 |  138.0 | 84.0  | 15.4936   | 
|---------------------------------------------------+-------+------+---------+--------+-------+-----------|
| u_system/u_cpu/u_alu/i_12/i_165/B                 | NAND2 | Fall |  7823.0 |    0.0 | 84.0  |           | 
|---------------------------------------------------+-------+------+---------+--------+-------+-----------|
| u_system/u_cpu/u_alu/i_12/i_165/Z                 | NAND2 | Rise |  7965.0 |  142.0 | 91.0  | 36.0978   | 
|---------------------------------------------------+-------+------+---------+--------+-------+-----------|
| u_system/u_cpu/u_alu/i_12/i_162/B                 | NAND2 | Rise |  7966.0 |    1.0 | 91.0  |           | 
|---------------------------------------------------+-------+------+---------+--------+-------+-----------|
| u_system/u_cpu/u_alu/i_12/i_162/Z                 | NAND2 | Fall |  8114.0 |  148.0 | 129.0 | 33.1768   | 
|---------------------------------------------------+-------+------+---------+--------+-------+-----------|
| u_system/u_cpu/u_alu/i_12/i_161/A                 | NAND2 | Fall |  8114.0 |    0.0 | 129.0 |           | 
|---------------------------------------------------+-------+------+---------+--------+-------+-----------|
| u_system/u_cpu/u_alu/i_12/i_161/Z                 | NAND2 | Rise |  8222.0 |  108.0 | 186.0 | 15.0572   | 
|---------------------------------------------------+-------+------+---------+--------+-------+-----------|
| u_system/u_cpu/u_alu/i_12/i_160/B                 | NAND2 | Rise |  8222.0 |    0.0 | 186.0 |           | 
|---------------------------------------------------+-------+------+---------+--------+-------+-----------|
| u_system/u_cpu/u_alu/i_12/i_160/Z                 | NAND2 | Fall |  8406.0 |  184.0 | 117.0 | 42.4505   | 
|---------------------------------------------------+-------+------+---------+--------+-------+-----------|
| u_system/u_cpu/u_alu/i_12/i_159/A                 | NAND2 | Fall |  8407.0 |    1.0 | 117.0 |           | 
|---------------------------------------------------+-------+------+---------+--------+-------+-----------|
| u_system/u_cpu/u_alu/i_12/i_159/Z                 | NAND2 | Rise |  8511.0 |  104.0 | 211.0 | 15.1821   | 
|---------------------------------------------------+-------+------+---------+--------+-------+-----------|
| u_system/u_cpu/u_alu/i_12/i_156/A                 | NAND2 | Rise |  8511.0 |    0.0 | 211.0 |           | 
|---------------------------------------------------+-------+------+---------+--------+-------+-----------|
| u_system/u_cpu/u_alu/i_12/i_156/Z                 | NAND2 | Fall |  8661.0 |  150.0 | 92.0  | 18.4883   | 
|---------------------------------------------------+-------+------+---------+--------+-------+-----------|
| u_system/u_cpu/u_alu/i_12/i_155/B                 | NAND2 | Fall |  8661.0 |    0.0 | 92.0  |           | 
|---------------------------------------------------+-------+------+---------+--------+-------+-----------|
| u_system/u_cpu/u_alu/i_12/i_155/Z                 | NAND2 | Rise |  8798.0 |  137.0 | 85.0  | 30.5219   | 
|---------------------------------------------------+-------+------+---------+--------+-------+-----------|
| u_system/u_cpu/u_alu/i_12/i_154/A                 | INV   | Rise |  8798.0 |    0.0 | 85.0  |           | 
|---------------------------------------------------+-------+------+---------+--------+-------+-----------|
| u_system/u_cpu/u_alu/i_12/i_154/Z                 | INV   | Fall |  8887.0 |   89.0 | 52.0  | 25.4827   | 
|---------------------------------------------------+-------+------+---------+--------+-------+-----------|
| u_system/u_cpu/u_alu/i_12/i_152/B                 | NOR2  | Fall |  8887.0 |    0.0 | 52.0  |           | 
|---------------------------------------------------+-------+------+---------+--------+-------+-----------|
| u_system/u_cpu/u_alu/i_12/i_152/Z                 | NOR2  | Rise |  9041.0 |  154.0 | 213.0 | 28.1908   | 
|---------------------------------------------------+-------+------+---------+--------+-------+-----------|
| u_system/u_cpu/u_alu/i_12/i_151/B                 | NOR2  | Rise |  9041.0 |    0.0 | 213.0 |           | 
|---------------------------------------------------+-------+------+---------+--------+-------+-----------|
| u_system/u_cpu/u_alu/i_12/i_151/Z                 | NOR2  | Fall |  9155.0 |  114.0 | 122.0 | 27.325    | 
|---------------------------------------------------+-------+------+---------+--------+-------+-----------|
| u_system/u_cpu/u_alu/i_12/i_148/C                 | NOR3  | Fall |  9156.0 |    1.0 | 122.0 |           | 
|---------------------------------------------------+-------+------+---------+--------+-------+-----------|
| u_system/u_cpu/u_alu/i_12/i_148/Z                 | NOR3  | Rise |  9626.0 |  470.0 | 463.0 | 31.727    | 
|---------------------------------------------------+-------+------+---------+--------+-------+-----------|
| u_system/u_cpu/u_alu/i_12/i_147/B                 | NOR2  | Rise |  9627.0 |    1.0 | 463.0 |           | 
|---------------------------------------------------+-------+------+---------+--------+-------+-----------|
| u_system/u_cpu/u_alu/i_12/i_147/Z                 | NOR2  | Fall |  9736.0 |  109.0 | 124.0 | 23.0742   | 
|---------------------------------------------------+-------+------+---------+--------+-------+-----------|
| u_system/u_cpu/u_alu/i_12/i_144/C                 | NOR3  | Fall |  9736.0 |    0.0 | 124.0 |           | 
|---------------------------------------------------+-------+------+---------+--------+-------+-----------|
| u_system/u_cpu/u_alu/i_12/i_144/Z                 | NOR3  | Rise | 10192.0 |  456.0 | 442.0 | 30.2192   | 
|---------------------------------------------------+-------+------+---------+--------+-------+-----------|
| u_system/u_cpu/u_alu/i_12/i_143/B                 | NOR2  | Rise | 10192.0 |    0.0 | 442.0 |           | 
|---------------------------------------------------+-------+------+---------+--------+-------+-----------|
| u_system/u_cpu/u_alu/i_12/i_143/Z                 | NOR2  | Fall | 10299.0 |  107.0 | 119.0 | 22.2842   | 
|---------------------------------------------------+-------+------+---------+--------+-------+-----------|
| u_system/u_cpu/u_alu/i_12/i_140/C                 | NOR3  | Fall | 10299.0 |    0.0 | 119.0 |           | 
|---------------------------------------------------+-------+------+---------+--------+-------+-----------|
| u_system/u_cpu/u_alu/i_12/i_140/Z                 | NOR3  | Rise | 10757.0 |  458.0 | 446.0 | 30.6805   | 
|---------------------------------------------------+-------+------+---------+--------+-------+-----------|
| u_system/u_cpu/u_alu/i_12/i_139/B                 | NOR2  | Rise | 10757.0 |    0.0 | 446.0 |           | 
|---------------------------------------------------+-------+------+---------+--------+-------+-----------|
| u_system/u_cpu/u_alu/i_12/i_139/Z                 | NOR2  | Fall | 10873.0 |  116.0 | 124.0 | 25.5284   | 
|---------------------------------------------------+-------+------+---------+--------+-------+-----------|
| u_system/u_cpu/u_alu/i_12/i_136/C                 | NOR3  | Fall | 10873.0 |    0.0 | 124.0 |           | 
|---------------------------------------------------+-------+------+---------+--------+-------+-----------|
| u_system/u_cpu/u_alu/i_12/i_136/Z                 | NOR3  | Rise | 11342.0 |  469.0 | 464.0 | 31.5021   | 
|---------------------------------------------------+-------+------+---------+--------+-------+-----------|
| u_system/u_cpu/u_alu/i_12/i_135/B                 | NOR2  | Rise | 11343.0 |    1.0 | 464.0 |           | 
|---------------------------------------------------+-------+------+---------+--------+-------+-----------|
| u_system/u_cpu/u_alu/i_12/i_135/Z                 | NOR2  | Fall | 11451.0 |  108.0 | 160.0 | 22.4952   | 
|---------------------------------------------------+-------+------+---------+--------+-------+-----------|
| u_system/u_cpu/u_alu/i_12/i_132/C                 | NOR3  | Fall | 11451.0 |    0.0 | 160.0 |           | 
|---------------------------------------------------+-------+------+---------+--------+-------+-----------|
| u_system/u_cpu/u_alu/i_12/i_132/Z                 | NOR3  | Rise | 11917.0 |  466.0 | 433.0 | 29.0437   | 
|---------------------------------------------------+-------+------+---------+--------+-------+-----------|
| u_system/u_cpu/u_alu/i_12/i_131/B                 | NOR2  | Rise | 11917.0 |    0.0 | 433.0 |           | 
|---------------------------------------------------+-------+------+---------+--------+-------+-----------|
| u_system/u_cpu/u_alu/i_12/i_131/Z                 | NOR2  | Fall | 12028.0 |  111.0 | 179.0 | 23.7698   | 
|---------------------------------------------------+-------+------+---------+--------+-------+-----------|
| u_system/u_cpu/u_alu/i_12/i_128/C                 | NOR3  | Fall | 12028.0 |    0.0 | 179.0 |           | 
|---------------------------------------------------+-------+------+---------+--------+-------+-----------|
| u_system/u_cpu/u_alu/i_12/i_128/Z                 | NOR3  | Rise | 12548.0 |  520.0 | 457.0 | 33.3018   | 
|---------------------------------------------------+-------+------+---------+--------+-------+-----------|
| u_system/u_cpu/u_alu/i_12/i_127/B                 | NOR2  | Rise | 12549.0 |    1.0 | 457.0 |           | 
|---------------------------------------------------+-------+------+---------+--------+-------+-----------|
| u_system/u_cpu/u_alu/i_12/i_127/Z                 | NOR2  | Fall | 12656.0 |  107.0 | 163.0 | 22.2196   | 
|---------------------------------------------------+-------+------+---------+--------+-------+-----------|
| u_system/u_cpu/u_alu/i_12/i_124/C                 | NOR3  | Fall | 12656.0 |    0.0 | 163.0 |           | 
|---------------------------------------------------+-------+------+---------+--------+-------+-----------|
| u_system/u_cpu/u_alu/i_12/i_124/Z                 | NOR3  | Rise | 13136.0 |  480.0 | 449.0 | 30.2681   | 
|---------------------------------------------------+-------+------+---------+--------+-------+-----------|
| u_system/u_cpu/u_alu/i_12/i_123/B                 | NOR2  | Rise | 13136.0 |    0.0 | 449.0 |           | 
|---------------------------------------------------+-------+------+---------+--------+-------+-----------|
| u_system/u_cpu/u_alu/i_12/i_123/Z                 | NOR2  | Fall | 13253.0 |  117.0 | 159.0 | 25.8682   | 
|---------------------------------------------------+-------+------+---------+--------+-------+-----------|
| u_system/u_cpu/u_alu/i_12/i_120/C                 | NOR3  | Fall | 13254.0 |    1.0 | 159.0 |           | 
|---------------------------------------------------+-------+------+---------+--------+-------+-----------|
| u_system/u_cpu/u_alu/i_12/i_120/Z                 | NOR3  | Rise | 13723.0 |  469.0 | 434.0 | 29.4033   | 
|---------------------------------------------------+-------+------+---------+--------+-------+-----------|
| u_system/u_cpu/u_alu/i_12/i_119/B                 | NOR2  | Rise | 13723.0 |    0.0 | 434.0 |           | 
|---------------------------------------------------+-------+------+---------+--------+-------+-----------|
| u_system/u_cpu/u_alu/i_12/i_119/Z                 | NOR2  | Fall | 13833.0 |  110.0 | 178.0 | 23.1907   | 
|---------------------------------------------------+-------+------+---------+--------+-------+-----------|
| u_system/u_cpu/u_alu/i_12/i_116/C                 | NOR3  | Fall | 13833.0 |    0.0 | 178.0 |           | 
|---------------------------------------------------+-------+------+---------+--------+-------+-----------|
| u_system/u_cpu/u_alu/i_12/i_116/Z                 | NOR3  | Rise | 14324.0 |  491.0 | 458.0 | 30.5131   | 
|---------------------------------------------------+-------+------+---------+--------+-------+-----------|
| u_system/u_cpu/u_alu/i_12/i_115/B                 | NOR2  | Rise | 14324.0 |    0.0 | 458.0 |           | 
|---------------------------------------------------+-------+------+---------+--------+-------+-----------|
| u_system/u_cpu/u_alu/i_12/i_115/Z                 | NOR2  | Fall | 14435.0 |  111.0 | 167.0 | 23.766    | 
|---------------------------------------------------+-------+------+---------+--------+-------+-----------|
| u_system/u_cpu/u_alu/i_12/i_112/C                 | NOR3  | Fall | 14435.0 |    0.0 | 167.0 |           | 
|---------------------------------------------------+-------+------+---------+--------+-------+-----------|
| u_system/u_cpu/u_alu/i_12/i_112/Z                 | NOR3  | Rise | 14904.0 |  469.0 | 457.0 | 28.9193   | 
|---------------------------------------------------+-------+------+---------+--------+-------+-----------|
| u_system/u_cpu/u_alu/i_12/i_111/B                 | NOR2  | Rise | 14904.0 |    0.0 | 457.0 |           | 
|---------------------------------------------------+-------+------+---------+--------+-------+-----------|
| u_system/u_cpu/u_alu/i_12/i_111/Z                 | NOR2  | Fall | 15015.0 |  111.0 | 160.0 | 23.6471   | 
|---------------------------------------------------+-------+------+---------+--------+-------+-----------|
| u_system/u_cpu/u_alu/i_12/i_108/C                 | NOR3  | Fall | 15015.0 |    0.0 | 160.0 |           | 
|---------------------------------------------------+-------+------+---------+--------+-------+-----------|
| u_system/u_cpu/u_alu/i_12/i_108/Z                 | NOR3  | Rise | 15499.0 |  484.0 | 451.0 | 30.8477   | 
|---------------------------------------------------+-------+------+---------+--------+-------+-----------|
| u_system/u_cpu/u_alu/i_12/i_107/B                 | NOR2  | Rise | 15499.0 |    0.0 | 451.0 |           | 
|---------------------------------------------------+-------+------+---------+--------+-------+-----------|
| u_system/u_cpu/u_alu/i_12/i_107/Z                 | NOR2  | Fall | 15611.0 |  112.0 | 163.0 | 24.055    | 
|---------------------------------------------------+-------+------+---------+--------+-------+-----------|
| u_system/u_cpu/u_alu/i_12/i_104/C                 | NOR3  | Fall | 15611.0 |    0.0 | 163.0 |           | 
|---------------------------------------------------+-------+------+---------+--------+-------+-----------|
| u_system/u_cpu/u_alu/i_12/i_104/Z                 | NOR3  | Rise | 16085.0 |  474.0 | 430.0 | 29.6909   | 
|---------------------------------------------------+-------+------+---------+--------+-------+-----------|
| u_system/u_cpu/u_alu/i_12/i_103/B                 | NOR2  | Rise | 16085.0 |    0.0 | 430.0 |           | 
|---------------------------------------------------+-------+------+---------+--------+-------+-----------|
| u_system/u_cpu/u_alu/i_12/i_103/Z                 | NOR2  | Fall | 16194.0 |  109.0 | 170.0 | 23.0786   | 
|---------------------------------------------------+-------+------+---------+--------+-------+-----------|
| u_system/u_cpu/u_alu/i_12/i_100/C                 | NOR3  | Fall | 16194.0 |    0.0 | 170.0 |           | 
|---------------------------------------------------+-------+------+---------+--------+-------+-----------|
| u_system/u_cpu/u_alu/i_12/i_100/Z                 | NOR3  | Rise | 16688.0 |  494.0 | 439.0 | 31.2602   | 
|---------------------------------------------------+-------+------+---------+--------+-------+-----------|
| u_system/u_cpu/u_alu/i_12/i_99/B                  | NOR2  | Rise | 16689.0 |    1.0 | 439.0 |           | 
|---------------------------------------------------+-------+------+---------+--------+-------+-----------|
| u_system/u_cpu/u_alu/i_12/i_99/Z                  | NOR2  | Fall | 16796.0 |  107.0 | 171.0 | 22.0476   | 
|---------------------------------------------------+-------+------+---------+--------+-------+-----------|
| u_system/u_cpu/u_alu/i_12/i_96/C                  | NOR3  | Fall | 16796.0 |    0.0 | 171.0 |           | 
|---------------------------------------------------+-------+------+---------+--------+-------+-----------|
| u_system/u_cpu/u_alu/i_12/i_96/Z                  | NOR3  | Rise | 17272.0 |  476.0 | 433.0 | 29.4276   | 
|---------------------------------------------------+-------+------+---------+--------+-------+-----------|
| u_system/u_cpu/u_alu/i_12/i_95/B                  | NOR2  | Rise | 17272.0 |    0.0 | 433.0 |           | 
|---------------------------------------------------+-------+------+---------+--------+-------+-----------|
| u_system/u_cpu/u_alu/i_12/i_95/Z                  | NOR2  | Fall | 17377.0 |  105.0 | 170.0 | 21.3484   | 
|---------------------------------------------------+-------+------+---------+--------+-------+-----------|
| u_system/u_cpu/u_alu/i_12/i_92/C                  | NOR3  | Fall | 17377.0 |    0.0 | 170.0 |           | 
|---------------------------------------------------+-------+------+---------+--------+-------+-----------|
| u_system/u_cpu/u_alu/i_12/i_92/Z                  | NOR3  | Rise | 17861.0 |  484.0 | 437.0 | 30.2645   | 
|---------------------------------------------------+-------+------+---------+--------+-------+-----------|
| u_system/u_cpu/u_alu/i_12/i_91/B                  | NOR2  | Rise | 17861.0 |    0.0 | 437.0 |           | 
|---------------------------------------------------+-------+------+---------+--------+-------+-----------|
| u_system/u_cpu/u_alu/i_12/i_91/Z                  | NOR2  | Fall | 17969.0 |  108.0 | 175.0 | 22.5859   | 
|---------------------------------------------------+-------+------+---------+--------+-------+-----------|
| u_system/u_cpu/u_alu/i_12/i_88/C                  | NOR3  | Fall | 17969.0 |    0.0 | 175.0 |           | 
|---------------------------------------------------+-------+------+---------+--------+-------+-----------|
| u_system/u_cpu/u_alu/i_12/i_88/Z                  | NOR3  | Rise | 18495.0 |  526.0 | 465.0 | 34.1231   | 
|---------------------------------------------------+-------+------+---------+--------+-------+-----------|
| u_system/u_cpu/u_alu/i_12/i_87/B                  | NOR2  | Rise | 18523.0 |   28.0 | 465.0 |           | 
|---------------------------------------------------+-------+------+---------+--------+-------+-----------|
| u_system/u_cpu/u_alu/i_12/i_87/Z                  | NOR2  | Fall | 18632.0 |  109.0 | 157.0 | 22.9753   | 
|---------------------------------------------------+-------+------+---------+--------+-------+-----------|
| u_system/u_cpu/u_alu/i_12/i_84/C                  | NOR3  | Fall | 18632.0 |    0.0 | 157.0 |           | 
|---------------------------------------------------+-------+------+---------+--------+-------+-----------|
| u_system/u_cpu/u_alu/i_12/i_84/Z                  | NOR3  | Rise | 19125.0 |  493.0 | 454.0 | 31.9031   | 
|---------------------------------------------------+-------+------+---------+--------+-------+-----------|
| u_system/u_cpu/u_alu/i_12/i_83/B                  | NOR2  | Rise | 19144.0 |   19.0 | 454.0 |           | 
|---------------------------------------------------+-------+------+---------+--------+-------+-----------|
| u_system/u_cpu/u_alu/i_12/i_83/Z                  | NOR2  | Fall | 19254.0 |  110.0 | 149.0 | 23.3161   | 
|---------------------------------------------------+-------+------+---------+--------+-------+-----------|
| u_system/u_cpu/u_alu/i_12/i_80/C                  | NOR3  | Fall | 19254.0 |    0.0 | 149.0 |           | 
|---------------------------------------------------+-------+------+---------+--------+-------+-----------|
| u_system/u_cpu/u_alu/i_12/i_80/Z                  | NOR3  | Rise | 19732.0 |  478.0 | 466.0 | 30.9056   | 
|---------------------------------------------------+-------+------+---------+--------+-------+-----------|
| u_system/u_cpu/u_alu/i_12/i_79/B                  | NOR2  | Rise | 19732.0 |    0.0 | 466.0 |           | 
|---------------------------------------------------+-------+------+---------+--------+-------+-----------|
| u_system/u_cpu/u_alu/i_12/i_79/Z                  | NOR2  | Fall | 19844.0 |  112.0 | 162.0 | 24.0732   | 
|---------------------------------------------------+-------+------+---------+--------+-------+-----------|
| u_system/u_cpu/u_alu/i_12/i_76/C                  | NOR3  | Fall | 19844.0 |    0.0 | 162.0 |           | 
|---------------------------------------------------+-------+------+---------+--------+-------+-----------|
| u_system/u_cpu/u_alu/i_12/i_76/Z                  | NOR3  | Rise | 20361.0 |  517.0 | 491.0 | 34.0612   | 
|---------------------------------------------------+-------+------+---------+--------+-------+-----------|
| u_system/u_cpu/u_alu/i_12/i_75/B                  | NOR2  | Rise | 20377.0 |   16.0 | 491.0 |           | 
|---------------------------------------------------+-------+------+---------+--------+-------+-----------|
| u_system/u_cpu/u_alu/i_12/i_75/Z                  | NOR2  | Fall | 20487.0 |  110.0 | 155.0 | 23.2806   | 
|---------------------------------------------------+-------+------+---------+--------+-------+-----------|
| u_system/u_cpu/u_alu/i_12/i_72/C                  | NOR3  | Fall | 20487.0 |    0.0 | 155.0 |           | 
|---------------------------------------------------+-------+------+---------+--------+-------+-----------|
| u_system/u_cpu/u_alu/i_12/i_72/Z                  | NOR3  | Rise | 20974.0 |  487.0 | 436.0 | 31.4554   | 
|---------------------------------------------------+-------+------+---------+--------+-------+-----------|
| u_system/u_cpu/u_alu/i_12/i_71/B                  | NOR2  | Rise | 20975.0 |    1.0 | 436.0 |           | 
|---------------------------------------------------+-------+------+---------+--------+-------+-----------|
| u_system/u_cpu/u_alu/i_12/i_71/Z                  | NOR2  | Fall | 21094.0 |  119.0 | 124.0 | 26.7537   | 
|---------------------------------------------------+-------+------+---------+--------+-------+-----------|
| u_system/u_cpu/u_alu/i_12/i_68/C                  | NOR3  | Fall | 21094.0 |    0.0 | 124.0 |           | 
|---------------------------------------------------+-------+------+---------+--------+-------+-----------|
| u_system/u_cpu/u_alu/i_12/i_68/Z                  | NOR3  | Rise | 21547.0 |  453.0 | 443.0 | 29.9511   | 
|---------------------------------------------------+-------+------+---------+--------+-------+-----------|
| u_system/u_cpu/u_alu/i_12/i_67/B                  | NOR2  | Rise | 21547.0 |    0.0 | 443.0 |           | 
|---------------------------------------------------+-------+------+---------+--------+-------+-----------|
| u_system/u_cpu/u_alu/i_12/i_67/Z                  | NOR2  | Fall | 21631.0 |   84.0 | 106.0 | 13.4553   | 
|---------------------------------------------------+-------+------+---------+--------+-------+-----------|
| u_system/u_cpu/u_alu/i_12/i_66/B                  | NOR2  | Fall | 21631.0 |    0.0 | 106.0 |           | 
|---------------------------------------------------+-------+------+---------+--------+-------+-----------|
| u_system/u_cpu/u_alu/i_12/i_66/Z                  | NOR2  | Rise | 21827.0 |  196.0 | 134.0 | 32.9794   | 
|---------------------------------------------------+-------+------+---------+--------+-------+-----------|
| u_system/u_cpu/u_alu/i_12/i_59/A                  | XNOR2 | Rise | 21827.0 |    0.0 | 134.0 |           | 
|---------------------------------------------------+-------+------+---------+--------+-------+-----------|
| u_system/u_cpu/u_alu/i_12/i_59/Z                  | XNOR2 | Fall | 22107.0 |  280.0 | 73.0  | 12.2456   | 
|---------------------------------------------------+-------+------+---------+--------+-------+-----------|
| u_system/u_cpu/u_alu/i_12/p_0[30]                 |       | Fall | 22107.0 |    0.0 |       |           | 
|---------------------------------------------------+-------+------+---------+--------+-------+-----------|
| u_system/u_cpu/u_alu/i_0_250/A                    | AOI22 | Fall | 22107.0 |    0.0 | 73.0  |           | 
|---------------------------------------------------+-------+------+---------+--------+-------+-----------|
| u_system/u_cpu/u_alu/i_0_250/Z                    | AOI22 | Rise | 22408.0 |  301.0 | 239.0 | 16.8096   | 
|---------------------------------------------------+-------+------+---------+--------+-------+-----------|
| u_system/u_cpu/u_alu/i_0_245/B                    | NAND4 | Rise | 22408.0 |    0.0 | 239.0 |           | 
|---------------------------------------------------+-------+------+---------+--------+-------+-----------|
| u_system/u_cpu/u_alu/i_0_245/Z                    | NAND4 | Fall | 22677.0 |  269.0 | 193.0 | 19.052    | 
|---------------------------------------------------+-------+------+---------+--------+-------+-----------|
| u_system/u_cpu/u_alu/alu_result[30]               |       | Fall | 22677.0 |    0.0 |       |           | 
|---------------------------------------------------+-------+------+---------+--------+-------+-----------|
| u_system/u_cpu/i_0_254/A                          | AOI22 | Fall | 22688.0 |   11.0 | 193.0 |           | 
|---------------------------------------------------+-------+------+---------+--------+-------+-----------|
| u_system/u_cpu/i_0_254/Z                          | AOI22 | Rise | 23036.0 |  348.0 | 263.0 | 18.9068   | 
|---------------------------------------------------+-------+------+---------+--------+-------+-----------|
| u_system/u_cpu/i_0_253/A                          | NAND2 | Rise | 23043.0 |    7.0 | 263.0 |           | 
|---------------------------------------------------+-------+------+---------+--------+-------+-----------|
| u_system/u_cpu/i_0_253/Z                          | NAND2 | Fall | 23183.0 |  140.0 | 90.0  | 10.6881   | 
|---------------------------------------------------+-------+------+---------+--------+-------+-----------|
| u_system/u_cpu/u_accumulator_acc_out_reg[30]/DATA | DFF   | Fall | 23183.0 |    0.0 | 90.0  |           | 
-----------------------------------------------------------------------------------------------------------


----------------------------------------------------------------
|                                         | Time     | Total   | 
|-----------------------------------------+----------+---------|
| target clock clk (rise edge)            |      0.0 |     0.0 | 
|-----------------------------------------+----------+---------|
| target clock cycle shift                |  30000.0 | 30000.0 | 
|-----------------------------------------+----------+---------|
| target clock propagated network latency |   2030.0 | 32030.0 | 
|-----------------------------------------+----------+---------|
| library setup check                     |   -228.0 | 31802.0 | 
|-----------------------------------------+----------+---------|
| data required time                      |  31802.0 |         | 
|-----------------------------------------+----------+---------|
|                                         |          |         | 
|-----------------------------------------+----------+---------|
| data required time                      |  31802.0 |         | 
|-----------------------------------------+----------+---------|
| data arrival time                       | -23183.0 |         | 
|-----------------------------------------+----------+---------|
| pessimism                               |     24.0 |         | 
|-----------------------------------------+----------+---------|
|                                         |          |         | 
|-----------------------------------------+----------+---------|
| slack                                   |   8643.0 |         | 
----------------------------------------------------------------


info UI33: performed report_timing for 0 sec (CPU time: 0 sec; MEM: RSS - 1363M, CVMEM - 2325M, PVMEM - 2435M)
