 Timing Path to u_system/u_cpu/u_accumulator_acc_out_reg[30]/DATA 
  
 Path Start Point : u_system/u_cpu/u_inst_reg_instr_out_reg[31] (DFF) 
                       (rising edge-triggered flip-flop clocked by clk) 
 Path End Point   : u_system/u_cpu/u_accumulator_acc_out_reg[30] (DFF) 
                       (rising edge-triggered flip-flop clocked by clk) 
 Mode             : default 
 Corner           : slow 
 Path Type        : max 
 Path Group       : clk 


-----------------------------------------------------------------------------------------------------------
| Pin                                               | Cell  | Edge | Arrival | Delay  | Slew  | Total Cap | 
|---------------------------------------------------+-------+------+---------+--------+-------+-----------|
| u_system/u_cpu/u_inst_reg_instr_out_reg[31]/CLK   | DFF   | Rise |  2153.0 | 2153.0 | 309.0 |           | 
|---------------------------------------------------+-------+------+---------+--------+-------+-----------|
| u_system/u_cpu/u_inst_reg_instr_out_reg[31]/Q     | DFF   | Rise |  3217.0 | 1064.0 | 559.0 | 165.455   | 
|---------------------------------------------------+-------+------+---------+--------+-------+-----------|
| u_system/u_cpu/i_0_66/A                           | NAND4 | Rise |  3222.0 |    5.0 | 559.0 |           | 
|---------------------------------------------------+-------+------+---------+--------+-------+-----------|
| u_system/u_cpu/i_0_66/Z                           | NAND4 | Fall |  3629.0 |  407.0 | 236.0 | 25.6101   | 
|---------------------------------------------------+-------+------+---------+--------+-------+-----------|
| u_system/u_cpu/i_0_65/C                           | NOR3  | Fall |  3629.0 |    0.0 | 236.0 |           | 
|---------------------------------------------------+-------+------+---------+--------+-------+-----------|
| u_system/u_cpu/i_0_65/Z                           | NOR3  | Rise |  4157.0 |  528.0 | 393.0 | 30.6474   | 
|---------------------------------------------------+-------+------+---------+--------+-------+-----------|
| u_system/u_cpu/i_0_62/A                           | NOR2  | Rise |  4157.0 |    0.0 | 393.0 |           | 
|---------------------------------------------------+-------+------+---------+--------+-------+-----------|
| u_system/u_cpu/i_0_62/Z                           | NOR2  | Fall |  4953.0 |  796.0 | 544.0 | 416.778   | 
|---------------------------------------------------+-------+------+---------+--------+-------+-----------|
| u_system/u_cpu/i_0_26/SEL                         | MUX2  | Fall |  4975.0 |   22.0 | 544.0 |           | 
|---------------------------------------------------+-------+------+---------+--------+-------+-----------|
| u_system/u_cpu/i_0_26/Z                           | MUX2  | Rise |  5807.0 |  832.0 | 457.0 | 282.728   | 
|---------------------------------------------------+-------+------+---------+--------+-------+-----------|
| u_system/u_cpu/u_alu/operand_in[0]                |       | Rise |  5807.0 |    0.0 |       |           | 
|---------------------------------------------------+-------+------+---------+--------+-------+-----------|
| u_system/u_cpu/u_alu/drc_ipo_c31/IN               | BUF1  | Rise |  5861.0 |   54.0 | 454.0 |           | 
|---------------------------------------------------+-------+------+---------+--------+-------+-----------|
| u_system/u_cpu/u_alu/drc_ipo_c31/Z                | BUF1  | Rise |  6356.0 |  495.0 | 309.0 | 423.989   | 
|---------------------------------------------------+-------+------+---------+--------+-------+-----------|
| u_system/u_cpu/u_alu/i_12/operand_in[0]           |       | Rise |  6356.0 |    0.0 |       |           | 
|---------------------------------------------------+-------+------+---------+--------+-------+-----------|
| u_system/u_cpu/u_alu/i_12/i_179/B                 | AOI22 | Rise |  6405.0 |   49.0 | 312.0 |           | 
|---------------------------------------------------+-------+------+---------+--------+-------+-----------|
| u_system/u_cpu/u_alu/i_12/i_179/Z                 | AOI22 | Fall |  6660.0 |  255.0 | 170.0 | 22.3285   | 
|---------------------------------------------------+-------+------+---------+--------+-------+-----------|
| u_system/u_cpu/u_alu/i_12/i_177/C                 | NOR3  | Fall |  6660.0 |    0.0 | 170.0 |           | 
|---------------------------------------------------+-------+------+---------+--------+-------+-----------|
| u_system/u_cpu/u_alu/i_12/i_177/Z                 | NOR3  | Rise |  7081.0 |  421.0 | 327.0 | 23.9141   | 
|---------------------------------------------------+-------+------+---------+--------+-------+-----------|
| u_system/u_cpu/u_alu/i_12/i_174/C                 | NOR3  | Rise |  7081.0 |    0.0 | 327.0 |           | 
|---------------------------------------------------+-------+------+---------+--------+-------+-----------|
| u_system/u_cpu/u_alu/i_12/i_174/Z                 | NOR3  | Fall |  7268.0 |  187.0 | 149.0 | 29.6398   | 
|---------------------------------------------------+-------+------+---------+--------+-------+-----------|
| u_system/u_cpu/u_alu/i_12/i_173/B                 | NOR2  | Fall |  7268.0 |    0.0 | 149.0 |           | 
|---------------------------------------------------+-------+------+---------+--------+-------+-----------|
| u_system/u_cpu/u_alu/i_12/i_173/Z                 | NOR2  | Rise |  7457.0 |  189.0 | 115.0 | 23.6688   | 
|---------------------------------------------------+-------+------+---------+--------+-------+-----------|
| u_system/u_cpu/u_alu/i_12/i_172/B                 | NOR2  | Rise |  7457.0 |    0.0 | 115.0 |           | 
|---------------------------------------------------+-------+------+---------+--------+-------+-----------|
| u_system/u_cpu/u_alu/i_12/i_172/Z                 | NOR2  | Fall |  7587.0 |  130.0 | 125.0 | 41.5035   | 
|---------------------------------------------------+-------+------+---------+--------+-------+-----------|
| u_system/u_cpu/u_alu/i_12/i_170/B                 | NOR2  | Fall |  7587.0 |    0.0 | 125.0 |           | 
|---------------------------------------------------+-------+------+---------+--------+-------+-----------|
| u_system/u_cpu/u_alu/i_12/i_170/Z                 | NOR2  | Rise |  7740.0 |  153.0 | 213.0 | 15.3712   | 
|---------------------------------------------------+-------+------+---------+--------+-------+-----------|
| u_system/u_cpu/u_alu/i_12/i_169/B                 | NOR2  | Rise |  7740.0 |    0.0 | 213.0 |           | 
|---------------------------------------------------+-------+------+---------+--------+-------+-----------|
| u_system/u_cpu/u_alu/i_12/i_169/Z                 | NOR2  | Fall |  7822.0 |   82.0 | 167.0 | 13.5073   | 
|---------------------------------------------------+-------+------+---------+--------+-------+-----------|
| u_system/u_cpu/u_alu/i_12/i_168/B                 | NOR2  | Fall |  7822.0 |    0.0 | 167.0 |           | 
|---------------------------------------------------+-------+------+---------+--------+-------+-----------|
| u_system/u_cpu/u_alu/i_12/i_168/Z                 | NOR2  | Rise |  8052.0 |  230.0 | 145.0 | 34.6609   | 
|---------------------------------------------------+-------+------+---------+--------+-------+-----------|
| u_system/u_cpu/u_alu/i_12/i_166/A                 | NAND2 | Rise |  8053.0 |    1.0 | 145.0 |           | 
|---------------------------------------------------+-------+------+---------+--------+-------+-----------|
| u_system/u_cpu/u_alu/i_12/i_166/Z                 | NAND2 | Fall |  8181.0 |  128.0 | 86.0  | 15.5478   | 
|---------------------------------------------------+-------+------+---------+--------+-------+-----------|
| u_system/u_cpu/u_alu/i_12/i_165/B                 | NAND2 | Fall |  8181.0 |    0.0 | 86.0  |           | 
|---------------------------------------------------+-------+------+---------+--------+-------+-----------|
| u_system/u_cpu/u_alu/i_12/i_165/Z                 | NAND2 | Rise |  8317.0 |  136.0 | 86.0  | 32.1619   | 
|---------------------------------------------------+-------+------+---------+--------+-------+-----------|
| u_system/u_cpu/u_alu/i_12/i_162/B                 | NAND2 | Rise |  8318.0 |    1.0 | 86.0  |           | 
|---------------------------------------------------+-------+------+---------+--------+-------+-----------|
| u_system/u_cpu/u_alu/i_12/i_162/Z                 | NAND2 | Fall |  8452.0 |  134.0 | 112.0 | 26.9771   | 
|---------------------------------------------------+-------+------+---------+--------+-------+-----------|
| u_system/u_cpu/u_alu/i_12/i_161/A                 | NAND2 | Fall |  8452.0 |    0.0 | 112.0 |           | 
|---------------------------------------------------+-------+------+---------+--------+-------+-----------|
| u_system/u_cpu/u_alu/i_12/i_161/Z                 | NAND2 | Rise |  8557.0 |  105.0 | 199.0 | 16.2038   | 
|---------------------------------------------------+-------+------+---------+--------+-------+-----------|
| u_system/u_cpu/u_alu/i_12/i_160/B                 | NAND2 | Rise |  8557.0 |    0.0 | 199.0 |           | 
|---------------------------------------------------+-------+------+---------+--------+-------+-----------|
| u_system/u_cpu/u_alu/i_12/i_160/Z                 | NAND2 | Fall |  8732.0 |  175.0 | 111.0 | 37.0116   | 
|---------------------------------------------------+-------+------+---------+--------+-------+-----------|
| u_system/u_cpu/u_alu/i_12/i_158/B                 | NOR2  | Fall |  8732.0 |    0.0 | 111.0 |           | 
|---------------------------------------------------+-------+------+---------+--------+-------+-----------|
| u_system/u_cpu/u_alu/i_12/i_158/Z                 | NOR2  | Rise |  8915.0 |  183.0 | 258.0 | 27.9175   | 
|---------------------------------------------------+-------+------+---------+--------+-------+-----------|
| u_system/u_cpu/u_alu/i_12/i_157/A                 | INV   | Rise |  8915.0 |    0.0 | 258.0 |           | 
|---------------------------------------------------+-------+------+---------+--------+-------+-----------|
| u_system/u_cpu/u_alu/i_12/i_157/Z                 | INV   | Fall |  9002.0 |   87.0 | 73.0  | 13.901    | 
|---------------------------------------------------+-------+------+---------+--------+-------+-----------|
| u_system/u_cpu/u_alu/i_12/i_155/A                 | NAND2 | Fall |  9002.0 |    0.0 | 73.0  |           | 
|---------------------------------------------------+-------+------+---------+--------+-------+-----------|
| u_system/u_cpu/u_alu/i_12/i_155/Z                 | NAND2 | Rise |  9117.0 |  115.0 | 84.0  | 30.5448   | 
|---------------------------------------------------+-------+------+---------+--------+-------+-----------|
| u_system/u_cpu/u_alu/i_12/i_154/A                 | INV   | Rise |  9117.0 |    0.0 | 84.0  |           | 
|---------------------------------------------------+-------+------+---------+--------+-------+-----------|
| u_system/u_cpu/u_alu/i_12/i_154/Z                 | INV   | Fall |  9210.0 |   93.0 | 55.0  | 28.164    | 
|---------------------------------------------------+-------+------+---------+--------+-------+-----------|
| u_system/u_cpu/u_alu/i_12/i_152/B                 | NOR2  | Fall |  9210.0 |    0.0 | 55.0  |           | 
|---------------------------------------------------+-------+------+---------+--------+-------+-----------|
| u_system/u_cpu/u_alu/i_12/i_152/Z                 | NOR2  | Rise |  9377.0 |  167.0 | 199.0 | 31.9865   | 
|---------------------------------------------------+-------+------+---------+--------+-------+-----------|
| u_system/u_cpu/u_alu/i_12/i_151/B                 | NOR2  | Rise |  9377.0 |    0.0 | 199.0 |           | 
|---------------------------------------------------+-------+------+---------+--------+-------+-----------|
| u_system/u_cpu/u_alu/i_12/i_151/Z                 | NOR2  | Fall |  9479.0 |  102.0 | 111.0 | 22.4079   | 
|---------------------------------------------------+-------+------+---------+--------+-------+-----------|
| u_system/u_cpu/u_alu/i_12/i_148/C                 | NOR3  | Fall |  9479.0 |    0.0 | 111.0 |           | 
|---------------------------------------------------+-------+------+---------+--------+-------+-----------|
| u_system/u_cpu/u_alu/i_12/i_148/Z                 | NOR3  | Rise |  9916.0 |  437.0 | 425.0 | 29.0863   | 
|---------------------------------------------------+-------+------+---------+--------+-------+-----------|
| u_system/u_cpu/u_alu/i_12/i_147/B                 | NOR2  | Rise |  9916.0 |    0.0 | 425.0 |           | 
|---------------------------------------------------+-------+------+---------+--------+-------+-----------|
| u_system/u_cpu/u_alu/i_12/i_147/Z                 | NOR2  | Fall | 10022.0 |  106.0 | 116.0 | 21.7836   | 
|---------------------------------------------------+-------+------+---------+--------+-------+-----------|
| u_system/u_cpu/u_alu/i_12/i_144/C                 | NOR3  | Fall | 10022.0 |    0.0 | 116.0 |           | 
|---------------------------------------------------+-------+------+---------+--------+-------+-----------|
| u_system/u_cpu/u_alu/i_12/i_144/Z                 | NOR3  | Rise | 10468.0 |  446.0 | 428.0 | 29.6892   | 
|---------------------------------------------------+-------+------+---------+--------+-------+-----------|
| u_system/u_cpu/u_alu/i_12/i_143/B                 | NOR2  | Rise | 10468.0 |    0.0 | 428.0 |           | 
|---------------------------------------------------+-------+------+---------+--------+-------+-----------|
| u_system/u_cpu/u_alu/i_12/i_143/Z                 | NOR2  | Fall | 10576.0 |  108.0 | 117.0 | 22.4961   | 
|---------------------------------------------------+-------+------+---------+--------+-------+-----------|
| u_system/u_cpu/u_alu/i_12/i_140/C                 | NOR3  | Fall | 10576.0 |    0.0 | 117.0 |           | 
|---------------------------------------------------+-------+------+---------+--------+-------+-----------|
| u_system/u_cpu/u_alu/i_12/i_140/Z                 | NOR3  | Rise | 11028.0 |  452.0 | 443.0 | 30.1948   | 
|---------------------------------------------------+-------+------+---------+--------+-------+-----------|
| u_system/u_cpu/u_alu/i_12/i_139/B                 | NOR2  | Rise | 11028.0 |    0.0 | 443.0 |           | 
|---------------------------------------------------+-------+------+---------+--------+-------+-----------|
| u_system/u_cpu/u_alu/i_12/i_139/Z                 | NOR2  | Fall | 11141.0 |  113.0 | 123.0 | 24.6164   | 
|---------------------------------------------------+-------+------+---------+--------+-------+-----------|
| u_system/u_cpu/u_alu/i_12/i_136/C                 | NOR3  | Fall | 11141.0 |    0.0 | 123.0 |           | 
|---------------------------------------------------+-------+------+---------+--------+-------+-----------|
| u_system/u_cpu/u_alu/i_12/i_136/Z                 | NOR3  | Rise | 11581.0 |  440.0 | 439.0 | 28.6305   | 
|---------------------------------------------------+-------+------+---------+--------+-------+-----------|
| u_system/u_cpu/u_alu/i_12/i_135/B                 | NOR2  | Rise | 11581.0 |    0.0 | 439.0 |           | 
|---------------------------------------------------+-------+------+---------+--------+-------+-----------|
| u_system/u_cpu/u_alu/i_12/i_135/Z                 | NOR2  | Fall | 11689.0 |  108.0 | 158.0 | 22.6447   | 
|---------------------------------------------------+-------+------+---------+--------+-------+-----------|
| u_system/u_cpu/u_alu/i_12/i_132/C                 | NOR3  | Fall | 11689.0 |    0.0 | 158.0 |           | 
|---------------------------------------------------+-------+------+---------+--------+-------+-----------|
| u_system/u_cpu/u_alu/i_12/i_132/Z                 | NOR3  | Rise | 12181.0 |  492.0 | 449.0 | 31.7876   | 
|---------------------------------------------------+-------+------+---------+--------+-------+-----------|
| u_system/u_cpu/u_alu/i_12/i_131/B                 | NOR2  | Rise | 12181.0 |    0.0 | 449.0 |           | 
|---------------------------------------------------+-------+------+---------+--------+-------+-----------|
| u_system/u_cpu/u_alu/i_12/i_131/Z                 | NOR2  | Fall | 12293.0 |  112.0 | 151.0 | 23.9089   | 
|---------------------------------------------------+-------+------+---------+--------+-------+-----------|
| u_system/u_cpu/u_alu/i_12/i_128/C                 | NOR3  | Fall | 12293.0 |    0.0 | 151.0 |           | 
|---------------------------------------------------+-------+------+---------+--------+-------+-----------|
| u_system/u_cpu/u_alu/i_12/i_128/Z                 | NOR3  | Rise | 12774.0 |  481.0 | 450.0 | 31.0537   | 
|---------------------------------------------------+-------+------+---------+--------+-------+-----------|
| u_system/u_cpu/u_alu/i_12/i_127/B                 | NOR2  | Rise | 12774.0 |    0.0 | 450.0 |           | 
|---------------------------------------------------+-------+------+---------+--------+-------+-----------|
| u_system/u_cpu/u_alu/i_12/i_127/Z                 | NOR2  | Fall | 12887.0 |  113.0 | 160.0 | 24.422    | 
|---------------------------------------------------+-------+------+---------+--------+-------+-----------|
| u_system/u_cpu/u_alu/i_12/i_124/C                 | NOR3  | Fall | 12887.0 |    0.0 | 160.0 |           | 
|---------------------------------------------------+-------+------+---------+--------+-------+-----------|
| u_system/u_cpu/u_alu/i_12/i_124/Z                 | NOR3  | Rise | 13390.0 |  503.0 | 468.0 | 32.7862   | 
|---------------------------------------------------+-------+------+---------+--------+-------+-----------|
| u_system/u_cpu/u_alu/i_12/i_123/B                 | NOR2  | Rise | 13391.0 |    1.0 | 468.0 |           | 
|---------------------------------------------------+-------+------+---------+--------+-------+-----------|
| u_system/u_cpu/u_alu/i_12/i_123/Z                 | NOR2  | Fall | 13497.0 |  106.0 | 151.0 | 21.9363   | 
|---------------------------------------------------+-------+------+---------+--------+-------+-----------|
| u_system/u_cpu/u_alu/i_12/i_120/C                 | NOR3  | Fall | 13497.0 |    0.0 | 151.0 |           | 
|---------------------------------------------------+-------+------+---------+--------+-------+-----------|
| u_system/u_cpu/u_alu/i_12/i_120/Z                 | NOR3  | Rise | 13968.0 |  471.0 | 442.0 | 30.0965   | 
|---------------------------------------------------+-------+------+---------+--------+-------+-----------|
| u_system/u_cpu/u_alu/i_12/i_119/B                 | NOR2  | Rise | 13968.0 |    0.0 | 442.0 |           | 
|---------------------------------------------------+-------+------+---------+--------+-------+-----------|
| u_system/u_cpu/u_alu/i_12/i_119/Z                 | NOR2  | Fall | 14076.0 |  108.0 | 156.0 | 22.3264   | 
|---------------------------------------------------+-------+------+---------+--------+-------+-----------|
| u_system/u_cpu/u_alu/i_12/i_116/C                 | NOR3  | Fall | 14076.0 |    0.0 | 156.0 |           | 
|---------------------------------------------------+-------+------+---------+--------+-------+-----------|
| u_system/u_cpu/u_alu/i_12/i_116/Z                 | NOR3  | Rise | 14548.0 |  472.0 | 453.0 | 29.8416   | 
|---------------------------------------------------+-------+------+---------+--------+-------+-----------|
| u_system/u_cpu/u_alu/i_12/i_115/B                 | NOR2  | Rise | 14548.0 |    0.0 | 453.0 |           | 
|---------------------------------------------------+-------+------+---------+--------+-------+-----------|
| u_system/u_cpu/u_alu/i_12/i_115/Z                 | NOR2  | Fall | 14660.0 |  112.0 | 151.0 | 23.897    | 
|---------------------------------------------------+-------+------+---------+--------+-------+-----------|
| u_system/u_cpu/u_alu/i_12/i_112/C                 | NOR3  | Fall | 14660.0 |    0.0 | 151.0 |           | 
|---------------------------------------------------+-------+------+---------+--------+-------+-----------|
| u_system/u_cpu/u_alu/i_12/i_112/Z                 | NOR3  | Rise | 15143.0 |  483.0 | 486.0 | 31.2483   | 
|---------------------------------------------------+-------+------+---------+--------+-------+-----------|
| u_system/u_cpu/u_alu/i_12/i_111/B                 | NOR2  | Rise | 15143.0 |    0.0 | 486.0 |           | 
|---------------------------------------------------+-------+------+---------+--------+-------+-----------|
| u_system/u_cpu/u_alu/i_12/i_111/Z                 | NOR2  | Fall | 15253.0 |  110.0 | 135.0 | 23.463    | 
|---------------------------------------------------+-------+------+---------+--------+-------+-----------|
| u_system/u_cpu/u_alu/i_12/i_108/C                 | NOR3  | Fall | 15253.0 |    0.0 | 135.0 |           | 
|---------------------------------------------------+-------+------+---------+--------+-------+-----------|
| u_system/u_cpu/u_alu/i_12/i_108/Z                 | NOR3  | Rise | 15712.0 |  459.0 | 437.0 | 29.8765   | 
|---------------------------------------------------+-------+------+---------+--------+-------+-----------|
| u_system/u_cpu/u_alu/i_12/i_107/B                 | NOR2  | Rise | 15712.0 |    0.0 | 437.0 |           | 
|---------------------------------------------------+-------+------+---------+--------+-------+-----------|
| u_system/u_cpu/u_alu/i_12/i_107/Z                 | NOR2  | Fall | 15820.0 |  108.0 | 152.0 | 22.3935   | 
|---------------------------------------------------+-------+------+---------+--------+-------+-----------|
| u_system/u_cpu/u_alu/i_12/i_104/C                 | NOR3  | Fall | 15820.0 |    0.0 | 152.0 |           | 
|---------------------------------------------------+-------+------+---------+--------+-------+-----------|
| u_system/u_cpu/u_alu/i_12/i_104/Z                 | NOR3  | Rise | 16318.0 |  498.0 | 453.0 | 32.7178   | 
|---------------------------------------------------+-------+------+---------+--------+-------+-----------|
| u_system/u_cpu/u_alu/i_12/i_103/B                 | NOR2  | Rise | 16319.0 |    1.0 | 453.0 |           | 
|---------------------------------------------------+-------+------+---------+--------+-------+-----------|
| u_system/u_cpu/u_alu/i_12/i_103/Z                 | NOR2  | Fall | 16429.0 |  110.0 | 151.0 | 23.4106   | 
|---------------------------------------------------+-------+------+---------+--------+-------+-----------|
| u_system/u_cpu/u_alu/i_12/i_100/C                 | NOR3  | Fall | 16429.0 |    0.0 | 151.0 |           | 
|---------------------------------------------------+-------+------+---------+--------+-------+-----------|
| u_system/u_cpu/u_alu/i_12/i_100/Z                 | NOR3  | Rise | 16900.0 |  471.0 | 425.0 | 30.0923   | 
|---------------------------------------------------+-------+------+---------+--------+-------+-----------|
| u_system/u_cpu/u_alu/i_12/i_99/B                  | NOR2  | Rise | 16900.0 |    0.0 | 425.0 |           | 
|---------------------------------------------------+-------+------+---------+--------+-------+-----------|
| u_system/u_cpu/u_alu/i_12/i_99/Z                  | NOR2  | Fall | 17009.0 |  109.0 | 155.0 | 23.0283   | 
|---------------------------------------------------+-------+------+---------+--------+-------+-----------|
| u_system/u_cpu/u_alu/i_12/i_96/C                  | NOR3  | Fall | 17009.0 |    0.0 | 155.0 |           | 
|---------------------------------------------------+-------+------+---------+--------+-------+-----------|
| u_system/u_cpu/u_alu/i_12/i_96/Z                  | NOR3  | Rise | 17483.0 |  474.0 | 447.0 | 30.1261   | 
|---------------------------------------------------+-------+------+---------+--------+-------+-----------|
| u_system/u_cpu/u_alu/i_12/i_95/B                  | NOR2  | Rise | 17483.0 |    0.0 | 447.0 |           | 
|---------------------------------------------------+-------+------+---------+--------+-------+-----------|
| u_system/u_cpu/u_alu/i_12/i_95/Z                  | NOR2  | Fall | 17599.0 |  116.0 | 161.0 | 25.4775   | 
|---------------------------------------------------+-------+------+---------+--------+-------+-----------|
| u_system/u_cpu/u_alu/i_12/i_92/C                  | NOR3  | Fall | 17600.0 |    1.0 | 161.0 |           | 
|---------------------------------------------------+-------+------+---------+--------+-------+-----------|
| u_system/u_cpu/u_alu/i_12/i_92/Z                  | NOR3  | Rise | 18087.0 |  487.0 | 461.0 | 31.1048   | 
|---------------------------------------------------+-------+------+---------+--------+-------+-----------|
| u_system/u_cpu/u_alu/i_12/i_91/B                  | NOR2  | Rise | 18087.0 |    0.0 | 461.0 |           | 
|---------------------------------------------------+-------+------+---------+--------+-------+-----------|
| u_system/u_cpu/u_alu/i_12/i_91/Z                  | NOR2  | Fall | 18193.0 |  106.0 | 156.0 | 21.8573   | 
|---------------------------------------------------+-------+------+---------+--------+-------+-----------|
| u_system/u_cpu/u_alu/i_12/i_88/C                  | NOR3  | Fall | 18193.0 |    0.0 | 156.0 |           | 
|---------------------------------------------------+-------+------+---------+--------+-------+-----------|
| u_system/u_cpu/u_alu/i_12/i_88/Z                  | NOR3  | Rise | 18697.0 |  504.0 | 455.0 | 33.12     | 
|---------------------------------------------------+-------+------+---------+--------+-------+-----------|
| u_system/u_cpu/u_alu/i_12/i_87/B                  | NOR2  | Rise | 18697.0 |    0.0 | 455.0 |           | 
|---------------------------------------------------+-------+------+---------+--------+-------+-----------|
| u_system/u_cpu/u_alu/i_12/i_87/Z                  | NOR2  | Fall | 18805.0 |  108.0 | 144.0 | 22.5039   | 
|---------------------------------------------------+-------+------+---------+--------+-------+-----------|
| u_system/u_cpu/u_alu/i_12/i_84/C                  | NOR3  | Fall | 18805.0 |    0.0 | 144.0 |           | 
|---------------------------------------------------+-------+------+---------+--------+-------+-----------|
| u_system/u_cpu/u_alu/i_12/i_84/Z                  | NOR3  | Rise | 19289.0 |  484.0 | 437.0 | 31.805    | 
|---------------------------------------------------+-------+------+---------+--------+-------+-----------|
| u_system/u_cpu/u_alu/i_12/i_83/B                  | NOR2  | Rise | 19317.0 |   28.0 | 437.0 |           | 
|---------------------------------------------------+-------+------+---------+--------+-------+-----------|
| u_system/u_cpu/u_alu/i_12/i_83/Z                  | NOR2  | Fall | 19433.0 |  116.0 | 165.0 | 25.6449   | 
|---------------------------------------------------+-------+------+---------+--------+-------+-----------|
| u_system/u_cpu/u_alu/i_12/i_80/C                  | NOR3  | Fall | 19433.0 |    0.0 | 165.0 |           | 
|---------------------------------------------------+-------+------+---------+--------+-------+-----------|
| u_system/u_cpu/u_alu/i_12/i_80/Z                  | NOR3  | Rise | 19920.0 |  487.0 | 437.0 | 30.8067   | 
|---------------------------------------------------+-------+------+---------+--------+-------+-----------|
| u_system/u_cpu/u_alu/i_12/i_79/B                  | NOR2  | Rise | 19920.0 |    0.0 | 437.0 |           | 
|---------------------------------------------------+-------+------+---------+--------+-------+-----------|
| u_system/u_cpu/u_alu/i_12/i_79/Z                  | NOR2  | Fall | 20030.0 |  110.0 | 166.0 | 23.1516   | 
|---------------------------------------------------+-------+------+---------+--------+-------+-----------|
| u_system/u_cpu/u_alu/i_12/i_76/C                  | NOR3  | Fall | 20030.0 |    0.0 | 166.0 |           | 
|---------------------------------------------------+-------+------+---------+--------+-------+-----------|
| u_system/u_cpu/u_alu/i_12/i_76/Z                  | NOR3  | Rise | 20499.0 |  469.0 | 427.0 | 28.9707   | 
|---------------------------------------------------+-------+------+---------+--------+-------+-----------|
| u_system/u_cpu/u_alu/i_12/i_75/B                  | NOR2  | Rise | 20499.0 |    0.0 | 427.0 |           | 
|---------------------------------------------------+-------+------+---------+--------+-------+-----------|
| u_system/u_cpu/u_alu/i_12/i_75/Z                  | NOR2  | Fall | 20616.0 |  117.0 | 140.0 | 25.9084   | 
|---------------------------------------------------+-------+------+---------+--------+-------+-----------|
| u_system/u_cpu/u_alu/i_12/i_72/C                  | NOR3  | Fall | 20616.0 |    0.0 | 140.0 |           | 
|---------------------------------------------------+-------+------+---------+--------+-------+-----------|
| u_system/u_cpu/u_alu/i_12/i_72/Z                  | NOR3  | Rise | 21093.0 |  477.0 | 451.0 | 31.3385   | 
|---------------------------------------------------+-------+------+---------+--------+-------+-----------|
| u_system/u_cpu/u_alu/i_12/i_71/B                  | NOR2  | Rise | 21093.0 |    0.0 | 451.0 |           | 
|---------------------------------------------------+-------+------+---------+--------+-------+-----------|
| u_system/u_cpu/u_alu/i_12/i_71/Z                  | NOR2  | Fall | 21212.0 |  119.0 | 127.0 | 26.5762   | 
|---------------------------------------------------+-------+------+---------+--------+-------+-----------|
| u_system/u_cpu/u_alu/i_12/i_68/C                  | NOR3  | Fall | 21212.0 |    0.0 | 127.0 |           | 
|---------------------------------------------------+-------+------+---------+--------+-------+-----------|
| u_system/u_cpu/u_alu/i_12/i_68/Z                  | NOR3  | Rise | 21671.0 |  459.0 | 458.0 | 30.3299   | 
|---------------------------------------------------+-------+------+---------+--------+-------+-----------|
| u_system/u_cpu/u_alu/i_12/i_67/B                  | NOR2  | Rise | 21671.0 |    0.0 | 458.0 |           | 
|---------------------------------------------------+-------+------+---------+--------+-------+-----------|
| u_system/u_cpu/u_alu/i_12/i_67/Z                  | NOR2  | Fall | 21759.0 |   88.0 | 111.0 | 15.0272   | 
|---------------------------------------------------+-------+------+---------+--------+-------+-----------|
| u_system/u_cpu/u_alu/i_12/i_66/B                  | NOR2  | Fall | 21759.0 |    0.0 | 111.0 |           | 
|---------------------------------------------------+-------+------+---------+--------+-------+-----------|
| u_system/u_cpu/u_alu/i_12/i_66/Z                  | NOR2  | Rise | 21956.0 |  197.0 | 134.0 | 32.6513   | 
|---------------------------------------------------+-------+------+---------+--------+-------+-----------|
| u_system/u_cpu/u_alu/i_12/i_59/A                  | XNOR2 | Rise | 21956.0 |    0.0 | 134.0 |           | 
|---------------------------------------------------+-------+------+---------+--------+-------+-----------|
| u_system/u_cpu/u_alu/i_12/i_59/Z                  | XNOR2 | Fall | 22239.0 |  283.0 | 75.0  | 13.2322   | 
|---------------------------------------------------+-------+------+---------+--------+-------+-----------|
| u_system/u_cpu/u_alu/i_12/p_0[30]                 |       | Fall | 22239.0 |    0.0 |       |           | 
|---------------------------------------------------+-------+------+---------+--------+-------+-----------|
| u_system/u_cpu/u_alu/i_0_250/A                    | AOI22 | Fall | 22239.0 |    0.0 | 75.0  |           | 
|---------------------------------------------------+-------+------+---------+--------+-------+-----------|
| u_system/u_cpu/u_alu/i_0_250/Z                    | AOI22 | Rise | 22555.0 |  316.0 | 251.0 | 18.7882   | 
|---------------------------------------------------+-------+------+---------+--------+-------+-----------|
| u_system/u_cpu/u_alu/i_0_245/B                    | NAND4 | Rise | 22564.0 |    9.0 | 251.0 |           | 
|---------------------------------------------------+-------+------+---------+--------+-------+-----------|
| u_system/u_cpu/u_alu/i_0_245/Z                    | NAND4 | Fall | 22832.0 |  268.0 | 168.0 | 17.8501   | 
|---------------------------------------------------+-------+------+---------+--------+-------+-----------|
| u_system/u_cpu/u_alu/alu_result[30]               |       | Fall | 22832.0 |    0.0 |       |           | 
|---------------------------------------------------+-------+------+---------+--------+-------+-----------|
| u_system/u_cpu/i_0_254/A                          | AOI22 | Fall | 22833.0 |    1.0 | 168.0 |           | 
|---------------------------------------------------+-------+------+---------+--------+-------+-----------|
| u_system/u_cpu/i_0_254/Z                          | AOI22 | Rise | 23202.0 |  369.0 | 288.0 | 22.9669   | 
|---------------------------------------------------+-------+------+---------+--------+-------+-----------|
| u_system/u_cpu/i_0_253/A                          | NAND2 | Rise | 23224.0 |   22.0 | 288.0 |           | 
|---------------------------------------------------+-------+------+---------+--------+-------+-----------|
| u_system/u_cpu/i_0_253/Z                          | NAND2 | Fall | 23367.0 |  143.0 | 94.0  | 10.2008   | 
|---------------------------------------------------+-------+------+---------+--------+-------+-----------|
| u_system/u_cpu/u_accumulator_acc_out_reg[30]/DATA | DFF   | Fall | 23367.0 |    0.0 | 94.0  |           | 
-----------------------------------------------------------------------------------------------------------


----------------------------------------------------------------
|                                         | Time     | Total   | 
|-----------------------------------------+----------+---------|
| target clock clk (rise edge)            |      0.0 |     0.0 | 
|-----------------------------------------+----------+---------|
| target clock cycle shift                |  30000.0 | 30000.0 | 
|-----------------------------------------+----------+---------|
| target clock propagated network latency |   2108.0 | 32108.0 | 
|-----------------------------------------+----------+---------|
| library setup check                     |   -241.0 | 31867.0 | 
|-----------------------------------------+----------+---------|
| data required time                      |  31867.0 |         | 
|-----------------------------------------+----------+---------|
|                                         |          |         | 
|-----------------------------------------+----------+---------|
| data required time                      |  31867.0 |         | 
|-----------------------------------------+----------+---------|
| data arrival time                       | -23367.0 |         | 
|-----------------------------------------+----------+---------|
| pessimism                               |     52.0 |         | 
|-----------------------------------------+----------+---------|
|                                         |          |         | 
|-----------------------------------------+----------+---------|
| slack                                   |   8552.0 |         | 
----------------------------------------------------------------


info UI33: performed report_timing for 0 sec (CPU time: 0 sec; MEM: RSS - 1362M, CVMEM - 2361M, PVMEM - 2457M)
