Report 'design': Design Report
Generated on 일 6월 14 11:04:32 2026
  
--------------------------
|  Hierarchy Statistics  |
|----------------+-------|
|                | Count | 
|----------------+-------|
| Hier Cells     | 13    | 
|----------------+-------|
| Constant Cells | 0     | 
|----------------+-------|
| Spare Cells    | 0     | 
|----------------+-------|
| Clock Cells    | 388   | 
|----------------+-------|
| Scan Cells     | N/A   | 
|----------------+-------|
| Leaf Cells     | 39909 | 
|----------------+-------|
| Unplaced Cells | 0     | 
--------------------------


  
---------------------------------------
|        Leaf Cells Statistics        |
|----------------+-------+------------|
|                | Count | Percentage | 
|----------------+-------+------------|
| Buffers        | 2359  | 5.91       | 
|----------------+-------+------------|
| Inverters      | 1885  | 4.72       | 
|----------------+-------+------------|
| Registers      | 9498  | 23.79      | 
|----------------+-------+------------|
| Latches        | 0     | 0          | 
|----------------+-------+------------|
| Complex Cells  | 22580 | 56.57      | 
|----------------+-------+------------|
| Filler Cells   | 0     | 0          | 
|----------------+-------+------------|
| Physical Cells | 0     | 0          | 
|----------------+-------+------------|
| Logical Cells  | 39909 | 100        | 
---------------------------------------


  
--------------------------------------------------------------
|                 Placement Area Statistics                  |
|--------------------+---------------------+-----------------|
|                    | Area (micro (e-12)) | Utilization (%) | 
|--------------------+---------------------+-----------------|
| Standard Cells     | 3.03892e+06         | 52.45           | 
|--------------------+---------------------+-----------------|
| Buffers, Inverters | 102772              | 1.77            | 
|--------------------+---------------------+-----------------|
| Filler Cells       | 0                   | 0               | 
|--------------------+---------------------+-----------------|
| Physical Cells     | 0                   | 0               | 
|--------------------+---------------------+-----------------|
| Placeable Row Area | 5.79363e+06         | 100             | 
--------------------------------------------------------------


  
----------------------------------------
|         Flat Nets Statistics         |
|-----------------+-------+------------|
|                 | Count | Percentage | 
|-----------------+-------+------------|
| All             | 39941 | 100        | 
|-----------------+-------+------------|
| Orphaned        | 410   | 1.02       | 
|-----------------+-------+------------|
| Multi Driver    | 0     | 0          | 
|-----------------+-------+------------|
| 1 Fanout        | 25027 | 62.65      | 
|-----------------+-------+------------|
| 2 Fanouts       | 2903  | 7.26       | 
|-----------------+-------+------------|
| 3-30 Fanouts    | 11437 | 28.63      | 
|-----------------+-------+------------|
| 30-127 Fanouts  | 164   | 0.41       | 
|-----------------+-------+------------|
| 128-500 Fanouts | 0     | 0          | 
|-----------------+-------+------------|
| > 500 Fanouts   | 0     | 0          | 
----------------------------------------


