 Timing Path to u_system/u_gemm/u_mac/acc_reg[31]/DATA 
  
 Path Start Point : u_system/u_gemm/u_mac/k_reg[2] (DFF) 
                       (rising edge-triggered flip-flop clocked by clk) 
 Path End Point   : u_system/u_gemm/u_mac/acc_reg[31] (DFF) 
                       (rising edge-triggered flip-flop clocked by clk) 
 Mode             : default 
 Corner           : slow 
 Path Type        : max 
 Path Group       : clk 


-------------------------------------------------------------------------------------------------
| Pin                                    | Cell  | Edge | Arrival | Delay  | Slew   | Total Cap | 
|----------------------------------------+-------+------+---------+--------+--------+-----------|
| u_system/u_gemm/u_mac/k_reg[2]/CLK     | DFF   | Rise |  2237.0 | 2237.0 | 215.0  |           | 
|----------------------------------------+-------+------+---------+--------+--------+-----------|
| u_system/u_gemm/u_mac/k_reg[2]/Q       | DFF   | Rise |  3552.0 | 1315.0 | 851.0  | 245.429   | 
|----------------------------------------+-------+------+---------+--------+--------+-----------|
| u_system/u_gemm/u_mac/at_k[2]          |       | Rise |  3552.0 |    0.0 |        |           | 
|----------------------------------------+-------+------+---------+--------+--------+-----------|
| u_system/u_gemm/u_buf/at_k[2]          |       | Rise |  3552.0 |    0.0 |        |           | 
|----------------------------------------+-------+------+---------+--------+--------+-----------|
| u_system/u_gemm/u_buf/i_1_0_492/A      | NAND3 | Rise |  3726.0 |  174.0 | 851.0  |           | 
|----------------------------------------+-------+------+---------+--------+--------+-----------|
| u_system/u_gemm/u_buf/i_1_0_492/Z      | NAND3 | Fall |  4180.0 |  454.0 | 316.0  | 29.369    | 
|----------------------------------------+-------+------+---------+--------+--------+-----------|
| u_system/u_gemm/u_buf/i_1_0_491/B      | NAND2 | Fall |  4180.0 |    0.0 | 316.0  |           | 
|----------------------------------------+-------+------+---------+--------+--------+-----------|
| u_system/u_gemm/u_buf/i_1_0_491/Z      | NAND2 | Rise |  4365.0 |  185.0 | 113.0  | 17.958    | 
|----------------------------------------+-------+------+---------+--------+--------+-----------|
| u_system/u_gemm/u_buf/i_1_0_490/B      | XNOR2 | Rise |  4365.0 |    0.0 | 113.0  |           | 
|----------------------------------------+-------+------+---------+--------+--------+-----------|
| u_system/u_gemm/u_buf/i_1_0_490/Z      | XNOR2 | Fall |  4715.0 |  350.0 | 98.0   | 31.573    | 
|----------------------------------------+-------+------+---------+--------+--------+-----------|
| u_system/u_gemm/u_buf/i_1_0_486/B      | XNOR2 | Fall |  4715.0 |    0.0 | 98.0   |           | 
|----------------------------------------+-------+------+---------+--------+--------+-----------|
| u_system/u_gemm/u_buf/i_1_0_486/Z      | XNOR2 | Fall |  5053.0 |  338.0 | 90.0   | 25.5468   | 
|----------------------------------------+-------+------+---------+--------+--------+-----------|
| u_system/u_gemm/u_buf/i_1_0_485/C      | NOR3  | Fall |  5053.0 |    0.0 | 90.0   |           | 
|----------------------------------------+-------+------+---------+--------+--------+-----------|
| u_system/u_gemm/u_buf/i_1_0_485/Z      | NOR3  | Rise |  5350.0 |  297.0 | 262.0  | 16.3133   | 
|----------------------------------------+-------+------+---------+--------+--------+-----------|
| u_system/u_gemm/u_buf/i_1_0_484/B      | NOR2  | Rise |  5357.0 |    7.0 | 262.0  |           | 
|----------------------------------------+-------+------+---------+--------+--------+-----------|
| u_system/u_gemm/u_buf/i_1_0_484/Z      | NOR2  | Fall |  5451.0 |   94.0 | 83.0   | 17.8985   | 
|----------------------------------------+-------+------+---------+--------+--------+-----------|
| u_system/u_gemm/u_buf/i_1_0_432/A      | XOR2  | Fall |  5451.0 |    0.0 | 83.0   |           | 
|----------------------------------------+-------+------+---------+--------+--------+-----------|
| u_system/u_gemm/u_buf/i_1_0_432/Z      | XOR2  | Fall |  5843.0 |  392.0 | 199.0  | 87.5703   | 
|----------------------------------------+-------+------+---------+--------+--------+-----------|
| u_system/u_gemm/u_buf/i_0_1_538/D      | NOR4  | Fall |  5845.0 |    2.0 | 199.0  |           | 
|----------------------------------------+-------+------+---------+--------+--------+-----------|
| u_system/u_gemm/u_buf/i_0_1_538/Z      | NOR4  | Rise |  7691.0 | 1846.0 | 1697.0 | 299.577   | 
|----------------------------------------+-------+------+---------+--------+--------+-----------|
| u_system/u_gemm/u_buf/i_0_1_197/C      | AOI22 | Rise |  7752.0 |   61.0 | 1698.0 |           | 
|----------------------------------------+-------+------+---------+--------+--------+-----------|
| u_system/u_gemm/u_buf/i_0_1_197/Z      | AOI22 | Fall |  8002.0 |  250.0 | 439.0  | 20.0623   | 
|----------------------------------------+-------+------+---------+--------+--------+-----------|
| u_system/u_gemm/u_buf/i_0_1_195/C      | NAND4 | Fall |  8003.0 |    1.0 | 439.0  |           | 
|----------------------------------------+-------+------+---------+--------+--------+-----------|
| u_system/u_gemm/u_buf/i_0_1_195/Z      | NAND4 | Rise |  8230.0 |  227.0 | 166.0  | 15.2746   | 
|----------------------------------------+-------+------+---------+--------+--------+-----------|
| u_system/u_gemm/u_buf/i_0_1_189/A      | NOR2  | Rise |  8230.0 |    0.0 | 166.0  |           | 
|----------------------------------------+-------+------+---------+--------+--------+-----------|
| u_system/u_gemm/u_buf/i_0_1_189/Z      | NOR2  | Fall |  8370.0 |  140.0 | 92.0   | 30.0225   | 
|----------------------------------------+-------+------+---------+--------+--------+-----------|
| u_system/u_gemm/u_buf/i_0_1_188/A      | INV   | Fall |  8372.0 |    2.0 | 92.0   |           | 
|----------------------------------------+-------+------+---------+--------+--------+-----------|
| u_system/u_gemm/u_buf/i_0_1_188/Z      | INV   | Rise |  8529.0 |  157.0 | 102.0  | 57.286    | 
|----------------------------------------+-------+------+---------+--------+--------+-----------|
| u_system/u_gemm/u_buf/a_col0[3]        |       | Rise |  8529.0 |    0.0 |        |           | 
|----------------------------------------+-------+------+---------+--------+--------+-----------|
| u_system/u_gemm/u_mac/a_col0[3]        |       | Rise |  8529.0 |    0.0 |        |           | 
|----------------------------------------+-------+------+---------+--------+--------+-----------|
| u_system/u_gemm/u_mac/i_18/a_col0[3]   |       | Rise |  8529.0 |    0.0 |        |           | 
|----------------------------------------+-------+------+---------+--------+--------+-----------|
| u_system/u_gemm/u_mac/i_18/i_218/A     | INV   | Rise |  8543.0 |   14.0 | 102.0  |           | 
|----------------------------------------+-------+------+---------+--------+--------+-----------|
| u_system/u_gemm/u_mac/i_18/i_218/Z     | INV   | Fall |  8751.0 |  208.0 | 134.0  | 100.508   | 
|----------------------------------------+-------+------+---------+--------+--------+-----------|
| u_system/u_gemm/u_mac/i_18/i_203/B     | NOR2  | Fall |  8751.0 |    0.0 | 134.0  |           | 
|----------------------------------------+-------+------+---------+--------+--------+-----------|
| u_system/u_gemm/u_mac/i_18/i_203/Z     | NOR2  | Rise |  9015.0 |  264.0 | 184.0  | 51.4275   | 
|----------------------------------------+-------+------+---------+--------+--------+-----------|
| u_system/u_gemm/u_mac/i_18/i_83/B      | NAND2 | Rise |  9016.0 |    1.0 | 184.0  |           | 
|----------------------------------------+-------+------+---------+--------+--------+-----------|
| u_system/u_gemm/u_mac/i_18/i_83/Z      | NAND2 | Fall |  9181.0 |  165.0 | 107.0  | 33.8321   | 
|----------------------------------------+-------+------+---------+--------+--------+-----------|
| u_system/u_gemm/u_mac/i_18/i_80/A      | NAND2 | Fall |  9182.0 |    1.0 | 107.0  |           | 
|----------------------------------------+-------+------+---------+--------+--------+-----------|
| u_system/u_gemm/u_mac/i_18/i_80/Z      | NAND2 | Rise |  9302.0 |  120.0 | 75.0   | 25.2729   | 
|----------------------------------------+-------+------+---------+--------+--------+-----------|
| u_system/u_gemm/u_mac/i_18/i_79/B      | XNOR2 | Rise |  9302.0 |    0.0 | 75.0   |           | 
|----------------------------------------+-------+------+---------+--------+--------+-----------|
| u_system/u_gemm/u_mac/i_18/i_79/Z      | XNOR2 | Fall |  9636.0 |  334.0 | 88.0   | 24.4537   | 
|----------------------------------------+-------+------+---------+--------+--------+-----------|
| u_system/u_gemm/u_mac/i_18/i_78/A      | INV   | Fall |  9636.0 |    0.0 | 88.0   |           | 
|----------------------------------------+-------+------+---------+--------+--------+-----------|
| u_system/u_gemm/u_mac/i_18/i_78/Z      | INV   | Rise |  9725.0 |   89.0 | 50.0   | 17.6232   | 
|----------------------------------------+-------+------+---------+--------+--------+-----------|
| u_system/u_gemm/u_mac/i_18/i_73/C      | AOI22 | Rise |  9725.0 |    0.0 | 50.0   |           | 
|----------------------------------------+-------+------+---------+--------+--------+-----------|
| u_system/u_gemm/u_mac/i_18/i_73/Z      | AOI22 | Fall |  9900.0 |  175.0 | 159.0  | 25.5053   | 
|----------------------------------------+-------+------+---------+--------+--------+-----------|
| u_system/u_gemm/u_mac/i_18/i_72/A      | INV   | Fall |  9900.0 |    0.0 | 159.0  |           | 
|----------------------------------------+-------+------+---------+--------+--------+-----------|
| u_system/u_gemm/u_mac/i_18/i_72/Z      | INV   | Rise | 10009.0 |  109.0 | 61.0   | 16.3136   | 
|----------------------------------------+-------+------+---------+--------+--------+-----------|
| u_system/u_gemm/u_mac/i_18/i_70/B      | AOI22 | Rise | 10009.0 |    0.0 | 61.0   |           | 
|----------------------------------------+-------+------+---------+--------+--------+-----------|
| u_system/u_gemm/u_mac/i_18/i_70/Z      | AOI22 | Fall | 10238.0 |  229.0 | 181.0  | 26.8755   | 
|----------------------------------------+-------+------+---------+--------+--------+-----------|
| u_system/u_gemm/u_mac/i_18/i_69/D      | AOI22 | Fall | 10238.0 |    0.0 | 181.0  |           | 
|----------------------------------------+-------+------+---------+--------+--------+-----------|
| u_system/u_gemm/u_mac/i_18/i_69/Z      | AOI22 | Rise | 10618.0 |  380.0 | 272.0  | 22.1514   | 
|----------------------------------------+-------+------+---------+--------+--------+-----------|
| u_system/u_gemm/u_mac/i_18/i_68/A      | INV   | Rise | 10618.0 |    0.0 | 272.0  |           | 
|----------------------------------------+-------+------+---------+--------+--------+-----------|
| u_system/u_gemm/u_mac/i_18/i_68/Z      | INV   | Fall | 10709.0 |   91.0 | 77.0   | 15.1163   | 
|----------------------------------------+-------+------+---------+--------+--------+-----------|
| u_system/u_gemm/u_mac/i_18/i_46/A      | AOI22 | Fall | 10709.0 |    0.0 | 77.0   |           | 
|----------------------------------------+-------+------+---------+--------+--------+-----------|
| u_system/u_gemm/u_mac/i_18/i_46/Z      | AOI22 | Rise | 11136.0 |  427.0 | 346.0  | 35.019    | 
|----------------------------------------+-------+------+---------+--------+--------+-----------|
| u_system/u_gemm/u_mac/i_18/i_43/A      | XNOR2 | Rise | 11137.0 |    1.0 | 346.0  |           | 
|----------------------------------------+-------+------+---------+--------+--------+-----------|
| u_system/u_gemm/u_mac/i_18/i_43/Z      | XNOR2 | Fall | 11450.0 |  313.0 | 92.0   | 26.9987   | 
|----------------------------------------+-------+------+---------+--------+--------+-----------|
| u_system/u_gemm/u_mac/i_18/i_42/B      | XNOR2 | Fall | 11450.0 |    0.0 | 92.0   |           | 
|----------------------------------------+-------+------+---------+--------+--------+-----------|
| u_system/u_gemm/u_mac/i_18/i_42/Z      | XNOR2 | Fall | 11769.0 |  319.0 | 80.0   | 17.6078   | 
|----------------------------------------+-------+------+---------+--------+--------+-----------|
| u_system/u_gemm/u_mac/i_18/p0[40]      |       | Fall | 11769.0 |    0.0 |        |           | 
|----------------------------------------+-------+------+---------+--------+--------+-----------|
| u_system/u_gemm/u_mac/i_0_393/A        | INV   | Fall | 11769.0 |    0.0 | 80.0   |           | 
|----------------------------------------+-------+------+---------+--------+--------+-----------|
| u_system/u_gemm/u_mac/i_0_393/Z        | INV   | Rise | 11849.0 |   80.0 | 45.0   | 14.544    | 
|----------------------------------------+-------+------+---------+--------+--------+-----------|
| u_system/u_gemm/u_mac/i_0_198/A        | NOR2  | Rise | 11849.0 |    0.0 | 45.0   |           | 
|----------------------------------------+-------+------+---------+--------+--------+-----------|
| u_system/u_gemm/u_mac/i_0_198/Z        | NOR2  | Fall | 11961.0 |  112.0 | 188.0  | 33.0472   | 
|----------------------------------------+-------+------+---------+--------+--------+-----------|
| u_system/u_gemm/u_mac/i_23/p_3[40]     |       | Fall | 11961.0 |    0.0 |        |           | 
|----------------------------------------+-------+------+---------+--------+--------+-----------|
| u_system/u_gemm/u_mac/i_23/i_386/A     | NOR2  | Fall | 11962.0 |    1.0 | 188.0  |           | 
|----------------------------------------+-------+------+---------+--------+--------+-----------|
| u_system/u_gemm/u_mac/i_23/i_386/Z     | NOR2  | Rise | 12157.0 |  195.0 | 120.0  | 23.3573   | 
|----------------------------------------+-------+------+---------+--------+--------+-----------|
| u_system/u_gemm/u_mac/i_23/i_385/A     | INV   | Rise | 12157.0 |    0.0 | 120.0  |           | 
|----------------------------------------+-------+------+---------+--------+--------+-----------|
| u_system/u_gemm/u_mac/i_23/i_385/Z     | INV   | Fall | 12221.0 |   64.0 | 43.0   | 9.0116    | 
|----------------------------------------+-------+------+---------+--------+--------+-----------|
| u_system/u_gemm/u_mac/i_23/i_384/D     | AOI22 | Fall | 12221.0 |    0.0 | 43.0   |           | 
|----------------------------------------+-------+------+---------+--------+--------+-----------|
| u_system/u_gemm/u_mac/i_23/i_384/Z     | AOI22 | Rise | 12657.0 |  436.0 | 391.0  | 41.5571   | 
|----------------------------------------+-------+------+---------+--------+--------+-----------|
| u_system/u_gemm/u_mac/i_23/i_383/A     | INV   | Rise | 12659.0 |    2.0 | 391.0  |           | 
|----------------------------------------+-------+------+---------+--------+--------+-----------|
| u_system/u_gemm/u_mac/i_23/i_383/Z     | INV   | Fall | 12778.0 |  119.0 | 107.0  | 23.0585   | 
|----------------------------------------+-------+------+---------+--------+--------+-----------|
| u_system/u_gemm/u_mac/i_23/i_328/A     | AOI22 | Fall | 12779.0 |    1.0 | 107.0  |           | 
|----------------------------------------+-------+------+---------+--------+--------+-----------|
| u_system/u_gemm/u_mac/i_23/i_328/Z     | AOI22 | Rise | 13188.0 |  409.0 | 323.0  | 31.2811   | 
|----------------------------------------+-------+------+---------+--------+--------+-----------|
| u_system/u_gemm/u_mac/i_23/i_327/B     | XOR2  | Rise | 13209.0 |   21.0 | 323.0  |           | 
|----------------------------------------+-------+------+---------+--------+--------+-----------|
| u_system/u_gemm/u_mac/i_23/i_327/Z     | XOR2  | Rise | 13529.0 |  320.0 | 327.0  | 28.8872   | 
|----------------------------------------+-------+------+---------+--------+--------+-----------|
| u_system/u_gemm/u_mac/i_23/i_257/A     | XNOR2 | Rise | 13529.0 |    0.0 | 327.0  |           | 
|----------------------------------------+-------+------+---------+--------+--------+-----------|
| u_system/u_gemm/u_mac/i_23/i_257/Z     | XNOR2 | Fall | 13841.0 |  312.0 | 91.0   | 26.4907   | 
|----------------------------------------+-------+------+---------+--------+--------+-----------|
| u_system/u_gemm/u_mac/i_23/i_256/B     | XOR2  | Fall | 13841.0 |    0.0 | 91.0   |           | 
|----------------------------------------+-------+------+---------+--------+--------+-----------|
| u_system/u_gemm/u_mac/i_23/i_256/Z     | XOR2  | Fall | 14134.0 |  293.0 | 146.0  | 29.468    | 
|----------------------------------------+-------+------+---------+--------+--------+-----------|
| u_system/u_gemm/u_mac/i_23/i_225/A     | XNOR2 | Fall | 14135.0 |    1.0 | 146.0  |           | 
|----------------------------------------+-------+------+---------+--------+--------+-----------|
| u_system/u_gemm/u_mac/i_23/i_225/Z     | XNOR2 | Fall | 14565.0 |  430.0 | 99.0   | 34.076    | 
|----------------------------------------+-------+------+---------+--------+--------+-----------|
| u_system/u_gemm/u_mac/i_23/i_99/B      | XNOR2 | Fall | 14566.0 |    1.0 | 99.0   |           | 
|----------------------------------------+-------+------+---------+--------+--------+-----------|
| u_system/u_gemm/u_mac/i_23/i_99/Z      | XNOR2 | Rise | 14920.0 |  354.0 | 68.0   | 33.1325   | 
|----------------------------------------+-------+------+---------+--------+--------+-----------|
| u_system/u_gemm/u_mac/i_23/i_98/A      | INV   | Rise | 14921.0 |    1.0 | 68.0   |           | 
|----------------------------------------+-------+------+---------+--------+--------+-----------|
| u_system/u_gemm/u_mac/i_23/i_98/Z      | INV   | Fall | 15000.0 |   79.0 | 45.0   | 22.3069   | 
|----------------------------------------+-------+------+---------+--------+--------+-----------|
| u_system/u_gemm/u_mac/i_23/i_97/D      | AOI22 | Fall | 15007.0 |    7.0 | 45.0   |           | 
|----------------------------------------+-------+------+---------+--------+--------+-----------|
| u_system/u_gemm/u_mac/i_23/i_97/Z      | AOI22 | Rise | 15346.0 |  339.0 | 295.0  | 27.0792   | 
|----------------------------------------+-------+------+---------+--------+--------+-----------|
| u_system/u_gemm/u_mac/i_23/i_96/A      | INV   | Rise | 15347.0 |    1.0 | 295.0  |           | 
|----------------------------------------+-------+------+---------+--------+--------+-----------|
| u_system/u_gemm/u_mac/i_23/i_96/Z      | INV   | Fall | 15444.0 |   97.0 | 83.0   | 16.5015   | 
|----------------------------------------+-------+------+---------+--------+--------+-----------|
| u_system/u_gemm/u_mac/i_23/i_93/C      | AOI22 | Fall | 15444.0 |    0.0 | 83.0   |           | 
|----------------------------------------+-------+------+---------+--------+--------+-----------|
| u_system/u_gemm/u_mac/i_23/i_93/Z      | AOI22 | Rise | 15787.0 |  343.0 | 314.0  | 29.0312   | 
|----------------------------------------+-------+------+---------+--------+--------+-----------|
| u_system/u_gemm/u_mac/i_23/i_92/A      | INV   | Rise | 15788.0 |    1.0 | 314.0  |           | 
|----------------------------------------+-------+------+---------+--------+--------+-----------|
| u_system/u_gemm/u_mac/i_23/i_92/Z      | INV   | Fall | 15906.0 |  118.0 | 96.0   | 23.7434   | 
|----------------------------------------+-------+------+---------+--------+--------+-----------|
| u_system/u_gemm/u_mac/i_23/i_89/C      | AOI22 | Fall | 15907.0 |    1.0 | 96.0   |           | 
|----------------------------------------+-------+------+---------+--------+--------+-----------|
| u_system/u_gemm/u_mac/i_23/i_89/Z      | AOI22 | Rise | 16254.0 |  347.0 | 310.0  | 28.5816   | 
|----------------------------------------+-------+------+---------+--------+--------+-----------|
| u_system/u_gemm/u_mac/i_23/i_88/A      | INV   | Rise | 16255.0 |    1.0 | 310.0  |           | 
|----------------------------------------+-------+------+---------+--------+--------+-----------|
| u_system/u_gemm/u_mac/i_23/i_88/Z      | INV   | Fall | 16351.0 |   96.0 | 85.0   | 15.7244   | 
|----------------------------------------+-------+------+---------+--------+--------+-----------|
| u_system/u_gemm/u_mac/i_23/i_85/C      | AOI22 | Fall | 16351.0 |    0.0 | 85.0   |           | 
|----------------------------------------+-------+------+---------+--------+--------+-----------|
| u_system/u_gemm/u_mac/i_23/i_85/Z      | AOI22 | Rise | 16704.0 |  353.0 | 322.0  | 30.3044   | 
|----------------------------------------+-------+------+---------+--------+--------+-----------|
| u_system/u_gemm/u_mac/i_23/i_84/A      | INV   | Rise | 16715.0 |   11.0 | 322.0  |           | 
|----------------------------------------+-------+------+---------+--------+--------+-----------|
| u_system/u_gemm/u_mac/i_23/i_84/Z      | INV   | Fall | 16830.0 |  115.0 | 96.0   | 22.5059   | 
|----------------------------------------+-------+------+---------+--------+--------+-----------|
| u_system/u_gemm/u_mac/i_23/i_81/C      | AOI22 | Fall | 16831.0 |    1.0 | 96.0   |           | 
|----------------------------------------+-------+------+---------+--------+--------+-----------|
| u_system/u_gemm/u_mac/i_23/i_81/Z      | AOI22 | Rise | 17184.0 |  353.0 | 317.0  | 29.4452   | 
|----------------------------------------+-------+------+---------+--------+--------+-----------|
| u_system/u_gemm/u_mac/i_23/i_80/A      | INV   | Rise | 17185.0 |    1.0 | 317.0  |           | 
|----------------------------------------+-------+------+---------+--------+--------+-----------|
| u_system/u_gemm/u_mac/i_23/i_80/Z      | INV   | Fall | 17296.0 |  111.0 | 93.0   | 21.1019   | 
|----------------------------------------+-------+------+---------+--------+--------+-----------|
| u_system/u_gemm/u_mac/i_23/i_77/C      | AOI22 | Fall | 17296.0 |    0.0 | 93.0   |           | 
|----------------------------------------+-------+------+---------+--------+--------+-----------|
| u_system/u_gemm/u_mac/i_23/i_77/Z      | AOI22 | Rise | 17616.0 |  320.0 | 289.0  | 24.8429   | 
|----------------------------------------+-------+------+---------+--------+--------+-----------|
| u_system/u_gemm/u_mac/i_23/i_76/A      | INV   | Rise | 17616.0 |    0.0 | 289.0  |           | 
|----------------------------------------+-------+------+---------+--------+--------+-----------|
| u_system/u_gemm/u_mac/i_23/i_76/Z      | INV   | Fall | 17713.0 |   97.0 | 83.0   | 16.9622   | 
|----------------------------------------+-------+------+---------+--------+--------+-----------|
| u_system/u_gemm/u_mac/i_23/i_73/C      | AOI22 | Fall | 17713.0 |    0.0 | 83.0   |           | 
|----------------------------------------+-------+------+---------+--------+--------+-----------|
| u_system/u_gemm/u_mac/i_23/i_73/Z      | AOI22 | Rise | 18152.0 |  439.0 | 401.0  | 43.0903   | 
|----------------------------------------+-------+------+---------+--------+--------+-----------|
| u_system/u_gemm/u_mac/i_23/i_72/A      | INV   | Rise | 18157.0 |    5.0 | 401.0  |           | 
|----------------------------------------+-------+------+---------+--------+--------+-----------|
| u_system/u_gemm/u_mac/i_23/i_72/Z      | INV   | Fall | 18261.0 |  104.0 | 100.0  | 17.6463   | 
|----------------------------------------+-------+------+---------+--------+--------+-----------|
| u_system/u_gemm/u_mac/i_23/i_71/D      | AOI22 | Fall | 18261.0 |    0.0 | 100.0  |           | 
|----------------------------------------+-------+------+---------+--------+--------+-----------|
| u_system/u_gemm/u_mac/i_23/i_71/Z      | AOI22 | Rise | 18809.0 |  548.0 | 468.0  | 53.3753   | 
|----------------------------------------+-------+------+---------+--------+--------+-----------|
| u_system/u_gemm/u_mac/i_23/i_70/A      | INV   | Rise | 19006.0 |  197.0 | 468.0  |           | 
|----------------------------------------+-------+------+---------+--------+--------+-----------|
| u_system/u_gemm/u_mac/i_23/i_70/Z      | INV   | Fall | 19105.0 |   99.0 | 107.0  | 15.6127   | 
|----------------------------------------+-------+------+---------+--------+--------+-----------|
| u_system/u_gemm/u_mac/i_23/i_69/D      | AOI22 | Fall | 19105.0 |    0.0 | 107.0  |           | 
|----------------------------------------+-------+------+---------+--------+--------+-----------|
| u_system/u_gemm/u_mac/i_23/i_69/Z      | AOI22 | Rise | 19603.0 |  498.0 | 413.0  | 45.3694   | 
|----------------------------------------+-------+------+---------+--------+--------+-----------|
| u_system/u_gemm/u_mac/i_23/i_68/A      | INV   | Rise | 19607.0 |    4.0 | 413.0  |           | 
|----------------------------------------+-------+------+---------+--------+--------+-----------|
| u_system/u_gemm/u_mac/i_23/i_68/Z      | INV   | Fall | 19687.0 |   80.0 | 89.0   | 9.92936   | 
|----------------------------------------+-------+------+---------+--------+--------+-----------|
| u_system/u_gemm/u_mac/i_23/i_67/D      | AOI22 | Fall | 19687.0 |    0.0 | 89.0   |           | 
|----------------------------------------+-------+------+---------+--------+--------+-----------|
| u_system/u_gemm/u_mac/i_23/i_67/Z      | AOI22 | Rise | 20077.0 |  390.0 | 320.0  | 30.9263   | 
|----------------------------------------+-------+------+---------+--------+--------+-----------|
| u_system/u_gemm/u_mac/i_23/i_66/A      | INV   | Rise | 20095.0 |   18.0 | 320.0  |           | 
|----------------------------------------+-------+------+---------+--------+--------+-----------|
| u_system/u_gemm/u_mac/i_23/i_66/Z      | INV   | Fall | 20197.0 |  102.0 | 89.0   | 17.8159   | 
|----------------------------------------+-------+------+---------+--------+--------+-----------|
| u_system/u_gemm/u_mac/i_23/i_65/D      | AOI22 | Fall | 20197.0 |    0.0 | 89.0   |           | 
|----------------------------------------+-------+------+---------+--------+--------+-----------|
| u_system/u_gemm/u_mac/i_23/i_65/Z      | AOI22 | Rise | 20568.0 |  371.0 | 303.0  | 28.2114   | 
|----------------------------------------+-------+------+---------+--------+--------+-----------|
| u_system/u_gemm/u_mac/i_23/i_64/A      | INV   | Rise | 20589.0 |   21.0 | 303.0  |           | 
|----------------------------------------+-------+------+---------+--------+--------+-----------|
| u_system/u_gemm/u_mac/i_23/i_64/Z      | INV   | Fall | 20684.0 |   95.0 | 83.0   | 15.6445   | 
|----------------------------------------+-------+------+---------+--------+--------+-----------|
| u_system/u_gemm/u_mac/i_23/i_63/D      | AOI22 | Fall | 20684.0 |    0.0 | 83.0   |           | 
|----------------------------------------+-------+------+---------+--------+--------+-----------|
| u_system/u_gemm/u_mac/i_23/i_63/Z      | AOI22 | Rise | 21042.0 |  358.0 | 296.0  | 26.6893   | 
|----------------------------------------+-------+------+---------+--------+--------+-----------|
| u_system/u_gemm/u_mac/i_23/i_62/A      | INV   | Rise | 21043.0 |    1.0 | 296.0  |           | 
|----------------------------------------+-------+------+---------+--------+--------+-----------|
| u_system/u_gemm/u_mac/i_23/i_62/Z      | INV   | Fall | 21136.0 |   93.0 | 81.0   | 15.1659   | 
|----------------------------------------+-------+------+---------+--------+--------+-----------|
| u_system/u_gemm/u_mac/i_23/i_61/D      | AOI22 | Fall | 21136.0 |    0.0 | 81.0   |           | 
|----------------------------------------+-------+------+---------+--------+--------+-----------|
| u_system/u_gemm/u_mac/i_23/i_61/Z      | AOI22 | Rise | 21567.0 |  431.0 | 364.0  | 37.6294   | 
|----------------------------------------+-------+------+---------+--------+--------+-----------|
| u_system/u_gemm/u_mac/i_23/i_60/A      | INV   | Rise | 21568.0 |    1.0 | 364.0  |           | 
|----------------------------------------+-------+------+---------+--------+--------+-----------|
| u_system/u_gemm/u_mac/i_23/i_60/Z      | INV   | Fall | 21643.0 |   75.0 | 80.0   | 8.48615   | 
|----------------------------------------+-------+------+---------+--------+--------+-----------|
| u_system/u_gemm/u_mac/i_23/i_58/C      | AOI22 | Fall | 21643.0 |    0.0 | 80.0   |           | 
|----------------------------------------+-------+------+---------+--------+--------+-----------|
| u_system/u_gemm/u_mac/i_23/i_58/Z      | AOI22 | Rise | 22030.0 |  387.0 | 350.0  | 35.6687   | 
|----------------------------------------+-------+------+---------+--------+--------+-----------|
| u_system/u_gemm/u_mac/i_23/i_57/A      | INV   | Rise | 22030.0 |    0.0 | 350.0  |           | 
|----------------------------------------+-------+------+---------+--------+--------+-----------|
| u_system/u_gemm/u_mac/i_23/i_57/Z      | INV   | Fall | 22104.0 |   74.0 | 78.0   | 8.15099   | 
|----------------------------------------+-------+------+---------+--------+--------+-----------|
| u_system/u_gemm/u_mac/i_23/i_55/C      | AOI22 | Fall | 22104.0 |    0.0 | 78.0   |           | 
|----------------------------------------+-------+------+---------+--------+--------+-----------|
| u_system/u_gemm/u_mac/i_23/i_55/Z      | AOI22 | Rise | 22475.0 |  371.0 | 341.0  | 33.4684   | 
|----------------------------------------+-------+------+---------+--------+--------+-----------|
| u_system/u_gemm/u_mac/i_23/i_54/A      | INV   | Rise | 22475.0 |    0.0 | 341.0  |           | 
|----------------------------------------+-------+------+---------+--------+--------+-----------|
| u_system/u_gemm/u_mac/i_23/i_54/Z      | INV   | Fall | 22552.0 |   77.0 | 79.0   | 9.10572   | 
|----------------------------------------+-------+------+---------+--------+--------+-----------|
| u_system/u_gemm/u_mac/i_23/i_53/C      | AOI22 | Fall | 22552.0 |    0.0 | 79.0   |           | 
|----------------------------------------+-------+------+---------+--------+--------+-----------|
| u_system/u_gemm/u_mac/i_23/i_53/Z      | AOI22 | Rise | 22925.0 |  373.0 | 338.0  | 33.7349   | 
|----------------------------------------+-------+------+---------+--------+--------+-----------|
| u_system/u_gemm/u_mac/i_23/i_52/A      | INV   | Rise | 22925.0 |    0.0 | 338.0  |           | 
|----------------------------------------+-------+------+---------+--------+--------+-----------|
| u_system/u_gemm/u_mac/i_23/i_52/Z      | INV   | Fall | 23005.0 |   80.0 | 80.0   | 10.2008   | 
|----------------------------------------+-------+------+---------+--------+--------+-----------|
| u_system/u_gemm/u_mac/i_23/i_51/D      | AOI22 | Fall | 23005.0 |    0.0 | 80.0   |           | 
|----------------------------------------+-------+------+---------+--------+--------+-----------|
| u_system/u_gemm/u_mac/i_23/i_51/Z      | AOI22 | Rise | 23354.0 |  349.0 | 286.0  | 25.6463   | 
|----------------------------------------+-------+------+---------+--------+--------+-----------|
| u_system/u_gemm/u_mac/i_23/i_50/A      | INV   | Rise | 23363.0 |    9.0 | 286.0  |           | 
|----------------------------------------+-------+------+---------+--------+--------+-----------|
| u_system/u_gemm/u_mac/i_23/i_50/Z      | INV   | Fall | 23461.0 |   98.0 | 82.0   | 17.143    | 
|----------------------------------------+-------+------+---------+--------+--------+-----------|
| u_system/u_gemm/u_mac/i_23/i_47/C      | AOI22 | Fall | 23461.0 |    0.0 | 82.0   |           | 
|----------------------------------------+-------+------+---------+--------+--------+-----------|
| u_system/u_gemm/u_mac/i_23/i_47/Z      | AOI22 | Rise | 23769.0 |  308.0 | 281.0  | 23.9998   | 
|----------------------------------------+-------+------+---------+--------+--------+-----------|
| u_system/u_gemm/u_mac/i_23/i_46/A      | INV   | Rise | 23769.0 |    0.0 | 281.0  |           | 
|----------------------------------------+-------+------+---------+--------+--------+-----------|
| u_system/u_gemm/u_mac/i_23/i_46/Z      | INV   | Fall | 23861.0 |   92.0 | 79.0   | 15.1058   | 
|----------------------------------------+-------+------+---------+--------+--------+-----------|
| u_system/u_gemm/u_mac/i_23/i_45/C      | AOI22 | Fall | 23861.0 |    0.0 | 79.0   |           | 
|----------------------------------------+-------+------+---------+--------+--------+-----------|
| u_system/u_gemm/u_mac/i_23/i_45/Z      | AOI22 | Rise | 24169.0 |  308.0 | 278.0  | 24.1885   | 
|----------------------------------------+-------+------+---------+--------+--------+-----------|
| u_system/u_gemm/u_mac/i_23/i_44/A      | INV   | Rise | 24169.0 |    0.0 | 278.0  |           | 
|----------------------------------------+-------+------+---------+--------+--------+-----------|
| u_system/u_gemm/u_mac/i_23/i_44/Z      | INV   | Fall | 24262.0 |   93.0 | 79.0   | 15.5674   | 
|----------------------------------------+-------+------+---------+--------+--------+-----------|
| u_system/u_gemm/u_mac/i_23/i_43/D      | AOI22 | Fall | 24262.0 |    0.0 | 79.0   |           | 
|----------------------------------------+-------+------+---------+--------+--------+-----------|
| u_system/u_gemm/u_mac/i_23/i_43/Z      | AOI22 | Rise | 24580.0 |  318.0 | 264.0  | 21.2131   | 
|----------------------------------------+-------+------+---------+--------+--------+-----------|
| u_system/u_gemm/u_mac/i_23/i_42/A      | INV   | Rise | 24580.0 |    0.0 | 264.0  |           | 
|----------------------------------------+-------+------+---------+--------+--------+-----------|
| u_system/u_gemm/u_mac/i_23/i_42/Z      | INV   | Fall | 24667.0 |   87.0 | 74.0   | 13.7426   | 
|----------------------------------------+-------+------+---------+--------+--------+-----------|
| u_system/u_gemm/u_mac/i_23/i_41/D      | AOI22 | Fall | 24667.0 |    0.0 | 74.0   |           | 
|----------------------------------------+-------+------+---------+--------+--------+-----------|
| u_system/u_gemm/u_mac/i_23/i_41/Z      | AOI22 | Rise | 25071.0 |  404.0 | 340.0  | 34.2017   | 
|----------------------------------------+-------+------+---------+--------+--------+-----------|
| u_system/u_gemm/u_mac/i_23/i_40/A      | INV   | Rise | 25071.0 |    0.0 | 340.0  |           | 
|----------------------------------------+-------+------+---------+--------+--------+-----------|
| u_system/u_gemm/u_mac/i_23/i_40/Z      | INV   | Fall | 25145.0 |   74.0 | 77.0   | 8.1541    | 
|----------------------------------------+-------+------+---------+--------+--------+-----------|
| u_system/u_gemm/u_mac/i_23/i_35/A      | AOI22 | Fall | 25145.0 |    0.0 | 77.0   |           | 
|----------------------------------------+-------+------+---------+--------+--------+-----------|
| u_system/u_gemm/u_mac/i_23/i_35/Z      | AOI22 | Rise | 25584.0 |  439.0 | 359.0  | 36.9142   | 
|----------------------------------------+-------+------+---------+--------+--------+-----------|
| u_system/u_gemm/u_mac/i_23/i_34/A      | INV   | Rise | 25585.0 |    1.0 | 359.0  |           | 
|----------------------------------------+-------+------+---------+--------+--------+-----------|
| u_system/u_gemm/u_mac/i_23/i_34/Z      | INV   | Fall | 25662.0 |   77.0 | 81.0   | 9.06164   | 
|----------------------------------------+-------+------+---------+--------+--------+-----------|
| u_system/u_gemm/u_mac/i_23/i_33/D      | AOI22 | Fall | 25662.0 |    0.0 | 81.0   |           | 
|----------------------------------------+-------+------+---------+--------+--------+-----------|
| u_system/u_gemm/u_mac/i_23/i_33/Z      | AOI22 | Rise | 25949.0 |  287.0 | 228.0  | 16.4994   | 
|----------------------------------------+-------+------+---------+--------+--------+-----------|
| u_system/u_gemm/u_mac/i_23/i_31/A      | XNOR2 | Rise | 25949.0 |    0.0 | 228.0  |           | 
|----------------------------------------+-------+------+---------+--------+--------+-----------|
| u_system/u_gemm/u_mac/i_23/i_31/Z      | XNOR2 | Fall | 26216.0 |  267.0 | 67.0   | 6.98224   | 
|----------------------------------------+-------+------+---------+--------+--------+-----------|
| u_system/u_gemm/u_mac/i_23/p_4[31]     |       | Fall | 26216.0 |    0.0 |        |           | 
|----------------------------------------+-------+------+---------+--------+--------+-----------|
| u_system/u_gemm/u_mac/i_0_31/A         | AO22  | Fall | 26216.0 |    0.0 | 67.0   |           | 
|----------------------------------------+-------+------+---------+--------+--------+-----------|
| u_system/u_gemm/u_mac/i_0_31/Z         | AO22  | Fall | 26501.0 |  285.0 | 57.0   | 6.99476   | 
|----------------------------------------+-------+------+---------+--------+--------+-----------|
| u_system/u_gemm/u_mac/acc_reg[31]/DATA | DFF   | Fall | 26501.0 |    0.0 | 57.0   |           | 
-------------------------------------------------------------------------------------------------


----------------------------------------------------------------
|                                         | Time     | Total   | 
|-----------------------------------------+----------+---------|
| target clock clk (rise edge)            |      0.0 |     0.0 | 
|-----------------------------------------+----------+---------|
| target clock cycle shift                |  30000.0 | 30000.0 | 
|-----------------------------------------+----------+---------|
| target clock propagated network latency |   2042.0 | 32042.0 | 
|-----------------------------------------+----------+---------|
| library setup check                     |   -220.0 | 31822.0 | 
|-----------------------------------------+----------+---------|
| data required time                      |  31822.0 |         | 
|-----------------------------------------+----------+---------|
|                                         |          |         | 
|-----------------------------------------+----------+---------|
| data required time                      |  31822.0 |         | 
|-----------------------------------------+----------+---------|
| data arrival time                       | -26501.0 |         | 
|-----------------------------------------+----------+---------|
| pessimism                               |     10.0 |         | 
|-----------------------------------------+----------+---------|
|                                         |          |         | 
|-----------------------------------------+----------+---------|
| slack                                   |   5331.0 |         | 
----------------------------------------------------------------


info UI33: performed report_timing for 0 sec (CPU time: 0 sec; MEM: RSS - 1402M, CVMEM - 2415M, PVMEM - 2477M)
