Report 'design': Design Report
Generated on 토 6월 13 23:41:19 2026
  
--------------------------
|  Hierarchy Statistics  |
|----------------+-------|
|                | Count | 
|----------------+-------|
| Hier Cells     | 14    | 
|----------------+-------|
| Constant Cells | 1     | 
|----------------+-------|
| Spare Cells    | 0     | 
|----------------+-------|
| Clock Cells    | 321   | 
|----------------+-------|
| Scan Cells     | N/A   | 
|----------------+-------|
| Leaf Cells     | 40395 | 
|----------------+-------|
| Unplaced Cells | 0     | 
--------------------------


  
---------------------------------------
|        Leaf Cells Statistics        |
|----------------+-------+------------|
|                | Count | Percentage | 
|----------------+-------+------------|
| Buffers        | 2439  | 6.03       | 
|----------------+-------+------------|
| Inverters      | 2079  | 5.14       | 
|----------------+-------+------------|
| Registers      | 9400  | 23.27      | 
|----------------+-------+------------|
| Latches        | 0     | 0          | 
|----------------+-------+------------|
| Complex Cells  | 22646 | 56.06      | 
|----------------+-------+------------|
| Filler Cells   | 0     | 0          | 
|----------------+-------+------------|
| Physical Cells | 0     | 0          | 
|----------------+-------+------------|
| Logical Cells  | 40395 | 100        | 
---------------------------------------


  
--------------------------------------------------------------
|                 Placement Area Statistics                  |
|--------------------+---------------------+-----------------|
|                    | Area (micro (e-12)) | Utilization (%) | 
|--------------------+---------------------+-----------------|
| Standard Cells     | 3.03762e+06         | 52.58           | 
|--------------------+---------------------+-----------------|
| Buffers, Inverters | 108958              | 1.88            | 
|--------------------+---------------------+-----------------|
| Filler Cells       | 0                   | 0               | 
|--------------------+---------------------+-----------------|
| Physical Cells     | 0                   | 0               | 
|--------------------+---------------------+-----------------|
| Placeable Row Area | 5.77697e+06         | 100             | 
--------------------------------------------------------------


  
----------------------------------------
|         Flat Nets Statistics         |
|-----------------+-------+------------|
|                 | Count | Percentage | 
|-----------------+-------+------------|
| All             | 40698 | 100        | 
|-----------------+-------+------------|
| Orphaned        | 614   | 1.5        | 
|-----------------+-------+------------|
| Multi Driver    | 0     | 0          | 
|-----------------+-------+------------|
| 1 Fanout        | 25420 | 62.46      | 
|-----------------+-------+------------|
| 2 Fanouts       | 2817  | 6.92       | 
|-----------------+-------+------------|
| 3-30 Fanouts    | 11712 | 28.77      | 
|-----------------+-------+------------|
| 30-127 Fanouts  | 135   | 0.33       | 
|-----------------+-------+------------|
| 128-500 Fanouts | 0     | 0          | 
|-----------------+-------+------------|
| > 500 Fanouts   | 0     | 0          | 
----------------------------------------


