----------------------------------------------------------------------------------------------------
Startpoint: u_gemm/u_mmio_r_n_reg[1]/Q
    (Clocked by clk R)
Endpoint: u_gemm/u_mac/c_wdata_reg[31]/DATA
    (Clocked by clk R)
Path Group: default
Data required time: 19752.9
    (Clock shift: 20000.0, minus Uncertainty: 0.0, plus Latency 0.0, minus Setup time: 247.1)
Data arrival time: 16009.6
Slack: 3743.3
Logic depth: 63
----------------------------------------------------------------------------------------------------
                                                                 Arrival          Total             
Path                     Module/Cell              Slew    Delay     Time  Edge     Load     Location
                                                  (ps)     (ps)     (ps)           (ff)      (um,um)
----------------------------------------------------------------------------------------------------
clk                      {create_clock}                     0.0      0.0     r      0.0   151,  729 
u_gemm/u_mmio_r_n_reg[1]/CLK->Q
                         DFF*                      0.0    808.7    808.7    rr    354.2   190,  535 
u_gemm/u_mac/i_0_26/B->Z NAND3*                   92.7    274.8   1083.5    rf     33.7   190,  535 
u_gemm/u_mac/i_0_25/B->Z NAND2                    92.7    114.1   1197.7    fr     17.2   190,  535 
u_gemm/u_mac/i_0_24/B->Z XNOR2                    64.6    356.4   1554.1    rf     34.2   190,  535 
u_gemm/u_mac/i_0_22/B->Z XNOR2                    98.7    360.8   1914.9    ff     35.3   190,  535 
u_gemm/u_mac/i_0_13/A->Z NOR2                    100.0    153.9   2068.8    fr     16.8   190,  535 
u_gemm/u_mac/i_0_12/B->Z NOR2                     89.5     85.0   2153.7    rf     19.1   190,  535 
u_gemm/u_mac/i_0_4/A->Z  XNOR2*                   60.0    645.2   2799.0    ff    219.1   190,  535 
u_gemm/u_buf/i_2_260/B->Z
                         NAND2                    92.7    183.8   2982.8    fr     60.0   450,  275 
u_gemm/u_buf/i_2_243/C->Z
                         NOR3*                   120.9    298.5   3281.3    rf     84.5   450,  275 
u_gemm/u_buf/i_2_157/B->Z
                         AOI22*                   92.7    348.8   3630.1    fr     17.6   450,  275 
u_gemm/u_buf/i_2_155/D->Z
                         NAND4                    83.5    241.9   3871.9    rf     17.6   450,  275 
u_gemm/u_buf/i_2_154/B->Z
                         NOR2                    149.5    183.0   4054.9    fr     21.5   450,  275 
u_gemm/u_buf/i_2_153/A->Z
                         BUFI4                   101.8    200.5   4255.4    rf    199.4   450,  275 
u_gemm/u_mac/i_8/i_347/A->Z
                         BUFI4                   126.8    154.5   4409.9    fr     66.0   190,  535 
u_gemm/u_mac/i_8/i_144/B->Z
                         NOR2                     80.8     96.9   4506.7    rf     27.5   190,  535 
u_gemm/u_mac/i_8/i_143/B->Z
                         XOR2*                    69.1    323.6   4830.3    ff     28.0   190,  535 
u_gemm/u_mac/i_8/i_120/D->Z
                         AOI22*                   92.7    357.4   5187.7    fr     28.5   190,  535 
u_gemm/u_mac/i_8/i_119/B->Z
                         XNOR2                    92.7    341.9   5529.6    rf     27.9   190,  535 
u_gemm/u_mac/i_8/i_114/D->Z
                         AOI22*                   91.6    363.3   5892.9    fr     30.3   190,  535 
u_gemm/u_mac/i_8/i_112/A->Z
                         XOR2*                    92.7    290.1   6183.1    rr     28.0   190,  535 
u_gemm/u_mac/i_8/i_111/B->Z
                         XNOR2                    92.7    354.8   6537.8    rf     33.5   190,  535 
u_gemm/u_mac/i_8/i_110/B->Z
                         NOR2                     97.9    158.2   6696.0    fr     21.5   190,  535 
u_gemm/u_mac/i_8/i_109/A->Z
                         BUFI4                   101.8     90.8   6786.8    rf     50.2   190,  535 
u_gemm/u_mac/i_8/i_108/B->Z
                         NOR2                     50.5    151.6   6938.3    fr     27.5   190,  535 
u_gemm/u_mac/i_8/i_106/B->Z
                         XOR2*                   117.3    315.4   7253.7    rr     28.0   190,  535 
u_gemm/u_mac/i_8/i_94/B->Z
                         XNOR2                    92.7    341.2   7595.0    rf     27.6   190,  535 
u_gemm/u_mac/i_8/i_65/B->Z
                         XOR2*                    91.3    316.8   7911.8    fr     28.0   190,  535 
u_gemm/u_mac/i_8/i_64/D->Z
                         AOI22*                   92.7    255.7   8167.4    rf     39.9   190,  535 
u_gemm/u_mac/i_8/i_63/A->Z
                         INV                      92.7     75.4   8242.8    fr     10.0   190,  535 
u_gemm/u_mac/i_8/i_62/D->Z
                         AOI22*                   37.9    211.4   8454.2    rf     28.8   190,  535 
u_gemm/u_mac/i_8/i_61/D->Z
                         AOI22*                   92.7    397.1   8851.4    fr     41.7   190,  535 
u_gemm/u_mac/i_8/i_60/A->Z
                         INV                      92.7     62.2   8913.5    rf     10.0   190,  535 
u_gemm/u_mac/i_8/i_58/C->Z
                         AOI22*                   34.3    330.8   9244.3    fr     39.9   190,  535 
u_gemm/u_mac/i_8/i_57/A->Z
                         INV                      92.7     62.1   9306.4    rf     10.0   190,  535 
u_gemm/u_mac/i_8/i_56/D->Z
                         AOI22*                   34.2    341.3   9647.7    fr     33.1   190,  535 
u_gemm/u_mac/i_8/i_55/A->Z
                         BUFI4                    92.7     61.3   9709.0    rf     20.4   190,  535 
u_gemm/u_mac/i_8/i_52/C->Z
                         AOI22*                   36.2    312.3  10021.2    fr     33.1   190,  535 
u_gemm/u_mac/i_8/i_51/A->Z
                         BUFI4                    92.7     61.3  10082.5    rf     20.3   190,  535 
u_gemm/u_mac/i_8/i_50/D->Z
                         AOI22*                   36.1    334.1  10416.6    fr     30.6   190,  535 
u_gemm/u_mac/i_8/i_49/D->Z
                         AOI22*                   92.7    221.8  10638.3    rf     28.8   190,  535 
u_gemm/u_mac/i_8/i_48/D->Z
                         AOI22*                   92.7    373.2  11011.5    fr     33.1   190,  535 
u_gemm/u_mac/i_8/i_47/A->Z
                         BUFI4                    92.7     61.3  11072.8    rf     20.4   190,  535 
u_gemm/u_mac/i_8/i_44/C->Z
                         AOI22*                   36.2    312.4  11385.2    fr     33.1   190,  535 
u_gemm/u_mac/i_8/i_43/A->Z
                         BUFI4                    92.7     61.3  11446.5    rf     20.4   190,  535 
u_gemm/u_mac/i_8/i_40/C->Z
                         AOI22*                   36.2    359.7  11806.2    fr     52.1   190,  535 
u_gemm/u_mac/i_8/i_39/A->Z
                         BUFI4                    92.7     61.6  11867.8    rf     20.7   190,  535 
u_gemm/u_mac/i_8/i_37/C->Z
                         AOI22*                   36.3    331.8  12199.6    fr     39.9   190,  535 
u_gemm/u_mac/i_8/i_36/A->Z
                         INV                      92.7     62.1  12261.7    rf     10.0   190,  535 
u_gemm/u_mac/i_8/i_364/D->Z
                         AOI22*                   34.2    391.9  12653.6    fr     53.9   190,  535 
u_gemm/u_mac/i_8/i_361/B->Z
                         NOR2                     92.7     68.2  12721.8    rf      9.9   190,  535 
u_gemm/u_mac/i_8/i_359/B->Z
                         AOI22*                   50.1    403.0  13124.8    fr     33.1   190,  535 
u_gemm/u_mac/i_8/i_358/A->Z
                         BUFI4                    92.7     61.3  13186.1    rf     20.3   190,  535 
u_gemm/u_mac/i_8/i_357/D->Z
                         AOI22*                   36.1    342.2  13528.3    fr     33.1   190,  535 
u_gemm/u_mac/i_8/i_356/A->Z
                         BUFI4                    92.7     61.3  13589.5    rf     20.3   190,  535 
u_gemm/u_mac/i_8/i_355/D->Z
                         AOI22*                   36.1    342.2  13931.7    fr     33.1   190,  535 
u_gemm/u_mac/i_8/i_354/A->Z
                         BUFI4                    92.7     61.3  13992.9    rf     20.3   190,  535 
u_gemm/u_mac/i_8/i_353/D->Z
                         AOI22*                   36.1    361.6  14354.6    fr     39.9   190,  535 
u_gemm/u_mac/i_8/i_352/A->Z
                         INV                      92.7     61.4  14416.0    rf      9.7   190,  535 
u_gemm/u_mac/i_8/i_380/B->Z
                         AOI22*                   33.9    490.6  14906.6    fr     80.1   190,  535 
u_gemm/u_mac/i_8/i_383/D->Z
                         NAND4                    92.7    277.4  15184.0    rf     28.1   190,  535 
u_gemm/u_mac/i_8/i_382/D->Z
                         AOI22*                  180.2    356.9  15540.9    fr     18.0   190,  535 
u_gemm/u_mac/i_8/i_381/B->Z
                         XOR2*                    83.5    163.9  15704.9    rf     20.9   190,  535 
u_gemm/u_mac/i_0_223/A->Z
                         AO22                     83.5    304.7  16009.6    ff     10.7   190,  535 
u_gemm/u_mac/c_wdata_reg[31]/DATA
                         DFF                      64.3      0.0  16009.6     f            190,  535 
----------------------------------------------------------------------------------------------------
