Report 'design': Design Report
Generated on 토 6월 13 17:50:06 2026
  
--------------------------
|  Hierarchy Statistics  |
|----------------+-------|
|                | Count | 
|----------------+-------|
| Hier Cells     | 9     | 
|----------------+-------|
| Constant Cells | 1     | 
|----------------+-------|
| Spare Cells    | 0     | 
|----------------+-------|
| Clock Cells    | 96    | 
|----------------+-------|
| Scan Cells     | N/A   | 
|----------------+-------|
| Leaf Cells     | 6570  | 
|----------------+-------|
| Unplaced Cells | 0     | 
--------------------------


  
---------------------------------------
|        Leaf Cells Statistics        |
|----------------+-------+------------|
|                | Count | Percentage | 
|----------------+-------+------------|
| Buffers        | 135   | 2.05       | 
|----------------+-------+------------|
| Inverters      | 748   | 11.38      | 
|----------------+-------+------------|
| Registers      | 1076  | 16.37      | 
|----------------+-------+------------|
| Latches        | 0     | 0          | 
|----------------+-------+------------|
| Complex Cells  | 2594  | 39.48      | 
|----------------+-------+------------|
| Filler Cells   | 0     | 0          | 
|----------------+-------+------------|
| Physical Cells | 0     | 0          | 
|----------------+-------+------------|
| Logical Cells  | 6570  | 100        | 
---------------------------------------


  
--------------------------------------------------------------
|                 Placement Area Statistics                  |
|--------------------+---------------------+-----------------|
|                    | Area (micro (e-12)) | Utilization (%) | 
|--------------------+---------------------+-----------------|
| Standard Cells     | 411127              | 66.08           | 
|--------------------+---------------------+-----------------|
| Buffers, Inverters | 18769.7             | 3.01            | 
|--------------------+---------------------+-----------------|
| Filler Cells       | 0                   | 0               | 
|--------------------+---------------------+-----------------|
| Physical Cells     | 0                   | 0               | 
|--------------------+---------------------+-----------------|
| Placeable Row Area | 622102              | 100             | 
--------------------------------------------------------------


  
----------------------------------------
|         Flat Nets Statistics         |
|-----------------+-------+------------|
|                 | Count | Percentage | 
|-----------------+-------+------------|
| All             | 6994  | 100        | 
|-----------------+-------+------------|
| Orphaned        | 418   | 5.97       | 
|-----------------+-------+------------|
| Multi Driver    | 0     | 0          | 
|-----------------+-------+------------|
| 1 Fanout        | 3474  | 49.67      | 
|-----------------+-------+------------|
| 2 Fanouts       | 2030  | 29.02      | 
|-----------------+-------+------------|
| 3-30 Fanouts    | 1028  | 14.69      | 
|-----------------+-------+------------|
| 30-127 Fanouts  | 44    | 0.62       | 
|-----------------+-------+------------|
| 128-500 Fanouts | 0     | 0          | 
|-----------------+-------+------------|
| > 500 Fanouts   | 0     | 0          | 
----------------------------------------


