 Timing Path to u_gemm/u_mac/acc_reg[19]/DATA 
  
 Path Start Point : u_gemm/u_mmio_r_n_reg[0] (DFF) 
                       (rising edge-triggered flip-flop clocked by clk) 
 Path End Point   : u_gemm/u_mac/acc_reg[19] (DFF) 
                       (rising edge-triggered flip-flop clocked by clk) 
 Mode             : default 
 Corner           : slow 
 Path Type        : max 
 Path Group       : clk 


----------------------------------------------------------------------------------------
| Pin                           | Cell  | Edge | Arrival | Delay  | Slew   | Total Cap | 
|-------------------------------+-------+------+---------+--------+--------+-----------|
| u_gemm/u_mmio_r_n_reg[0]/CLK  | DFF   | Rise |   914.0 |  914.0 | 185.0  |           | 
|-------------------------------+-------+------+---------+--------+--------+-----------|
| u_gemm/u_mmio_r_n_reg[0]/Q    | DFF   | Rise |  2972.0 | 2058.0 | 1548.0 | 458.53    | 
|-------------------------------+-------+------+---------+--------+--------+-----------|
| u_gemm/u_buf/at_ndim[0]       |       | Rise |  2972.0 |    0.0 |        |           | 
|-------------------------------+-------+------+---------+--------+--------+-----------|
| u_gemm/u_buf/i_1_0_515/B      | NAND2 | Rise |  3024.0 |   52.0 | 1548.0 |           | 
|-------------------------------+-------+------+---------+--------+--------+-----------|
| u_gemm/u_buf/i_1_0_515/Z      | NAND2 | Fall |  3401.0 |  377.0 | 372.0  | 68.1972   | 
|-------------------------------+-------+------+---------+--------+--------+-----------|
| u_gemm/u_buf/i_1_0_530/A      | XNOR2 | Fall |  3401.0 |    0.0 | 372.0  |           | 
|-------------------------------+-------+------+---------+--------+--------+-----------|
| u_gemm/u_buf/i_1_0_530/Z      | XNOR2 | Fall |  3985.0 |  584.0 | 134.0  | 64.9692   | 
|-------------------------------+-------+------+---------+--------+--------+-----------|
| u_gemm/u_buf/i_1_0_533/A      | XNOR2 | Fall |  3986.0 |    1.0 | 134.0  |           | 
|-------------------------------+-------+------+---------+--------+--------+-----------|
| u_gemm/u_buf/i_1_0_533/Z      | XNOR2 | Fall |  4393.0 |  407.0 | 91.0   | 26.5248   | 
|-------------------------------+-------+------+---------+--------+--------+-----------|
| u_gemm/u_buf/i_1_0_539/C      | AOI22 | Fall |  4393.0 |    0.0 | 91.0   |           | 
|-------------------------------+-------+------+---------+--------+--------+-----------|
| u_gemm/u_buf/i_1_0_539/Z      | AOI22 | Rise |  4670.0 |  277.0 | 242.0  | 18.7088   | 
|-------------------------------+-------+------+---------+--------+--------+-----------|
| u_gemm/u_buf/i_1_0_543/A      | XNOR2 | Rise |  4670.0 |    0.0 | 242.0  |           | 
|-------------------------------+-------+------+---------+--------+--------+-----------|
| u_gemm/u_buf/i_1_0_543/Z      | XNOR2 | Fall |  5034.0 |  364.0 | 119.0  | 53.2515   | 
|-------------------------------+-------+------+---------+--------+--------+-----------|
| u_gemm/u_buf/i_1_0_113/A      | NAND2 | Fall |  5036.0 |    2.0 | 119.0  |           | 
|-------------------------------+-------+------+---------+--------+--------+-----------|
| u_gemm/u_buf/i_1_0_113/Z      | NAND2 | Rise |  5245.0 |  209.0 | 146.0  | 75.4595   | 
|-------------------------------+-------+------+---------+--------+--------+-----------|
| u_gemm/u_buf/i_1_0_112/B      | NOR2  | Rise |  5248.0 |    3.0 | 146.0  |           | 
|-------------------------------+-------+------+---------+--------+--------+-----------|
| u_gemm/u_buf/i_1_0_112/Z      | NOR2  | Fall |  5461.0 |  213.0 | 149.0  | 90.1518   | 
|-------------------------------+-------+------+---------+--------+--------+-----------|
| u_gemm/u_buf/i_1_0_59/B       | AOI22 | Fall |  5469.0 |    8.0 | 149.0  |           | 
|-------------------------------+-------+------+---------+--------+--------+-----------|
| u_gemm/u_buf/i_1_0_59/Z       | AOI22 | Rise |  5828.0 |  359.0 | 239.0  | 17.6487   | 
|-------------------------------+-------+------+---------+--------+--------+-----------|
| u_gemm/u_buf/i_1_0_50/A       | NAND4 | Rise |  5828.0 |    0.0 | 239.0  |           | 
|-------------------------------+-------+------+---------+--------+--------+-----------|
| u_gemm/u_buf/i_1_0_50/Z       | NAND4 | Fall |  6358.0 |  530.0 | 411.0  | 98.4248   | 
|-------------------------------+-------+------+---------+--------+--------+-----------|
| u_gemm/u_buf/i_1_0_49/B       | NOR2  | Fall |  6409.0 |   51.0 | 410.0  |           | 
|-------------------------------+-------+------+---------+--------+--------+-----------|
| u_gemm/u_buf/i_1_0_49/Z       | NOR2  | Rise |  6741.0 |  332.0 | 173.0  | 32.6034   | 
|-------------------------------+-------+------+---------+--------+--------+-----------|
| u_gemm/u_buf/i_1_0_48/A       | INV   | Rise |  6755.0 |   14.0 | 173.0  |           | 
|-------------------------------+-------+------+---------+--------+--------+-----------|
| u_gemm/u_buf/i_1_0_48/Z       | INV   | Fall |  6897.0 |  142.0 | 91.0   | 44.8075   | 
|-------------------------------+-------+------+---------+--------+--------+-----------|
| u_gemm/u_buf/b_col3[4]        |       | Fall |  6897.0 |    0.0 |        |           | 
|-------------------------------+-------+------+---------+--------+--------+-----------|
| u_gemm/u_mac/b_col3[4]        |       | Fall |  6897.0 |    0.0 |        |           | 
|-------------------------------+-------+------+---------+--------+--------+-----------|
| u_gemm/u_mac/i_6/b_col3[4]    |       | Fall |  6897.0 |    0.0 |        |           | 
|-------------------------------+-------+------+---------+--------+--------+-----------|
| u_gemm/u_mac/i_6/i_86/A       | INV   | Fall |  6900.0 |    3.0 | 91.0   |           | 
|-------------------------------+-------+------+---------+--------+--------+-----------|
| u_gemm/u_mac/i_6/i_86/Z       | INV   | Rise |  7146.0 |  246.0 | 178.0  | 114.962   | 
|-------------------------------+-------+------+---------+--------+--------+-----------|
| u_gemm/u_mac/i_6/i_30/B       | NOR2  | Rise |  7149.0 |    3.0 | 178.0  |           | 
|-------------------------------+-------+------+---------+--------+--------+-----------|
| u_gemm/u_mac/i_6/i_30/Z       | NOR2  | Fall |  7242.0 |   93.0 | 78.0   | 18.5809   | 
|-------------------------------+-------+------+---------+--------+--------+-----------|
| u_gemm/u_mac/i_6/i_29/B       | XOR2  | Fall |  7242.0 |    0.0 | 78.0   |           | 
|-------------------------------+-------+------+---------+--------+--------+-----------|
| u_gemm/u_mac/i_6/i_29/Z       | XOR2  | Fall |  7526.0 |  284.0 | 106.0  | 29.4374   | 
|-------------------------------+-------+------+---------+--------+--------+-----------|
| u_gemm/u_mac/i_6/i_109/D      | AOI22 | Fall |  7527.0 |    1.0 | 106.0  |           | 
|-------------------------------+-------+------+---------+--------+--------+-----------|
| u_gemm/u_mac/i_6/i_109/Z      | AOI22 | Rise |  7915.0 |  388.0 | 311.0  | 29.3566   | 
|-------------------------------+-------+------+---------+--------+--------+-----------|
| u_gemm/u_mac/i_6/i_108/A      | INV   | Rise |  7927.0 |   12.0 | 311.0  |           | 
|-------------------------------+-------+------+---------+--------+--------+-----------|
| u_gemm/u_mac/i_6/i_108/Z      | INV   | Fall |  8017.0 |   90.0 | 82.0   | 13.6355   | 
|-------------------------------+-------+------+---------+--------+--------+-----------|
| u_gemm/u_mac/i_6/i_107/D      | AOI22 | Fall |  8017.0 |    0.0 | 82.0   |           | 
|-------------------------------+-------+------+---------+--------+--------+-----------|
| u_gemm/u_mac/i_6/i_107/Z      | AOI22 | Rise |  8345.0 |  328.0 | 266.0  | 22.3495   | 
|-------------------------------+-------+------+---------+--------+--------+-----------|
| u_gemm/u_mac/i_6/i_106/A      | INV   | Rise |  8345.0 |    0.0 | 266.0  |           | 
|-------------------------------+-------+------+---------+--------+--------+-----------|
| u_gemm/u_mac/i_6/i_106/Z      | INV   | Fall |  8433.0 |   88.0 | 75.0   | 14.1832   | 
|-------------------------------+-------+------+---------+--------+--------+-----------|
| u_gemm/u_mac/i_6/i_97/B       | AOI22 | Fall |  8433.0 |    0.0 | 75.0   |           | 
|-------------------------------+-------+------+---------+--------+--------+-----------|
| u_gemm/u_mac/i_6/i_97/Z       | AOI22 | Rise |  8821.0 |  388.0 | 287.0  | 25.0167   | 
|-------------------------------+-------+------+---------+--------+--------+-----------|
| u_gemm/u_mac/i_6/i_96/D       | AOI22 | Rise |  8821.0 |    0.0 | 287.0  |           | 
|-------------------------------+-------+------+---------+--------+--------+-----------|
| u_gemm/u_mac/i_6/i_96/Z       | AOI22 | Fall |  9029.0 |  208.0 | 158.0  | 23.533    | 
|-------------------------------+-------+------+---------+--------+--------+-----------|
| u_gemm/u_mac/i_6/i_95/A       | INV   | Fall |  9029.0 |    0.0 | 158.0  |           | 
|-------------------------------+-------+------+---------+--------+--------+-----------|
| u_gemm/u_mac/i_6/i_95/Z       | INV   | Rise |  9135.0 |  106.0 | 60.0   | 15.1412   | 
|-------------------------------+-------+------+---------+--------+--------+-----------|
| u_gemm/u_mac/i_6/i_66/A       | AOI22 | Rise |  9135.0 |    0.0 | 60.0   |           | 
|-------------------------------+-------+------+---------+--------+--------+-----------|
| u_gemm/u_mac/i_6/i_66/Z       | AOI22 | Fall |  9391.0 |  256.0 | 202.0  | 34.5008   | 
|-------------------------------+-------+------+---------+--------+--------+-----------|
| u_gemm/u_mac/i_6/i_63/A       | XNOR2 | Fall |  9392.0 |    1.0 | 202.0  |           | 
|-------------------------------+-------+------+---------+--------+--------+-----------|
| u_gemm/u_mac/i_6/i_63/Z       | XNOR2 | Fall |  9822.0 |  430.0 | 89.0   | 24.4953   | 
|-------------------------------+-------+------+---------+--------+--------+-----------|
| u_gemm/u_mac/i_6/i_62/B       | XNOR2 | Fall |  9822.0 |    0.0 | 89.0   |           | 
|-------------------------------+-------+------+---------+--------+--------+-----------|
| u_gemm/u_mac/i_6/i_62/Z       | XNOR2 | Fall | 10136.0 |  314.0 | 78.0   | 15.9916   | 
|-------------------------------+-------+------+---------+--------+--------+-----------|
| u_gemm/u_mac/i_6/p3[40]       |       | Fall | 10136.0 |    0.0 |        |           | 
|-------------------------------+-------+------+---------+--------+--------+-----------|
| u_gemm/u_mac/i_0_344/A        | NAND2 | Fall | 10136.0 |    0.0 | 78.0   |           | 
|-------------------------------+-------+------+---------+--------+--------+-----------|
| u_gemm/u_mac/i_0_344/Z        | NAND2 | Rise | 10234.0 |   98.0 | 106.0  | 19.5393   | 
|-------------------------------+-------+------+---------+--------+--------+-----------|
| u_gemm/u_mac/i_0_343/A        | INV   | Rise | 10234.0 |    0.0 | 106.0  |           | 
|-------------------------------+-------+------+---------+--------+--------+-----------|
| u_gemm/u_mac/i_0_343/Z        | INV   | Fall | 10331.0 |   97.0 | 58.0   | 26.7602   | 
|-------------------------------+-------+------+---------+--------+--------+-----------|
| u_gemm/u_mac/i_23/p_0[40]     |       | Fall | 10331.0 |    0.0 |        |           | 
|-------------------------------+-------+------+---------+--------+--------+-----------|
| u_gemm/u_mac/i_23/i_207/B     | XOR2  | Fall | 10331.0 |    0.0 | 58.0   |           | 
|-------------------------------+-------+------+---------+--------+--------+-----------|
| u_gemm/u_mac/i_23/i_207/Z     | XOR2  | Fall | 10595.0 |  264.0 | 93.0   | 24.656    | 
|-------------------------------+-------+------+---------+--------+--------+-----------|
| u_gemm/u_mac/i_23/i_206/D     | AOI22 | Fall | 10595.0 |    0.0 | 93.0   |           | 
|-------------------------------+-------+------+---------+--------+--------+-----------|
| u_gemm/u_mac/i_23/i_206/Z     | AOI22 | Rise | 11060.0 |  465.0 | 388.0  | 41.6607   | 
|-------------------------------+-------+------+---------+--------+--------+-----------|
| u_gemm/u_mac/i_23/i_205/A     | INV   | Rise | 11062.0 |    2.0 | 388.0  |           | 
|-------------------------------+-------+------+---------+--------+--------+-----------|
| u_gemm/u_mac/i_23/i_205/Z     | INV   | Fall | 11139.0 |   77.0 | 85.0   | 9.22623   | 
|-------------------------------+-------+------+---------+--------+--------+-----------|
| u_gemm/u_mac/i_23/i_203/C     | AOI22 | Fall | 11139.0 |    0.0 | 85.0   |           | 
|-------------------------------+-------+------+---------+--------+--------+-----------|
| u_gemm/u_mac/i_23/i_203/Z     | AOI22 | Rise | 11488.0 |  349.0 | 320.0  | 29.7824   | 
|-------------------------------+-------+------+---------+--------+--------+-----------|
| u_gemm/u_mac/i_23/i_573/A     | NOR2  | Rise | 11488.0 |    0.0 | 320.0  |           | 
|-------------------------------+-------+------+---------+--------+--------+-----------|
| u_gemm/u_mac/i_23/i_573/Z     | NOR2  | Fall | 11659.0 |  171.0 | 132.0  | 33.1725   | 
|-------------------------------+-------+------+---------+--------+--------+-----------|
| u_gemm/u_mac/i_23/i_572/A     | INV   | Fall | 11660.0 |    1.0 | 132.0  |           | 
|-------------------------------+-------+------+---------+--------+--------+-----------|
| u_gemm/u_mac/i_23/i_572/Z     | INV   | Rise | 11757.0 |   97.0 | 54.0   | 13.9713   | 
|-------------------------------+-------+------+---------+--------+--------+-----------|
| u_gemm/u_mac/i_23/i_199/A     | NAND2 | Rise | 11757.0 |    0.0 | 54.0   |           | 
|-------------------------------+-------+------+---------+--------+--------+-----------|
| u_gemm/u_mac/i_23/i_199/Z     | NAND2 | Fall | 11894.0 |  137.0 | 88.0   | 33.0089   | 
|-------------------------------+-------+------+---------+--------+--------+-----------|
| u_gemm/u_mac/i_23/i_531/A     | XNOR2 | Fall | 11894.0 |    0.0 | 88.0   |           | 
|-------------------------------+-------+------+---------+--------+--------+-----------|
| u_gemm/u_mac/i_23/i_531/Z     | XNOR2 | Fall | 12309.0 |  415.0 | 101.0  | 35.7508   | 
|-------------------------------+-------+------+---------+--------+--------+-----------|
| u_gemm/u_mac/i_23/i_528/B     | XNOR2 | Fall | 12310.0 |    1.0 | 101.0  |           | 
|-------------------------------+-------+------+---------+--------+--------+-----------|
| u_gemm/u_mac/i_23/i_528/Z     | XNOR2 | Fall | 12666.0 |  356.0 | 98.0   | 33.109    | 
|-------------------------------+-------+------+---------+--------+--------+-----------|
| u_gemm/u_mac/i_23/i_510/B     | XNOR2 | Fall | 12666.0 |    0.0 | 98.0   |           | 
|-------------------------------+-------+------+---------+--------+--------+-----------|
| u_gemm/u_mac/i_23/i_510/Z     | XNOR2 | Rise | 13025.0 |  359.0 | 72.0   | 37.2415   | 
|-------------------------------+-------+------+---------+--------+--------+-----------|
| u_gemm/u_mac/i_23/i_509/B     | NOR2  | Rise | 13025.0 |    0.0 | 72.0   |           | 
|-------------------------------+-------+------+---------+--------+--------+-----------|
| u_gemm/u_mac/i_23/i_509/Z     | NOR2  | Fall | 13111.0 |   86.0 | 82.0   | 22.3367   | 
|-------------------------------+-------+------+---------+--------+--------+-----------|
| u_gemm/u_mac/i_23/i_508/D     | AOI22 | Fall | 13111.0 |    0.0 | 82.0   |           | 
|-------------------------------+-------+------+---------+--------+--------+-----------|
| u_gemm/u_mac/i_23/i_508/Z     | AOI22 | Rise | 13488.0 |  377.0 | 312.0  | 29.6152   | 
|-------------------------------+-------+------+---------+--------+--------+-----------|
| u_gemm/u_mac/i_23/i_750/A     | NAND2 | Rise | 13488.0 |    0.0 | 312.0  |           | 
|-------------------------------+-------+------+---------+--------+--------+-----------|
| u_gemm/u_mac/i_23/i_750/Z     | NAND2 | Fall | 13700.0 |  212.0 | 132.0  | 31.6215   | 
|-------------------------------+-------+------+---------+--------+--------+-----------|
| u_gemm/u_mac/i_23/i_749/B     | NOR2  | Fall | 13700.0 |    0.0 | 132.0  |           | 
|-------------------------------+-------+------+---------+--------+--------+-----------|
| u_gemm/u_mac/i_23/i_749/Z     | NOR2  | Rise | 13862.0 |  162.0 | 96.0   | 17.2782   | 
|-------------------------------+-------+------+---------+--------+--------+-----------|
| u_gemm/u_mac/i_23/i_748/B     | NOR2  | Rise | 13862.0 |    0.0 | 96.0   |           | 
|-------------------------------+-------+------+---------+--------+--------+-----------|
| u_gemm/u_mac/i_23/i_748/Z     | NOR2  | Fall | 13943.0 |   81.0 | 71.0   | 16.3783   | 
|-------------------------------+-------+------+---------+--------+--------+-----------|
| u_gemm/u_mac/i_23/i_747/B     | NOR2  | Fall | 13943.0 |    0.0 | 71.0   |           | 
|-------------------------------+-------+------+---------+--------+--------+-----------|
| u_gemm/u_mac/i_23/i_747/Z     | NOR2  | Rise | 14409.0 |  466.0 | 397.0  | 134.25    | 
|-------------------------------+-------+------+---------+--------+--------+-----------|
| u_gemm/u_mac/i_23/i_746/A     | INV   | Rise | 14414.0 |    5.0 | 397.0  |           | 
|-------------------------------+-------+------+---------+--------+--------+-----------|
| u_gemm/u_mac/i_23/i_746/Z     | INV   | Fall | 14548.0 |  134.0 | 115.0  | 28.421    | 
|-------------------------------+-------+------+---------+--------+--------+-----------|
| u_gemm/u_mac/i_23/i_729/C     | NAND3 | Fall | 14548.0 |    0.0 | 115.0  |           | 
|-------------------------------+-------+------+---------+--------+--------+-----------|
| u_gemm/u_mac/i_23/i_729/Z     | NAND3 | Rise | 14709.0 |  161.0 | 97.0   | 8.23144   | 
|-------------------------------+-------+------+---------+--------+--------+-----------|
| u_gemm/u_mac/i_23/i_727/C     | NAND3 | Rise | 14709.0 |    0.0 | 97.0   |           | 
|-------------------------------+-------+------+---------+--------+--------+-----------|
| u_gemm/u_mac/i_23/i_727/Z     | NAND3 | Fall | 14919.0 |  210.0 | 137.0  | 19.3176   | 
|-------------------------------+-------+------+---------+--------+--------+-----------|
| u_gemm/u_mac/i_23/i_725/A     | XNOR2 | Fall | 14919.0 |    0.0 | 137.0  |           | 
|-------------------------------+-------+------+---------+--------+--------+-----------|
| u_gemm/u_mac/i_23/i_725/Z     | XNOR2 | Fall | 15286.0 |  367.0 | 71.0   | 10.0084   | 
|-------------------------------+-------+------+---------+--------+--------+-----------|
| u_gemm/u_mac/i_23/p_4[19]     |       | Fall | 15286.0 |    0.0 |        |           | 
|-------------------------------+-------+------+---------+--------+--------+-----------|
| u_gemm/u_mac/i_0_19/A         | AO22  | Fall | 15286.0 |    0.0 | 71.0   |           | 
|-------------------------------+-------+------+---------+--------+--------+-----------|
| u_gemm/u_mac/i_0_19/Z         | AO22  | Fall | 15581.0 |  295.0 | 67.0   | 9.2451    | 
|-------------------------------+-------+------+---------+--------+--------+-----------|
| u_gemm/u_mac/acc_reg[19]/DATA | DFF   | Fall | 15581.0 |    0.0 | 67.0   |           | 
----------------------------------------------------------------------------------------


----------------------------------------------------------------
|                                         | Time     | Total   | 
|-----------------------------------------+----------+---------|
| target clock clk (rise edge)            |      0.0 |     0.0 | 
|-----------------------------------------+----------+---------|
| target clock cycle shift                |  15000.0 | 15000.0 | 
|-----------------------------------------+----------+---------|
| target clock propagated network latency |    813.0 | 15813.0 | 
|-----------------------------------------+----------+---------|
| library setup check                     |   -232.0 | 15581.0 | 
|-----------------------------------------+----------+---------|
| data required time                      |  15581.0 |         | 
|-----------------------------------------+----------+---------|
|                                         |          |         | 
|-----------------------------------------+----------+---------|
| data required time                      |  15581.0 |         | 
|-----------------------------------------+----------+---------|
| data arrival time                       | -15581.0 |         | 
|-----------------------------------------+----------+---------|
| pessimism                               |      6.0 |         | 
|-----------------------------------------+----------+---------|
|                                         |          |         | 
|-----------------------------------------+----------+---------|
| slack                                   |      6.0 |         | 
----------------------------------------------------------------


info UI33: performed report_timing for 0 sec (CPU time: 0 sec; MEM: RSS - 691M, CVMEM - 1114M, PVMEM - 1744M)
