----------------------------------------------------------------------------------------------------
Startpoint: u_gemm/u_mac/k_reg[2]/Q
    (Clocked by clk R)
Endpoint: u_gemm/u_mac/acc_reg[22]/DATA
    (Clocked by clk R)
Path Group: default
Data required time: 7755.5
    (Clock shift: 8000.0, minus Uncertainty: 0.0, plus Latency 0.0, minus Setup time: 244.5)
Data arrival time: 8465.1
Slack: -709.7
Logic depth: 48
----------------------------------------------------------------------------------------------------
                                                                 Arrival          Total             
Path                     Module/Cell              Slew    Delay     Time  Edge     Load     Location
                                                  (ps)     (ps)     (ps)           (ff)      (um,um)
----------------------------------------------------------------------------------------------------
clk                      {create_clock}                     0.0      0.0     r      0.0   512,    0 
u_gemm/u_mac/k_reg[2]/CLK->Q
                         DFF#*                     0.0    774.2    774.2    rf    390.3   649,  455 
u_gemm/u_buf/i_1_2_547/A->Z
                         BUFI4                    92.7     86.6    860.9    fr     16.2   645,  457 
u_gemm/u_buf/i_1_2_597/B->Z
                         NAND2                    42.2    104.0    964.9    rf     16.6   645,  457 
u_gemm/u_buf/i_1_2_538/A->Z
                         NAND2                    64.1     88.2   1053.1    fr     16.6   645,  457 
u_gemm/u_buf/i_1_2_609/A->Z
                         NAND2                    63.8    151.2   1204.3    rf     38.0   645,  457 
u_gemm/u_buf/i_1_2_533/A->Z
                         BUFI4                    99.1    107.2   1311.5    fr     32.8   645,  457 
u_gemm/u_buf/i_1_2_546/A->Z
                         NAND2                    55.0    102.9   1414.5    rf     16.6   645,  457 
u_gemm/u_buf/i_1_2_535/A->Z
                         NAND2                    64.1     88.2   1502.7    fr     16.6   645,  457 
u_gemm/u_buf/i_1_2_532/A->Z
                         NAND2                    63.8    116.6   1619.3    rf     21.5   645,  457 
u_gemm/u_buf/i_1_2_549/A->Z
                         INV                      72.1     79.3   1698.6    fr     15.7   645,  457 
u_gemm/u_buf/i_1_2_545/A->Z
                         NOR2*                    45.1    521.8   2220.4    rf    932.9   645,  457 
u_gemm/u_buf/i_1_2_389/A->Z
                         NOR2                     92.7    151.6   2372.0    fr     16.6   645,  457 
u_gemm/u_buf/i_1_2_391/A->Z
                         NAND2                    89.0    114.1   2486.2    rf     16.6   645,  457 
u_gemm/u_buf/i_1_2_392/B->Z
                         NAND2*                   64.0    419.1   2905.2    fr    303.9   645,  457 
u_gemm/u_mac/i_0_9_1280/B->Z
                         NAND4                    92.7    278.7   3184.0    rf     34.2   660,  472 
u_gemm/u_mac/i_0_9_1261/B->Z
                         NAND2                   198.1    210.9   3394.9    fr     50.1   660,  472 
u_gemm/u_mac/i_0_9_1067/A->Z
                         NAND2                   107.9    188.9   3583.9    rf     47.9   660,  472 
u_gemm/u_mac/i_0_9_957/A->Z
                         BUFI4                   115.5    157.6   3741.4    fr     75.0   660,  472 
u_gemm/u_mac/i_0_9_1775/A->Z
                         BUFI4                    87.9     56.8   3798.2    rf     16.3   660,  472 
u_gemm/u_mac/i_0_9_1776/A->Z
                         NAND2                    34.2     77.5   3875.7    fr     16.6   660,  472 
u_gemm/u_mac/i_0_9_3415/A->Z
                         NAND2                    63.8    105.9   3981.6    rf     16.6   660,  472 
u_gemm/u_mac/i_0_9_3473/A->Z
                         NAND2                    64.1    116.7   4098.3    fr     33.8   660,  472 
u_gemm/u_mac/i_0_9_1341/B->Z
                         XOR2*                    86.4    261.1   4359.4    rr     16.7   660,  472 
u_gemm/u_mac/i_0_9_1777/B->Z
                         NAND2                    83.5    111.3   4470.8    rf     16.6   660,  472 
u_gemm/u_mac/i_0_9_1764/A->Z
                         NAND2                    64.1     88.2   4559.0    fr     16.6   660,  472 
u_gemm/u_mac/i_0_9_1641/A->Z
                         NAND2                    63.8    116.6   4675.6    rf     21.5   660,  472 
u_gemm/u_mac/i_0_9_800/A->Z
                         BUFI4                    72.1    128.1   4803.7    fr     66.7   660,  472 
u_gemm/u_mac/i_0_9_656/B->Z
                         XOR2*                    81.4    261.6   5065.3    rr     16.8   660,  472 
u_gemm/u_mac/i_0_9_552/A->Z
                         NAND2                    83.5    183.2   5248.6    rf     49.7   660,  472 
u_gemm/u_mac/i_0_9_1967/B->Z
                         NAND2                   118.6    180.2   5428.7    fr     49.9   660,  472 
u_gemm/u_mac/i_0_9_2319/A->Z
                         NAND2                   107.6    121.9   5550.7    rf     17.2   660,  472 
u_gemm/u_mac/i_0_9_2322/B->Z
                         XOR2*                    65.1    257.0   5807.7    fr     16.8   660,  472 
u_gemm/u_mac/i_0_9_2333/A->Z
                         NAND2                    83.5    112.5   5920.1    rf     16.6   660,  472 
u_gemm/u_mac/i_0_9_2350/A->Z
                         NAND2                    64.1     93.9   6014.0    fr     20.0   660,  472 
u_gemm/u_mac/i_0_9_2341/A->Z
                         NAND3                    68.2    194.0   6208.1    rf     20.3   660,  472 
u_gemm/u_mac/i_0_9_2340/A->Z
                         NAND3*                  140.5    234.6   6442.7    fr     27.1   660,  472 
u_gemm/u_mac/i_0_9_2439/B->Z
                         NAND2                    92.7    148.2   6590.9    rf     33.3   660,  472 
u_gemm/u_mac/i_0_9_531/A->Z
                         NAND2                    91.3     98.0   6688.9    fr     16.6   660,  472 
u_gemm/u_mac/i_0_9_1711/A->Z
                         NAND2                    63.8    141.4   6830.4    rf     33.3   660,  472 
u_gemm/u_mac/i_0_9_526/A->Z
                         NAND2                    91.3     99.5   6929.9    fr     17.4   660,  472 
u_gemm/u_mac/i_0_9_797/A->Z
                         NAND4                    64.9    313.7   7243.7    rf     52.4   660,  472 
u_gemm/u_mac/i_0_9_1084/B->Z
                         NAND4                   251.7    180.4   7424.1    fr     17.4   660,  472 
u_gemm/u_mac/i_0_9_1088/A->Z
                         NAND2                    98.9    154.7   7578.7    rf     33.3   660,  472 
u_gemm/u_mac/i_0_9_2611/A->Z
                         NAND2                    91.3    127.3   7706.1    fr     33.3   660,  472 
u_gemm/u_mac/i_0_9_3374/A->Z
                         NAND2                    85.7    149.7   7855.7    rf     33.3   660,  472 
u_gemm/u_mac/i_0_9_2159/A->Z
                         NAND2                    91.3    127.3   7983.1    fr     33.3   660,  472 
u_gemm/u_mac/i_0_9_1872/A->Z
                         NAND2                    85.7    121.9   8105.0    rf     20.5   660,  472 
u_gemm/u_mac/i_0_9_1955/SEL->Z
                         MUX2                     70.4    273.2   8378.2    fr     17.1   660,  472 
u_gemm/u_mac/i_0_9_1956/A->Z
                         NAND2                    49.7     87.0   8465.1    rf     10.0   660,  472 
u_gemm/u_mac/acc_reg[22]/DATA
                         DFF#                     53.3      0.0   8465.1     f            660,  472 
----------------------------------------------------------------------------------------------------
