 Timing Path to u_gemm/u_mac/c_wdata_reg[30]/DATA 
  
 Path Start Point : u_gemm/u_mmio_r_k_reg[1] (DFF) 
                       (rising edge-triggered flip-flop clocked by clk) 
 Path End Point   : u_gemm/u_mac/c_wdata_reg[30] (DFF) 
                       (rising edge-triggered flip-flop clocked by clk) 
 Mode             : default 
 Corner           : slow 
 Path Type        : max 
 Path Group       : clk 


--------------------------------------------------------------------------------------------
| Pin                               | Cell  | Edge | Arrival | Delay  | Slew   | Total Cap | 
|-----------------------------------+-------+------+---------+--------+--------+-----------|
| u_gemm/u_mmio_r_k_reg[1]/CLK      | DFF   | Rise |   961.0 |  961.0 | 305.0  |           | 
|-----------------------------------+-------+------+---------+--------+--------+-----------|
| u_gemm/u_mmio_r_k_reg[1]/Q        | DFF   | Rise |  2252.0 | 1291.0 | 780.0  | 231.197   | 
|-----------------------------------+-------+------+---------+--------+--------+-----------|
| u_gemm/u_mac/k_dim[1]             |       | Rise |  2252.0 |    0.0 |        |           | 
|-----------------------------------+-------+------+---------+--------+--------+-----------|
| u_gemm/u_mac/i_0_60/A             | NAND3 | Rise |  2255.0 |    3.0 | 780.0  |           | 
|-----------------------------------+-------+------+---------+--------+--------+-----------|
| u_gemm/u_mac/i_0_60/Z             | NAND3 | Fall |  2698.0 |  443.0 | 304.0  | 29.5451   | 
|-----------------------------------+-------+------+---------+--------+--------+-----------|
| u_gemm/u_mac/i_0_59/B             | NAND2 | Fall |  2698.0 |    0.0 | 304.0  |           | 
|-----------------------------------+-------+------+---------+--------+--------+-----------|
| u_gemm/u_mac/i_0_59/Z             | NAND2 | Rise |  2885.0 |  187.0 | 113.0  | 20.1092   | 
|-----------------------------------+-------+------+---------+--------+--------+-----------|
| u_gemm/u_mac/i_0_58/B             | XNOR2 | Rise |  2885.0 |    0.0 | 113.0  |           | 
|-----------------------------------+-------+------+---------+--------+--------+-----------|
| u_gemm/u_mac/i_0_58/Z             | XNOR2 | Fall |  3235.0 |  350.0 | 97.0   | 31.6606   | 
|-----------------------------------+-------+------+---------+--------+--------+-----------|
| u_gemm/u_mac/i_0_56/B             | XNOR2 | Fall |  3235.0 |    0.0 | 97.0   |           | 
|-----------------------------------+-------+------+---------+--------+--------+-----------|
| u_gemm/u_mac/i_0_56/Z             | XNOR2 | Fall |  3592.0 |  357.0 | 99.0   | 34.0673   | 
|-----------------------------------+-------+------+---------+--------+--------+-----------|
| u_gemm/u_mac/i_0_37/A             | XOR2  | Fall |  3593.0 |    1.0 | 99.0   |           | 
|-----------------------------------+-------+------+---------+--------+--------+-----------|
| u_gemm/u_mac/i_0_37/Z             | XOR2  | Rise |  4472.0 |  879.0 | 810.0  | 118.344   | 
|-----------------------------------+-------+------+---------+--------+--------+-----------|
| u_gemm/u_mac/a_raddr[2]           |       | Rise |  4472.0 |    0.0 |        |           | 
|-----------------------------------+-------+------+---------+--------+--------+-----------|
| u_gemm/u_buf/a_raddr[2]           |       | Rise |  4472.0 |    0.0 |        |           | 
|-----------------------------------+-------+------+---------+--------+--------+-----------|
| u_gemm/u_buf/i_1_263/A            | NAND2 | Rise |  4500.0 |   28.0 | 810.0  |           | 
|-----------------------------------+-------+------+---------+--------+--------+-----------|
| u_gemm/u_buf/i_1_263/Z            | NAND2 | Fall |  4890.0 |  390.0 | 271.0  | 59.4645   | 
|-----------------------------------+-------+------+---------+--------+--------+-----------|
| u_gemm/u_buf/i_1_262/C            | NOR3  | Fall |  4891.0 |    1.0 | 271.0  |           | 
|-----------------------------------+-------+------+---------+--------+--------+-----------|
| u_gemm/u_buf/i_1_262/Z            | NOR3  | Rise |  6014.0 | 1123.0 | 934.0  | 88.5495   | 
|-----------------------------------+-------+------+---------+--------+--------+-----------|
| u_gemm/u_buf/i_1_199/C            | AOI22 | Rise |  6017.0 |    3.0 | 934.0  |           | 
|-----------------------------------+-------+------+---------+--------+--------+-----------|
| u_gemm/u_buf/i_1_199/Z            | AOI22 | Fall |  6286.0 |  269.0 | 314.0  | 22.9227   | 
|-----------------------------------+-------+------+---------+--------+--------+-----------|
| u_gemm/u_buf/i_1_191/A            | NAND4 | Fall |  6287.0 |    1.0 | 314.0  |           | 
|-----------------------------------+-------+------+---------+--------+--------+-----------|
| u_gemm/u_buf/i_1_191/Z            | NAND4 | Rise |  6474.0 |  187.0 | 146.0  | 23.1854   | 
|-----------------------------------+-------+------+---------+--------+--------+-----------|
| u_gemm/u_buf/i_1_190/B            | NOR2  | Rise |  6475.0 |    1.0 | 146.0  |           | 
|-----------------------------------+-------+------+---------+--------+--------+-----------|
| u_gemm/u_buf/i_1_190/Z            | NOR2  | Fall |  6640.0 |  165.0 | 123.0  | 62.3372   | 
|-----------------------------------+-------+------+---------+--------+--------+-----------|
| u_gemm/u_buf/i_1_189/A            | INV   | Fall |  6663.0 |   23.0 | 123.0  |           | 
|-----------------------------------+-------+------+---------+--------+--------+-----------|
| u_gemm/u_buf/i_1_189/Z            | INV   | Rise |  6825.0 |  162.0 | 98.0   | 51.1885   | 
|-----------------------------------+-------+------+---------+--------+--------+-----------|
| u_gemm/u_buf/a_rdata[3]           |       | Rise |  6825.0 |    0.0 |        |           | 
|-----------------------------------+-------+------+---------+--------+--------+-----------|
| u_gemm/u_mac/a_rdata[3]           |       | Rise |  6825.0 |    0.0 |        |           | 
|-----------------------------------+-------+------+---------+--------+--------+-----------|
| u_gemm/u_mac/i_8/a_rdata[3]       |       | Rise |  6825.0 |    0.0 |        |           | 
|-----------------------------------+-------+------+---------+--------+--------+-----------|
| u_gemm/u_mac/i_8/i_326/A          | INV   | Rise |  6834.0 |    9.0 | 98.0   |           | 
|-----------------------------------+-------+------+---------+--------+--------+-----------|
| u_gemm/u_mac/i_8/i_326/Z          | INV   | Fall |  7064.0 |  230.0 | 152.0  | 117.174   | 
|-----------------------------------+-------+------+---------+--------+--------+-----------|
| u_gemm/u_mac/i_8/i_295/B          | NOR2  | Fall |  7068.0 |    4.0 | 152.0  |           | 
|-----------------------------------+-------+------+---------+--------+--------+-----------|
| u_gemm/u_mac/i_8/i_295/Z          | NOR2  | Rise |  7241.0 |  173.0 | 101.0  | 17.9263   | 
|-----------------------------------+-------+------+---------+--------+--------+-----------|
| u_gemm/u_mac/i_8/i_293/A          | XNOR2 | Rise |  7241.0 |    0.0 | 101.0  |           | 
|-----------------------------------+-------+------+---------+--------+--------+-----------|
| u_gemm/u_mac/i_8/i_293/Z          | XNOR2 | Fall |  7553.0 |  312.0 | 92.0   | 27.9151   | 
|-----------------------------------+-------+------+---------+--------+--------+-----------|
| u_gemm/u_mac/i_8/i_201/D          | AOI22 | Fall |  7554.0 |    1.0 | 92.0   |           | 
|-----------------------------------+-------+------+---------+--------+--------+-----------|
| u_gemm/u_mac/i_8/i_201/Z          | AOI22 | Rise |  7978.0 |  424.0 | 351.0  | 35.7501   | 
|-----------------------------------+-------+------+---------+--------+--------+-----------|
| u_gemm/u_mac/i_8/i_199/B          | XNOR2 | Rise |  7979.0 |    1.0 | 351.0  |           | 
|-----------------------------------+-------+------+---------+--------+--------+-----------|
| u_gemm/u_mac/i_8/i_199/Z          | XNOR2 | Fall |  8311.0 |  332.0 | 87.0   | 23.6276   | 
|-----------------------------------+-------+------+---------+--------+--------+-----------|
| u_gemm/u_mac/i_8/i_462/B          | AOI22 | Fall |  8311.0 |    0.0 | 87.0   |           | 
|-----------------------------------+-------+------+---------+--------+--------+-----------|
| u_gemm/u_mac/i_8/i_462/Z          | AOI22 | Rise |  8737.0 |  426.0 | 314.0  | 30.0015   | 
|-----------------------------------+-------+------+---------+--------+--------+-----------|
| u_gemm/u_mac/i_8/i_461/A          | INV   | Rise |  8759.0 |   22.0 | 314.0  |           | 
|-----------------------------------+-------+------+---------+--------+--------+-----------|
| u_gemm/u_mac/i_8/i_461/Z          | INV   | Fall |  8852.0 |   93.0 | 84.0   | 14.5587   | 
|-----------------------------------+-------+------+---------+--------+--------+-----------|
| u_gemm/u_mac/i_8/i_460/B          | AOI22 | Fall |  8852.0 |    0.0 | 84.0   |           | 
|-----------------------------------+-------+------+---------+--------+--------+-----------|
| u_gemm/u_mac/i_8/i_460/Z          | AOI22 | Rise |  9239.0 |  387.0 | 284.0  | 24.3734   | 
|-----------------------------------+-------+------+---------+--------+--------+-----------|
| u_gemm/u_mac/i_8/i_459/B          | XNOR2 | Rise |  9239.0 |    0.0 | 284.0  |           | 
|-----------------------------------+-------+------+---------+--------+--------+-----------|
| u_gemm/u_mac/i_8/i_459/Z          | XNOR2 | Fall |  9587.0 |  348.0 | 96.0   | 30.5291   | 
|-----------------------------------+-------+------+---------+--------+--------+-----------|
| u_gemm/u_mac/i_8/i_433/B          | NOR2  | Fall |  9587.0 |    0.0 | 96.0   |           | 
|-----------------------------------+-------+------+---------+--------+--------+-----------|
| u_gemm/u_mac/i_8/i_433/Z          | NOR2  | Rise |  9776.0 |  189.0 | 132.0  | 32.4776   | 
|-----------------------------------+-------+------+---------+--------+--------+-----------|
| u_gemm/u_mac/i_8/i_432/A          | INV   | Rise |  9776.0 |    0.0 | 132.0  |           | 
|-----------------------------------+-------+------+---------+--------+--------+-----------|
| u_gemm/u_mac/i_8/i_432/Z          | INV   | Fall |  9886.0 |  110.0 | 68.0   | 30.2801   | 
|-----------------------------------+-------+------+---------+--------+--------+-----------|
| u_gemm/u_mac/i_8/i_366/B          | NAND2 | Fall |  9886.0 |    0.0 | 68.0   |           | 
|-----------------------------------+-------+------+---------+--------+--------+-----------|
| u_gemm/u_mac/i_8/i_366/Z          | NAND2 | Rise | 10025.0 |  139.0 | 92.0   | 39.1449   | 
|-----------------------------------+-------+------+---------+--------+--------+-----------|
| u_gemm/u_mac/i_8/i_362/B          | NAND2 | Rise | 10026.0 |    1.0 | 92.0   |           | 
|-----------------------------------+-------+------+---------+--------+--------+-----------|
| u_gemm/u_mac/i_8/i_362/Z          | NAND2 | Fall | 10123.0 |   97.0 | 54.0   | 9.51484   | 
|-----------------------------------+-------+------+---------+--------+--------+-----------|
| u_gemm/u_mac/i_8/i_361/B          | AOI22 | Fall | 10123.0 |    0.0 | 54.0   |           | 
|-----------------------------------+-------+------+---------+--------+--------+-----------|
| u_gemm/u_mac/i_8/i_361/Z          | AOI22 | Rise | 10495.0 |  372.0 | 271.0  | 23.5035   | 
|-----------------------------------+-------+------+---------+--------+--------+-----------|
| u_gemm/u_mac/i_8/i_360/A          | INV   | Rise | 10495.0 |    0.0 | 271.0  |           | 
|-----------------------------------+-------+------+---------+--------+--------+-----------|
| u_gemm/u_mac/i_8/i_360/Z          | INV   | Fall | 10591.0 |   96.0 | 79.0   | 16.9722   | 
|-----------------------------------+-------+------+---------+--------+--------+-----------|
| u_gemm/u_mac/i_8/i_359/D          | AOI22 | Fall | 10591.0 |    0.0 | 79.0   |           | 
|-----------------------------------+-------+------+---------+--------+--------+-----------|
| u_gemm/u_mac/i_8/i_359/Z          | AOI22 | Rise | 10913.0 |  322.0 | 262.0  | 21.7841   | 
|-----------------------------------+-------+------+---------+--------+--------+-----------|
| u_gemm/u_mac/i_8/i_358/A          | INV   | Rise | 10913.0 |    0.0 | 262.0  |           | 
|-----------------------------------+-------+------+---------+--------+--------+-----------|
| u_gemm/u_mac/i_8/i_358/Z          | INV   | Fall | 11027.0 |  114.0 | 87.0   | 24.456    | 
|-----------------------------------+-------+------+---------+--------+--------+-----------|
| u_gemm/u_mac/i_8/i_355/A          | NAND2 | Fall | 11027.0 |    0.0 | 87.0   |           | 
|-----------------------------------+-------+------+---------+--------+--------+-----------|
| u_gemm/u_mac/i_8/i_355/Z          | NAND2 | Rise | 11149.0 |  122.0 | 80.0   | 30.9152   | 
|-----------------------------------+-------+------+---------+--------+--------+-----------|
| u_gemm/u_mac/i_8/i_354/B          | NAND2 | Rise | 11149.0 |    0.0 | 80.0   |           | 
|-----------------------------------+-------+------+---------+--------+--------+-----------|
| u_gemm/u_mac/i_8/i_354/Z          | NAND2 | Fall | 11258.0 |  109.0 | 73.0   | 15.7539   | 
|-----------------------------------+-------+------+---------+--------+--------+-----------|
| u_gemm/u_mac/i_8/i_353/B          | NAND2 | Fall | 11258.0 |    0.0 | 73.0   |           | 
|-----------------------------------+-------+------+---------+--------+--------+-----------|
| u_gemm/u_mac/i_8/i_353/Z          | NAND2 | Rise | 11360.0 |  102.0 | 64.0   | 14.7871   | 
|-----------------------------------+-------+------+---------+--------+--------+-----------|
| u_gemm/u_mac/i_8/i_352/B          | NAND2 | Rise | 11360.0 |    0.0 | 64.0   |           | 
|-----------------------------------+-------+------+---------+--------+--------+-----------|
| u_gemm/u_mac/i_8/i_352/Z          | NAND2 | Fall | 11532.0 |  172.0 | 115.0  | 47.9107   | 
|-----------------------------------+-------+------+---------+--------+--------+-----------|
| u_gemm/u_mac/i_8/i_508/C          | NAND3 | Fall | 11534.0 |    2.0 | 115.0  |           | 
|-----------------------------------+-------+------+---------+--------+--------+-----------|
| u_gemm/u_mac/i_8/i_508/Z          | NAND3 | Rise | 11832.0 |  298.0 | 214.0  | 44.5484   | 
|-----------------------------------+-------+------+---------+--------+--------+-----------|
| u_gemm/u_mac/i_8/i_507/B          | NAND2 | Rise | 11859.0 |   27.0 | 214.0  |           | 
|-----------------------------------+-------+------+---------+--------+--------+-----------|
| u_gemm/u_mac/i_8/i_507/Z          | NAND2 | Fall | 12039.0 |  180.0 | 115.0  | 38.0392   | 
|-----------------------------------+-------+------+---------+--------+--------+-----------|
| u_gemm/u_mac/i_8/i_609/A          | INV   | Fall | 12039.0 |    0.0 | 115.0  |           | 
|-----------------------------------+-------+------+---------+--------+--------+-----------|
| u_gemm/u_mac/i_8/i_609/Z          | INV   | Rise | 12158.0 |  119.0 | 68.0   | 27.948    | 
|-----------------------------------+-------+------+---------+--------+--------+-----------|
| u_gemm/u_mac/i_8/i_586/C          | NOR3  | Rise | 12158.0 |    0.0 | 68.0   |           | 
|-----------------------------------+-------+------+---------+--------+--------+-----------|
| u_gemm/u_mac/i_8/i_586/Z          | NOR3  | Fall | 12272.0 |  114.0 | 103.0  | 20.9405   | 
|-----------------------------------+-------+------+---------+--------+--------+-----------|
| u_gemm/u_mac/i_8/i_584/C          | NOR3  | Fall | 12276.0 |    4.0 | 103.0  |           | 
|-----------------------------------+-------+------+---------+--------+--------+-----------|
| u_gemm/u_mac/i_8/i_584/Z          | NOR3  | Rise | 13746.0 | 1470.0 | 1365.0 | 134.126   | 
|-----------------------------------+-------+------+---------+--------+--------+-----------|
| u_gemm/u_mac/i_8/i_119/A          | NOR2  | Rise | 13765.0 |   19.0 | 1365.0 |           | 
|-----------------------------------+-------+------+---------+--------+--------+-----------|
| u_gemm/u_mac/i_8/i_119/Z          | NOR2  | Fall | 13872.0 |  107.0 | 281.0  | 8.23804   | 
|-----------------------------------+-------+------+---------+--------+--------+-----------|
| u_gemm/u_mac/i_8/i_116/C          | NOR3  | Fall | 13872.0 |    0.0 | 281.0  |           | 
|-----------------------------------+-------+------+---------+--------+--------+-----------|
| u_gemm/u_mac/i_8/i_116/Z          | NOR3  | Rise | 14323.0 |  451.0 | 297.0  | 20.1641   | 
|-----------------------------------+-------+------+---------+--------+--------+-----------|
| u_gemm/u_mac/i_8/i_114/A          | XNOR2 | Rise | 14323.0 |    0.0 | 297.0  |           | 
|-----------------------------------+-------+------+---------+--------+--------+-----------|
| u_gemm/u_mac/i_8/i_114/Z          | XNOR2 | Fall | 14635.0 |  312.0 | 90.0   | 26.5376   | 
|-----------------------------------+-------+------+---------+--------+--------+-----------|
| u_gemm/u_mac/i_8/p_0[30]          |       | Fall | 14635.0 |    0.0 |        |           | 
|-----------------------------------+-------+------+---------+--------+--------+-----------|
| u_gemm/u_mac/i_0_222/A            | AO22  | Fall | 14636.0 |    1.0 | 90.0   |           | 
|-----------------------------------+-------+------+---------+--------+--------+-----------|
| u_gemm/u_mac/i_0_222/Z            | AO22  | Fall | 14927.0 |  291.0 | 67.0   | 7.02048   | 
|-----------------------------------+-------+------+---------+--------+--------+-----------|
| u_gemm/u_mac/c_wdata_reg[30]/DATA | DFF   | Fall | 14927.0 |    0.0 | 67.0   |           | 
--------------------------------------------------------------------------------------------


----------------------------------------------------------------
|                                         | Time     | Total   | 
|-----------------------------------------+----------+---------|
| target clock clk (rise edge)            |      0.0 |     0.0 | 
|-----------------------------------------+----------+---------|
| target clock cycle shift                |  15000.0 | 15000.0 | 
|-----------------------------------------+----------+---------|
| target clock propagated network latency |    908.0 | 15908.0 | 
|-----------------------------------------+----------+---------|
| library setup check                     |   -232.0 | 15676.0 | 
|-----------------------------------------+----------+---------|
| data required time                      |  15676.0 |         | 
|-----------------------------------------+----------+---------|
|                                         |          |         | 
|-----------------------------------------+----------+---------|
| data required time                      |  15676.0 |         | 
|-----------------------------------------+----------+---------|
| data arrival time                       | -14927.0 |         | 
|-----------------------------------------+----------+---------|
| pessimism                               |      6.0 |         | 
|-----------------------------------------+----------+---------|
|                                         |          |         | 
|-----------------------------------------+----------+---------|
| slack                                   |    755.0 |         | 
----------------------------------------------------------------


info UI33: performed report_timing for 0 sec (CPU time: 0 sec; MEM: RSS - 627M, CVMEM - 1915M, PVMEM - 2077M)
