----------------------------------------------------------------------------------------------------
Startpoint: u_gemm/u_mmio_r_k_reg[2]/Q
    (Clocked by clk R)
Endpoint: u_gemm/u_mac/acc_reg[31]/DATA
    (Clocked by clk R)
Path Group: default
Data required time: 29752.9
    (Clock shift: 30000.0, minus Uncertainty: 0.0, plus Latency 0.0, minus Setup time: 247.1)
Data arrival time: 20242.2
Slack: 9510.7
Logic depth: 87
----------------------------------------------------------------------------------------------------
                                                                 Arrival          Total             
Path                     Module/Cell              Slew    Delay     Time  Edge     Load     Location
                                                  (ps)     (ps)     (ps)           (ff)      (um,um)
----------------------------------------------------------------------------------------------------
clk                      {create_clock}                     0.0      0.0     r      0.0   825,  584 
u_gemm/u_mmio_r_k_reg[2]/CLK->Q
                         DFF*                      0.0    786.2    786.2    rr    285.4   579,  583 
u_gemm/u_buf/i_1_0_493/C->Z
                         NAND3*                   92.7    279.6   1065.8    rf     33.7   733,  741 
u_gemm/u_buf/i_1_0_492/B->Z
                         NAND2                    92.7    114.1   1179.9    fr     17.2   733,  741 
u_gemm/u_buf/i_1_0_491/B->Z
                         XNOR2                    64.6    356.4   1536.4    rf     34.2   733,  741 
u_gemm/u_buf/i_1_0_486/B->Z
                         XNOR2                    98.7    343.0   1879.3    ff     27.5   733,  741 
u_gemm/u_buf/i_1_0_485/C->Z
                         NOR3*                    91.2    306.3   2185.6    fr     17.3   733,  741 
u_gemm/u_buf/i_1_0_484/B->Z
                         NOR2                     83.5     83.7   2269.3    rf     19.1   733,  741 
u_gemm/u_buf/i_1_0_432/A->Z
                         XOR2*                    60.0    612.0   2881.3    fr    316.5   733,  741 
u_gemm/u_buf/i_0_1_562/A->Z
                         BUFI4                    92.7     57.4   2938.7    rf     16.3   271,  271 
u_gemm/u_buf/i_0_1_555/A->Z
                         NAND2                    34.2    142.5   3081.2    fr     59.2   271,  271 
u_gemm/u_buf/i_0_1_554/C->Z
                         NOR3*                   119.9    444.0   3525.2    rf    342.4   271,  271 
u_gemm/u_buf/i_0_1_187/B->Z
                         AOI22*                   92.7    352.2   3877.4    fr     18.1   271,  271 
u_gemm/u_buf/i_0_1_183/A->Z
                         NAND4                    83.5    202.2   4079.6    rf     16.9   271,  271 
u_gemm/u_buf/i_0_1_177/A->Z
                         NOR2                    147.3    179.3   4258.9    fr     21.5   271,  271 
u_gemm/u_buf/i_0_1_176/A->Z
                         BUFI4                   101.8    186.6   4445.5    rf    179.2   271,  271 
u_gemm/u_mac/i_18/i_220/A->Z
                         BUFI4                   116.2    197.5   4643.1    fr    116.5   579,  583 
u_gemm/u_mac/i_18/i_198/B->Z
                         NOR2                    120.6     91.6   4734.7    rf     19.1   579,  583 
u_gemm/u_mac/i_18/i_196/A->Z
                         XOR2*                    60.0    335.3   5070.0    ff     28.0   579,  583 
u_gemm/u_mac/i_18/i_75/D->Z
                         AOI22*                   92.7    373.0   5443.0    fr     33.1   579,  583 
u_gemm/u_mac/i_18/i_74/A->Z
                         BUFI4                    92.7     61.3   5504.2    rf     20.3   579,  583 
u_gemm/u_mac/i_18/i_73/D->Z
                         AOI22*                   36.1    342.2   5846.4    fr     33.1   579,  583 
u_gemm/u_mac/i_18/i_72/A->Z
                         BUFI4                    92.7     61.0   5907.4    rf     20.0   579,  583 
u_gemm/u_mac/i_18/i_70/B->Z
                         AOI22*                   36.0    384.6   6292.0    fr     28.8   579,  583 
u_gemm/u_mac/i_18/i_69/D->Z
                         AOI22*                   92.7    236.4   6528.3    rf     33.1   579,  583 
u_gemm/u_mac/i_18/i_68/A->Z
                         BUFI4                    92.7     91.3   6619.6    fr     20.4   579,  583 
u_gemm/u_mac/i_18/i_46/A->Z
                         AOI22*                   45.4    286.7   6906.3    rf     41.7   579,  583 
u_gemm/u_mac/i_18/i_43/A->Z
                         XNOR2                    92.7    398.2   7304.5    ff     27.9   579,  583 
u_gemm/u_mac/i_18/i_42/B->Z
                         XNOR2                    91.6    327.7   7632.2    ff     21.7   579,  583 
u_gemm/u_mac/i_0_393/A->Z
                         INV                      84.6     83.9   7716.1    fr     15.7   579,  583 
u_gemm/u_mac/i_0_198/A->Z
                         NOR2                     45.1    117.0   7833.0    rf     36.5   579,  583 
u_gemm/u_mac/i_23/i_386/A->Z
                         NOR2                     78.8    192.9   8026.0    fr     32.1   579,  583 
u_gemm/u_mac/i_23/i_385/A->Z
                         INV                     129.1     67.7   8093.7    rf     10.0   579,  583 
u_gemm/u_mac/i_23/i_384/D->Z
                         AOI22*                   34.2    369.1   8462.8    fr     43.3   579,  583 
u_gemm/u_mac/i_23/i_383/A->Z
                         BUFI4                    92.7     61.3   8524.0    rf     20.3   579,  583 
u_gemm/u_mac/i_23/i_328/A->Z
                         AOI22*                   36.1    353.2   8877.2    fr     28.5   579,  583 
u_gemm/u_mac/i_23/i_327/B->Z
                         XOR2*                    92.7    322.0   9199.2    rr     29.8   579,  583 
u_gemm/u_mac/i_23/i_257/A->Z
                         XNOR2                    92.7    310.1   9509.3    rf     27.6   579,  583 
u_gemm/u_mac/i_23/i_256/B->Z
                         XOR2*                    91.3    344.0   9853.3    ff     29.8   579,  583 
u_gemm/u_mac/i_23/i_225/A->Z
                         XNOR2                    92.7    397.4  10250.7    ff     27.6   579,  583 
u_gemm/u_mac/i_23/i_99/B->Z
                         XNOR2                    91.3    347.4  10598.1    fr     32.2   579,  583 
u_gemm/u_mac/i_23/i_98/A->Z
                         BUFI4                    65.8     57.6  10655.7    rf     20.3   579,  583 
u_gemm/u_mac/i_23/i_97/D->Z
                         AOI22*                   36.1    342.3  10998.0    fr     33.1   579,  583 
u_gemm/u_mac/i_23/i_96/A->Z
                         BUFI4                    92.7     61.3  11059.3    rf     20.4   579,  583 
u_gemm/u_mac/i_23/i_93/C->Z
                         AOI22*                   36.2    312.4  11371.7    fr     33.1   579,  583 
u_gemm/u_mac/i_23/i_92/A->Z
                         BUFI4                    92.7     61.3  11433.0    rf     20.4   579,  583 
u_gemm/u_mac/i_23/i_89/C->Z
                         AOI22*                   36.2    312.4  11745.5    fr     33.1   579,  583 
u_gemm/u_mac/i_23/i_88/A->Z
                         BUFI4                    92.7     61.3  11806.8    rf     20.4   579,  583 
u_gemm/u_mac/i_23/i_85/C->Z
                         AOI22*                   36.2    312.4  12119.2    fr     33.1   579,  583 
u_gemm/u_mac/i_23/i_84/A->Z
                         BUFI4                    92.7     61.3  12180.5    rf     20.4   579,  583 
u_gemm/u_mac/i_23/i_81/C->Z
                         AOI22*                   36.2    312.4  12492.9    fr     33.1   579,  583 
u_gemm/u_mac/i_23/i_80/A->Z
                         BUFI4                    92.7     61.3  12554.2    rf     20.4   579,  583 
u_gemm/u_mac/i_23/i_77/C->Z
                         AOI22*                   36.2    312.4  12866.6    fr     33.1   579,  583 
u_gemm/u_mac/i_23/i_76/A->Z
                         BUFI4                    92.7     61.3  12928.0    rf     20.4   579,  583 
u_gemm/u_mac/i_23/i_73/C->Z
                         AOI22*                   36.2    312.3  13240.2    fr     33.1   579,  583 
u_gemm/u_mac/i_23/i_72/A->Z
                         BUFI4                    92.7     61.3  13301.5    rf     20.3   579,  583 
u_gemm/u_mac/i_23/i_71/D->Z
                         AOI22*                   36.1    342.2  13643.7    fr     33.1   579,  583 
u_gemm/u_mac/i_23/i_70/A->Z
                         BUFI4                    92.7     61.3  13704.9    rf     20.3   579,  583 
u_gemm/u_mac/i_23/i_69/D->Z
                         AOI22*                   36.1    361.6  14066.5    fr     39.9   579,  583 
u_gemm/u_mac/i_23/i_68/A->Z
                         INV                      92.7     62.1  14128.6    rf     10.0   579,  583 
u_gemm/u_mac/i_23/i_67/D->Z
                         AOI22*                   34.2    341.1  14469.8    fr     33.1   579,  583 
u_gemm/u_mac/i_23/i_66/A->Z
                         BUFI4                    92.7     61.3  14531.0    rf     20.3   579,  583 
u_gemm/u_mac/i_23/i_65/D->Z
                         AOI22*                   36.1    342.2  14873.2    fr     33.1   579,  583 
u_gemm/u_mac/i_23/i_64/A->Z
                         BUFI4                    92.7     61.3  14934.5    rf     20.3   579,  583 
u_gemm/u_mac/i_23/i_63/D->Z
                         AOI22*                   36.1    342.2  15276.6    fr     33.1   579,  583 
u_gemm/u_mac/i_23/i_62/A->Z
                         BUFI4                    92.7     61.3  15337.9    rf     20.3   579,  583 
u_gemm/u_mac/i_23/i_61/D->Z
                         AOI22*                   36.1    366.3  15704.1    fr     41.7   579,  583 
u_gemm/u_mac/i_23/i_60/A->Z
                         INV                      92.7     62.2  15766.3    rf     10.0   579,  583 
u_gemm/u_mac/i_23/i_58/C->Z
                         AOI22*                   34.3    335.4  16101.7    fr     41.7   579,  583 
u_gemm/u_mac/i_23/i_57/A->Z
                         INV                      92.7     62.2  16163.9    rf     10.0   579,  583 
u_gemm/u_mac/i_23/i_55/C->Z
                         AOI22*                   34.3    335.4  16499.3    fr     41.7   579,  583 
u_gemm/u_mac/i_23/i_54/A->Z
                         INV                      92.7     62.2  16561.5    rf     10.0   579,  583 
u_gemm/u_mac/i_23/i_53/C->Z
                         AOI22*                   34.3    330.8  16892.3    fr     39.9   579,  583 
u_gemm/u_mac/i_23/i_52/A->Z
                         INV                      92.7     62.1  16954.3    rf     10.0   579,  583 
u_gemm/u_mac/i_23/i_51/D->Z
                         AOI22*                   34.2    341.3  17295.6    fr     33.1   579,  583 
u_gemm/u_mac/i_23/i_50/A->Z
                         BUFI4                    92.7     61.3  17356.9    rf     20.4   579,  583 
u_gemm/u_mac/i_23/i_47/C->Z
                         AOI22*                   36.2    312.4  17669.3    fr     33.1   579,  583 
u_gemm/u_mac/i_23/i_46/A->Z
                         BUFI4                    92.7     61.3  17730.6    rf     20.4   579,  583 
u_gemm/u_mac/i_23/i_45/C->Z
                         AOI22*                   36.2    312.3  18042.9    fr     33.1   579,  583 
u_gemm/u_mac/i_23/i_44/A->Z
                         BUFI4                    92.7     61.3  18104.2    rf     20.3   579,  583 
u_gemm/u_mac/i_23/i_43/D->Z
                         AOI22*                   36.1    342.2  18446.4    fr     33.1   579,  583 
u_gemm/u_mac/i_23/i_42/A->Z
                         BUFI4                    92.7     61.3  18507.6    rf     20.3   579,  583 
u_gemm/u_mac/i_23/i_41/D->Z
                         AOI22*                   36.1    366.3  18873.9    fr     41.7   579,  583 
u_gemm/u_mac/i_23/i_40/A->Z
                         INV                      92.7     61.4  18935.3    rf      9.7   579,  583 
u_gemm/u_mac/i_23/i_35/A->Z
                         AOI22*                   33.9    387.6  19323.0    fr     39.9   579,  583 
u_gemm/u_mac/i_23/i_34/A->Z
                         INV                      92.7     62.1  19385.1    rf     10.0   579,  583 
u_gemm/u_mac/i_23/i_33/D->Z
                         AOI22*                   34.2    287.7  19672.7    fr     19.8   579,  583 
u_gemm/u_mac/i_23/i_31/A->Z
                         XNOR2                    83.5    268.3  19941.1    rf     10.0   579,  583 
u_gemm/u_mac/i_0_31/A->Z AO22                     70.2    301.2  20242.2    ff     10.7   579,  583 
u_gemm/u_mac/acc_reg[31]/DATA
                         DFF                      64.3      0.0  20242.2     f            579,  583 
----------------------------------------------------------------------------------------------------
