----------------------------------------------------------------------------------------------------
Startpoint: u_gemm/u_mac/i_reg[0]/Q
    (Clocked by clk R)
Endpoint: u_gemm/u_mac/acc3_reg[31]/DATA
    (Clocked by clk R)
Path Group: default
Data required time: 14752.9
    (Clock shift: 15000.0, minus Uncertainty: 0.0, plus Latency 0.0, minus Setup time: 247.1)
Data arrival time: 10972.1
Slack: 3780.8
Logic depth: 43
----------------------------------------------------------------------------------------------------
                                                                 Arrival          Total             
Path                     Module/Cell              Slew    Delay     Time  Edge     Load     Location
                                                  (ps)     (ps)     (ps)           (ff)      (um,um)
----------------------------------------------------------------------------------------------------
clk                      {create_clock}                     0.0      0.0     r      0.0   831,  584 
u_gemm/u_mac/i_reg[0]/CLK->Q
                         DFF*                      0.0    769.2    769.2    rr    242.4   567,  575 
u_gemm/u_mac/i_0_416/B->Z
                         NAND3*                   92.7    274.8   1044.0    rf     33.7   567,  575 
u_gemm/u_mac/i_0_415/B->Z
                         NAND2                    92.7    114.1   1158.2    fr     17.2   567,  575 
u_gemm/u_mac/i_0_414/B->Z
                         XNOR2                    64.6    360.6   1518.8    rf     36.1   567,  575 
u_gemm/u_mac/i_0_400/A->Z
                         XNOR2                   100.8    415.3   1934.1    ff     34.3   567,  575 
u_gemm/u_mac/i_0_399/B->Z
                         NOR2                     98.7    144.7   2078.8    fr     16.8   567,  575 
u_gemm/u_mac/i_0_398/B->Z
                         NOR2                     89.5     85.0   2163.8    rf     19.1   567,  575 
u_gemm/u_mac/i_0_390/A->Z
                         XNOR2*                   60.0    651.8   2815.6    ff    233.2   567,  575 
u_gemm/u_buf/i_2_260/B->Z
                         NAND2                    92.7    183.8   2999.4    fr     60.0   279,  283 
u_gemm/u_buf/i_2_243/C->Z
                         NOR3*                   120.9    298.5   3297.9    rf     84.5   279,  283 
u_gemm/u_buf/i_2_193/B->Z
                         AOI22*                   92.7    348.8   3646.7    fr     17.6   279,  283 
u_gemm/u_buf/i_2_191/D->Z
                         NAND4                    83.5    241.9   3888.5    rf     17.6   279,  283 
u_gemm/u_buf/i_2_190/B->Z
                         NOR2                    149.5    183.0   4071.5    fr     21.5   279,  283 
u_gemm/u_buf/i_2_189/A->Z
                         BUFI4                   101.8    270.0   4341.5    rf    301.3   279,  283 
u_gemm/u_mac/i_6/i_210/A->Z
                         BUFI4                   180.6    227.6   4569.1    fr    116.5   567,  575 
u_gemm/u_mac/i_6/i_167/B->Z
                         NOR2                    120.6     91.6   4660.7    rf     19.1   567,  575 
u_gemm/u_mac/i_6/i_39/A->Z
                         XNOR2                    60.0    389.3   5050.0    ff     27.9   567,  575 
u_gemm/u_mac/i_6/i_341/D->Z
                         AOI22*                   91.6    391.9   5441.9    fr     39.9   567,  575 
u_gemm/u_mac/i_6/i_339/B->Z
                         XNOR2                    92.7    341.2   5783.1    rf     27.6   567,  575 
u_gemm/u_mac/i_6/i_390/B->Z
                         AOI22*                   91.3    414.7   6197.8    fr     33.1   567,  575 
u_gemm/u_mac/i_6/i_389/A->Z
                         BUFI4                    92.7     61.0   6258.8    rf     20.0   567,  575 
u_gemm/u_mac/i_6/i_387/B->Z
                         AOI22*                   36.0    384.6   6643.3    fr     28.8   567,  575 
u_gemm/u_mac/i_6/i_386/B->Z
                         XNOR2                    92.7    354.8   6998.1    rf     33.5   567,  575 
u_gemm/u_mac/i_6/i_357/B->Z
                         NOR2                     97.9    208.4   7206.5    fr     38.7   567,  575 
u_gemm/u_mac/i_6/i_355/A->Z
                         BUFI4                   146.5     79.7   7286.2    rf     32.9   567,  575 
u_gemm/u_mac/i_6/i_250/B->Z
                         NAND2                    42.2    141.6   7427.8    fr     48.7   567,  575 
u_gemm/u_mac/i_6/i_246/B->Z
                         NAND2                   106.0    100.6   7528.4    rf      9.9   567,  575 
u_gemm/u_mac/i_6/i_245/B->Z
                         AOI22*                   53.2    403.0   7931.4    fr     32.8   567,  575 
u_gemm/u_mac/i_6/i_244/A->Z
                         BUFI4                    92.7     61.0   7992.4    rf     20.1   567,  575 
u_gemm/u_mac/i_6/i_243/D->Z
                         AOI22*                   36.0    341.1   8333.5    fr     32.8   567,  575 
u_gemm/u_mac/i_6/i_242/A->Z
                         BUFI4                    92.7     67.2   8400.7    rf     26.8   567,  575 
u_gemm/u_mac/i_6/i_239/A->Z
                         NAND2                    39.3    105.1   8505.9    fr     33.2   567,  575 
u_gemm/u_mac/i_6/i_238/B->Z
                         NAND2                    85.6    111.5   8617.4    rf     16.6   567,  575 
u_gemm/u_mac/i_6/i_237/B->Z
                         NAND2                    64.0    100.9   8718.4    fr     16.6   567,  575 
u_gemm/u_mac/i_6/i_236/B->Z
                         NAND2                    63.7    177.8   8896.1    rf     50.5   567,  575 
u_gemm/u_mac/i_6/i_447/C->Z
                         NAND3*                  119.9    261.2   9157.3    fr     27.7   567,  575 
u_gemm/u_mac/i_6/i_446/B->Z
                         NAND2                    92.7    163.1   9320.4    rf     40.5   567,  575 
u_gemm/u_mac/i_6/i_594/A->Z
                         BUFI4                   103.3    102.1   9422.4    fr     26.3   567,  575 
u_gemm/u_mac/i_6/i_561/C->Z
                         NOR3                     50.0     79.5   9502.0    rf     10.4   567,  575 
u_gemm/u_mac/i_6/i_559/C->Z
                         NOR3*                    69.5    506.0  10007.9    fr    132.2   567,  575 
u_gemm/u_mac/i_6/i_151/C->Z
                         NOR3                     92.7     88.5  10096.5    rf     10.4   567,  575 
u_gemm/u_mac/i_6/i_122/C->Z
                         NOR3*                    69.5    306.2  10402.6    fr     19.5   567,  575 
u_gemm/u_mac/i_6/i_120/A->Z
                         XNOR2                    83.5    268.3  10670.9    rf     10.0   567,  575 
u_gemm/u_mac/i_0_221/A->Z
                         AO22                     70.2    301.2  10972.1    ff     10.7   567,  575 
u_gemm/u_mac/acc3_reg[31]/DATA
                         DFF                      64.3      0.0  10972.1     f            567,  575 
----------------------------------------------------------------------------------------------------
