 Timing Path to u_gemm/u_mac/acc1_reg[30]/DATA 
  
 Path Start Point : u_gemm/u_mac/i_reg[0] (DFF) 
                       (rising edge-triggered flip-flop clocked by clk) 
 Path End Point   : u_gemm/u_mac/acc1_reg[30] (DFF) 
                       (rising edge-triggered flip-flop clocked by clk) 
 Mode             : default 
 Corner           : slow 
 Path Type        : max 
 Path Group       : clk 


-----------------------------------------------------------------------------------------
| Pin                            | Cell  | Edge | Arrival | Delay  | Slew   | Total Cap | 
|--------------------------------+-------+------+---------+--------+--------+-----------|
| u_gemm/u_mac/i_reg[0]/CLK      | DFF   | Rise |   986.0 |  986.0 | 318.0  |           | 
|--------------------------------+-------+------+---------+--------+--------+-----------|
| u_gemm/u_mac/i_reg[0]/Q        | DFF   | Rise |  2245.0 | 1259.0 | 748.0  | 221.63    | 
|--------------------------------+-------+------+---------+--------+--------+-----------|
| u_gemm/u_mac/i_0_416/B         | NAND3 | Rise |  2251.0 |    6.0 | 748.0  |           | 
|--------------------------------+-------+------+---------+--------+--------+-----------|
| u_gemm/u_mac/i_0_416/Z         | NAND3 | Fall |  2649.0 |  398.0 | 306.0  | 32.044    | 
|--------------------------------+-------+------+---------+--------+--------+-----------|
| u_gemm/u_mac/i_0_415/B         | NAND2 | Fall |  2650.0 |    1.0 | 306.0  |           | 
|--------------------------------+-------+------+---------+--------+--------+-----------|
| u_gemm/u_mac/i_0_415/Z         | NAND2 | Rise |  2831.0 |  181.0 | 110.0  | 17.6859   | 
|--------------------------------+-------+------+---------+--------+--------+-----------|
| u_gemm/u_mac/i_0_414/B         | XNOR2 | Rise |  2831.0 |    0.0 | 110.0  |           | 
|--------------------------------+-------+------+---------+--------+--------+-----------|
| u_gemm/u_mac/i_0_414/Z         | XNOR2 | Fall |  3187.0 |  356.0 | 100.0  | 34.0451   | 
|--------------------------------+-------+------+---------+--------+--------+-----------|
| u_gemm/u_mac/i_0_400/A         | XNOR2 | Fall |  3188.0 |    1.0 | 100.0  |           | 
|--------------------------------+-------+------+---------+--------+--------+-----------|
| u_gemm/u_mac/i_0_400/Z         | XNOR2 | Fall |  3611.0 |  423.0 | 103.0  | 37.8084   | 
|--------------------------------+-------+------+---------+--------+--------+-----------|
| u_gemm/u_mac/i_0_389/B         | XOR2  | Fall |  3612.0 |    1.0 | 103.0  |           | 
|--------------------------------+-------+------+---------+--------+--------+-----------|
| u_gemm/u_mac/i_0_389/Z         | XOR2  | Rise |  4425.0 |  813.0 | 785.0  | 113.616   | 
|--------------------------------+-------+------+---------+--------+--------+-----------|
| u_gemm/u_mac/a_raddr[2]        |       | Rise |  4425.0 |    0.0 |        |           | 
|--------------------------------+-------+------+---------+--------+--------+-----------|
| u_gemm/u_buf/a_raddr[2]        |       | Rise |  4425.0 |    0.0 |        |           | 
|--------------------------------+-------+------+---------+--------+--------+-----------|
| u_gemm/u_buf/i_2_263/A         | NAND2 | Rise |  4468.0 |   43.0 | 785.0  |           | 
|--------------------------------+-------+------+---------+--------+--------+-----------|
| u_gemm/u_buf/i_2_263/Z         | NAND2 | Fall |  4856.0 |  388.0 | 268.0  | 60.3787   | 
|--------------------------------+-------+------+---------+--------+--------+-----------|
| u_gemm/u_buf/i_2_262/C         | NOR3  | Fall |  4857.0 |    1.0 | 268.0  |           | 
|--------------------------------+-------+------+---------+--------+--------+-----------|
| u_gemm/u_buf/i_2_262/Z         | NOR3  | Rise |  5990.0 | 1133.0 | 945.0  | 89.7657   | 
|--------------------------------+-------+------+---------+--------+--------+-----------|
| u_gemm/u_buf/i_2_199/C         | AOI22 | Rise |  5993.0 |    3.0 | 945.0  |           | 
|--------------------------------+-------+------+---------+--------+--------+-----------|
| u_gemm/u_buf/i_2_199/Z         | AOI22 | Fall |  6221.0 |  228.0 | 296.0  | 17.0071   | 
|--------------------------------+-------+------+---------+--------+--------+-----------|
| u_gemm/u_buf/i_2_191/A         | NAND4 | Fall |  6221.0 |    0.0 | 296.0  |           | 
|--------------------------------+-------+------+---------+--------+--------+-----------|
| u_gemm/u_buf/i_2_191/Z         | NAND4 | Rise |  6414.0 |  193.0 | 150.0  | 27.4205   | 
|--------------------------------+-------+------+---------+--------+--------+-----------|
| u_gemm/u_buf/i_2_190/B         | NOR2  | Rise |  6416.0 |    2.0 | 150.0  |           | 
|--------------------------------+-------+------+---------+--------+--------+-----------|
| u_gemm/u_buf/i_2_190/Z         | NOR2  | Fall |  6558.0 |  142.0 | 101.0  | 44.2743   | 
|--------------------------------+-------+------+---------+--------+--------+-----------|
| u_gemm/u_buf/i_2_189/A         | INV   | Fall |  6563.0 |    5.0 | 101.0  |           | 
|--------------------------------+-------+------+---------+--------+--------+-----------|
| u_gemm/u_buf/i_2_189/Z         | INV   | Rise |  6907.0 |  344.0 | 303.0  | 189.845   | 
|--------------------------------+-------+------+---------+--------+--------+-----------|
| u_gemm/u_buf/a_rdata[3]        |       | Rise |  6907.0 |    0.0 |        |           | 
|--------------------------------+-------+------+---------+--------+--------+-----------|
| u_gemm/u_mac/a_rdata[3]        |       | Rise |  6907.0 |    0.0 |        |           | 
|--------------------------------+-------+------+---------+--------+--------+-----------|
| u_gemm/u_mac/i_10/a_rdata[3]   |       | Rise |  6907.0 |    0.0 |        |           | 
|--------------------------------+-------+------+---------+--------+--------+-----------|
| u_gemm/u_mac/i_10/i_210/A      | INV   | Rise |  6950.0 |   43.0 | 301.0  |           | 
|--------------------------------+-------+------+---------+--------+--------+-----------|
| u_gemm/u_mac/i_10/i_210/Z      | INV   | Fall |  7257.0 |  307.0 | 196.0  | 122.744   | 
|--------------------------------+-------+------+---------+--------+--------+-----------|
| u_gemm/u_mac/i_10/i_167/B      | NOR2  | Fall |  7268.0 |   11.0 | 196.0  |           | 
|--------------------------------+-------+------+---------+--------+--------+-----------|
| u_gemm/u_mac/i_10/i_167/Z      | NOR2  | Rise |  7462.0 |  194.0 | 108.0  | 18.202    | 
|--------------------------------+-------+------+---------+--------+--------+-----------|
| u_gemm/u_mac/i_10/i_39/A       | XNOR2 | Rise |  7462.0 |    0.0 | 108.0  |           | 
|--------------------------------+-------+------+---------+--------+--------+-----------|
| u_gemm/u_mac/i_10/i_39/Z       | XNOR2 | Fall |  7769.0 |  307.0 | 89.0   | 25.3007   | 
|--------------------------------+-------+------+---------+--------+--------+-----------|
| u_gemm/u_mac/i_10/i_341/D      | AOI22 | Fall |  7769.0 |    0.0 | 89.0   |           | 
|--------------------------------+-------+------+---------+--------+--------+-----------|
| u_gemm/u_mac/i_10/i_341/Z      | AOI22 | Rise |  8171.0 |  402.0 | 331.0  | 32.6816   | 
|--------------------------------+-------+------+---------+--------+--------+-----------|
| u_gemm/u_mac/i_10/i_339/B      | XNOR2 | Rise |  8171.0 |    0.0 | 331.0  |           | 
|--------------------------------+-------+------+---------+--------+--------+-----------|
| u_gemm/u_mac/i_10/i_339/Z      | XNOR2 | Fall |  8507.0 |  336.0 | 89.0   | 25.3653   | 
|--------------------------------+-------+------+---------+--------+--------+-----------|
| u_gemm/u_mac/i_10/i_390/B      | AOI22 | Fall |  8507.0 |    0.0 | 89.0   |           | 
|--------------------------------+-------+------+---------+--------+--------+-----------|
| u_gemm/u_mac/i_10/i_390/Z      | AOI22 | Rise |  8905.0 |  398.0 | 287.0  | 25.8142   | 
|--------------------------------+-------+------+---------+--------+--------+-----------|
| u_gemm/u_mac/i_10/i_389/A      | INV   | Rise |  8905.0 |    0.0 | 287.0  |           | 
|--------------------------------+-------+------+---------+--------+--------+-----------|
| u_gemm/u_mac/i_10/i_389/Z      | INV   | Fall |  8997.0 |   92.0 | 79.0   | 14.8629   | 
|--------------------------------+-------+------+---------+--------+--------+-----------|
| u_gemm/u_mac/i_10/i_387/B      | AOI22 | Fall |  8997.0 |    0.0 | 79.0   |           | 
|--------------------------------+-------+------+---------+--------+--------+-----------|
| u_gemm/u_mac/i_10/i_387/Z      | AOI22 | Rise |  9382.0 |  385.0 | 283.0  | 24.3504   | 
|--------------------------------+-------+------+---------+--------+--------+-----------|
| u_gemm/u_mac/i_10/i_386/B      | XNOR2 | Rise |  9382.0 |    0.0 | 283.0  |           | 
|--------------------------------+-------+------+---------+--------+--------+-----------|
| u_gemm/u_mac/i_10/i_386/Z      | XNOR2 | Fall |  9732.0 |  350.0 | 96.0   | 31.29     | 
|--------------------------------+-------+------+---------+--------+--------+-----------|
| u_gemm/u_mac/i_10/i_357/B      | NOR2  | Fall |  9732.0 |    0.0 | 96.0   |           | 
|--------------------------------+-------+------+---------+--------+--------+-----------|
| u_gemm/u_mac/i_10/i_357/Z      | NOR2  | Rise |  9915.0 |  183.0 | 127.0  | 30.4872   | 
|--------------------------------+-------+------+---------+--------+--------+-----------|
| u_gemm/u_mac/i_10/i_355/A      | INV   | Rise |  9915.0 |    0.0 | 127.0  |           | 
|--------------------------------+-------+------+---------+--------+--------+-----------|
| u_gemm/u_mac/i_10/i_355/Z      | INV   | Fall | 10025.0 |  110.0 | 67.0   | 30.6682   | 
|--------------------------------+-------+------+---------+--------+--------+-----------|
| u_gemm/u_mac/i_10/i_250/B      | NAND2 | Fall | 10025.0 |    0.0 | 67.0   |           | 
|--------------------------------+-------+------+---------+--------+--------+-----------|
| u_gemm/u_mac/i_10/i_250/Z      | NAND2 | Rise | 10160.0 |  135.0 | 90.0   | 37.1025   | 
|--------------------------------+-------+------+---------+--------+--------+-----------|
| u_gemm/u_mac/i_10/i_246/B      | NAND2 | Rise | 10160.0 |    0.0 | 90.0   |           | 
|--------------------------------+-------+------+---------+--------+--------+-----------|
| u_gemm/u_mac/i_10/i_246/Z      | NAND2 | Fall | 10253.0 |   93.0 | 50.0   | 7.87211   | 
|--------------------------------+-------+------+---------+--------+--------+-----------|
| u_gemm/u_mac/i_10/i_245/B      | AOI22 | Fall | 10253.0 |    0.0 | 50.0   |           | 
|--------------------------------+-------+------+---------+--------+--------+-----------|
| u_gemm/u_mac/i_10/i_245/Z      | AOI22 | Rise | 10643.0 |  390.0 | 289.0  | 26.323    | 
|--------------------------------+-------+------+---------+--------+--------+-----------|
| u_gemm/u_mac/i_10/i_244/A      | INV   | Rise | 10644.0 |    1.0 | 289.0  |           | 
|--------------------------------+-------+------+---------+--------+--------+-----------|
| u_gemm/u_mac/i_10/i_244/Z      | INV   | Fall | 10738.0 |   94.0 | 81.0   | 15.8369   | 
|--------------------------------+-------+------+---------+--------+--------+-----------|
| u_gemm/u_mac/i_10/i_243/D      | AOI22 | Fall | 10738.0 |    0.0 | 81.0   |           | 
|--------------------------------+-------+------+---------+--------+--------+-----------|
| u_gemm/u_mac/i_10/i_243/Z      | AOI22 | Rise | 11076.0 |  338.0 | 276.0  | 23.9405   | 
|--------------------------------+-------+------+---------+--------+--------+-----------|
| u_gemm/u_mac/i_10/i_242/A      | INV   | Rise | 11076.0 |    0.0 | 276.0  |           | 
|--------------------------------+-------+------+---------+--------+--------+-----------|
| u_gemm/u_mac/i_10/i_242/Z      | INV   | Fall | 11194.0 |  118.0 | 91.0   | 25.3616   | 
|--------------------------------+-------+------+---------+--------+--------+-----------|
| u_gemm/u_mac/i_10/i_239/A      | NAND2 | Fall | 11194.0 |    0.0 | 91.0   |           | 
|--------------------------------+-------+------+---------+--------+--------+-----------|
| u_gemm/u_mac/i_10/i_239/Z      | NAND2 | Rise | 11316.0 |  122.0 | 79.0   | 30.0736   | 
|--------------------------------+-------+------+---------+--------+--------+-----------|
| u_gemm/u_mac/i_10/i_238/B      | NAND2 | Rise | 11316.0 |    0.0 | 79.0   |           | 
|--------------------------------+-------+------+---------+--------+--------+-----------|
| u_gemm/u_mac/i_10/i_238/Z      | NAND2 | Fall | 11434.0 |  118.0 | 78.0   | 20.0259   | 
|--------------------------------+-------+------+---------+--------+--------+-----------|
| u_gemm/u_mac/i_10/i_237/B      | NAND2 | Fall | 11435.0 |    1.0 | 78.0   |           | 
|--------------------------------+-------+------+---------+--------+--------+-----------|
| u_gemm/u_mac/i_10/i_237/Z      | NAND2 | Rise | 11540.0 |  105.0 | 66.0   | 15.4749   | 
|--------------------------------+-------+------+---------+--------+--------+-----------|
| u_gemm/u_mac/i_10/i_236/B      | NAND2 | Rise | 11540.0 |    0.0 | 66.0   |           | 
|--------------------------------+-------+------+---------+--------+--------+-----------|
| u_gemm/u_mac/i_10/i_236/Z      | NAND2 | Fall | 11722.0 |  182.0 | 122.0  | 52.4701   | 
|--------------------------------+-------+------+---------+--------+--------+-----------|
| u_gemm/u_mac/i_10/i_447/C      | NAND3 | Fall | 11726.0 |    4.0 | 122.0  |           | 
|--------------------------------+-------+------+---------+--------+--------+-----------|
| u_gemm/u_mac/i_10/i_447/Z      | NAND3 | Rise | 12006.0 |  280.0 | 195.0  | 38.5303   | 
|--------------------------------+-------+------+---------+--------+--------+-----------|
| u_gemm/u_mac/i_10/i_446/B      | NAND2 | Rise | 12009.0 |    3.0 | 195.0  |           | 
|--------------------------------+-------+------+---------+--------+--------+-----------|
| u_gemm/u_mac/i_10/i_446/Z      | NAND2 | Fall | 12172.0 |  163.0 | 102.0  | 31.6802   | 
|--------------------------------+-------+------+---------+--------+--------+-----------|
| u_gemm/u_mac/i_10/i_594/A      | INV   | Fall | 12172.0 |    0.0 | 102.0  |           | 
|--------------------------------+-------+------+---------+--------+--------+-----------|
| u_gemm/u_mac/i_10/i_594/Z      | INV   | Rise | 12276.0 |  104.0 | 60.0   | 23.205    | 
|--------------------------------+-------+------+---------+--------+--------+-----------|
| u_gemm/u_mac/i_10/i_561/C      | NOR3  | Rise | 12276.0 |    0.0 | 60.0   |           | 
|--------------------------------+-------+------+---------+--------+--------+-----------|
| u_gemm/u_mac/i_10/i_561/Z      | NOR3  | Fall | 12358.0 |   82.0 | 80.0   | 10.4118   | 
|--------------------------------+-------+------+---------+--------+--------+-----------|
| u_gemm/u_mac/i_10/i_559/C      | NOR3  | Fall | 12358.0 |    0.0 | 80.0   |           | 
|--------------------------------+-------+------+---------+--------+--------+-----------|
| u_gemm/u_mac/i_10/i_559/Z      | NOR3  | Rise | 13839.0 | 1481.0 | 1388.0 | 136.477   | 
|--------------------------------+-------+------+---------+--------+--------+-----------|
| u_gemm/u_mac/i_10/i_119/A      | NOR2  | Rise | 13860.0 |   21.0 | 1388.0 |           | 
|--------------------------------+-------+------+---------+--------+--------+-----------|
| u_gemm/u_mac/i_10/i_119/Z      | NOR2  | Fall | 13967.0 |  107.0 | 284.0  | 8.06673   | 
|--------------------------------+-------+------+---------+--------+--------+-----------|
| u_gemm/u_mac/i_10/i_116/C      | NOR3  | Fall | 13967.0 |    0.0 | 284.0  |           | 
|--------------------------------+-------+------+---------+--------+--------+-----------|
| u_gemm/u_mac/i_10/i_116/Z      | NOR3  | Rise | 14429.0 |  462.0 | 306.0  | 21.1521   | 
|--------------------------------+-------+------+---------+--------+--------+-----------|
| u_gemm/u_mac/i_10/i_114/A      | XNOR2 | Rise | 14429.0 |    0.0 | 306.0  |           | 
|--------------------------------+-------+------+---------+--------+--------+-----------|
| u_gemm/u_mac/i_10/i_114/Z      | XNOR2 | Fall | 14699.0 |  270.0 | 68.0   | 8.50174   | 
|--------------------------------+-------+------+---------+--------+--------+-----------|
| u_gemm/u_mac/i_10/p_0[30]      |       | Fall | 14699.0 |    0.0 |        |           | 
|--------------------------------+-------+------+---------+--------+--------+-----------|
| u_gemm/u_mac/i_0_156/A         | AO22  | Fall | 14699.0 |    0.0 | 68.0   |           | 
|--------------------------------+-------+------+---------+--------+--------+-----------|
| u_gemm/u_mac/i_0_156/Z         | AO22  | Fall | 14999.0 |  300.0 | 67.0   | 10.4628   | 
|--------------------------------+-------+------+---------+--------+--------+-----------|
| u_gemm/u_mac/acc1_reg[30]/DATA | DFF   | Fall | 14999.0 |    0.0 | 67.0   |           | 
-----------------------------------------------------------------------------------------


----------------------------------------------------------------
|                                         | Time     | Total   | 
|-----------------------------------------+----------+---------|
| target clock clk (rise edge)            |      0.0 |     0.0 | 
|-----------------------------------------+----------+---------|
| target clock cycle shift                |  15000.0 | 15000.0 | 
|-----------------------------------------+----------+---------|
| target clock propagated network latency |    909.0 | 15909.0 | 
|-----------------------------------------+----------+---------|
| library setup check                     |   -232.0 | 15677.0 | 
|-----------------------------------------+----------+---------|
| data required time                      |  15677.0 |         | 
|-----------------------------------------+----------+---------|
|                                         |          |         | 
|-----------------------------------------+----------+---------|
| data required time                      |  15677.0 |         | 
|-----------------------------------------+----------+---------|
| data arrival time                       | -14999.0 |         | 
|-----------------------------------------+----------+---------|
| pessimism                               |      7.0 |         | 
|-----------------------------------------+----------+---------|
|                                         |          |         | 
|-----------------------------------------+----------+---------|
| slack                                   |    685.0 |         | 
----------------------------------------------------------------


info UI33: performed report_timing for 0 sec (CPU time: 0 sec; MEM: RSS - 713M, CVMEM - 1932M, PVMEM - 2062M)
